This file contains any messages produced by compilers while
running configure, to aid debugging if configure makes a mistake.

It was created by Clp configure 1.16.10, which was
generated by GNU Autoconf 2.59.  Invocation command line was

  $ ./configure --prefix=/home/mf/Cbc-2.9.8 --cache-file=/dev/null --srcdir=.

## --------- ##
## Platform. ##
## --------- ##

hostname = siili
uname -m = x86_64
uname -r = 4.15.0-36-generic
uname -s = Linux
uname -v = #39-Ubuntu SMP Mon Sep 24 16:19:09 UTC 2018

/usr/bin/uname -p = unknown
/bin/uname -X     = unknown

/bin/arch              = unknown
/usr/bin/arch -k       = unknown
/usr/convex/getsysinfo = unknown
hostinfo               = unknown
/bin/machine           = unknown
/usr/bin/oslevel       = unknown
/bin/universe          = unknown

PATH: /home/mf/miniconda3/envs/optimization/bin
PATH: /home/mf/miniconda3/bin
PATH: /home/mf/.local/bin
PATH: /usr/local/sbin
PATH: /usr/local/bin
PATH: /usr/sbin
PATH: /usr/bin
PATH: /sbin
PATH: /bin
PATH: /usr/games
PATH: /usr/local/games
PATH: /snap/bin


## ----------- ##
## Core tests. ##
## ----------- ##

configure:1716: checking build system type
configure:1734: result: x86_64-unknown-linux-gnu
configure:1807: checking for svnversion
configure:1823: found /usr/bin/svnversion
configure:1834: result: yes
configure:1864: checking whether we want to compile in debug mode
configure:1910: result: no
configure:2160: checking for gcc
configure:2176: found /usr/bin/gcc
configure:2186: result: gcc
configure:2207: checking for C compiler version
configure:2210: gcc --version </dev/null >&5
gcc (Ubuntu 7.3.0-27ubuntu1~18.04) 7.3.0
Copyright (C) 2017 Free Software Foundation, Inc.
This is free software; see the source for copying conditions.  There is NO
warranty; not even for MERCHANTABILITY or FITNESS FOR A PARTICULAR PURPOSE.

configure:2213: $? = 0
configure:2215: gcc -v </dev/null >&5
Using built-in specs.
COLLECT_GCC=gcc
COLLECT_LTO_WRAPPER=/usr/lib/gcc/x86_64-linux-gnu/7/lto-wrapper
OFFLOAD_TARGET_NAMES=nvptx-none
OFFLOAD_TARGET_DEFAULT=1
Target: x86_64-linux-gnu
Configured with: ../src/configure -v --with-pkgversion='Ubuntu 7.3.0-27ubuntu1~18.04' --with-bugurl=file:///usr/share/doc/gcc-7/README.Bugs --enable-languages=c,ada,c++,go,brig,d,fortran,objc,obj-c++ --prefix=/usr --with-gcc-major-version-only --program-suffix=-7 --program-prefix=x86_64-linux-gnu- --enable-shared --enable-linker-build-id --libexecdir=/usr/lib --without-included-gettext --enable-threads=posix --libdir=/usr/lib --enable-nls --with-sysroot=/ --enable-clocale=gnu --enable-libstdcxx-debug --enable-libstdcxx-time=yes --with-default-libstdcxx-abi=new --enable-gnu-unique-object --disable-vtable-verify --enable-libmpx --enable-plugin --enable-default-pie --with-system-zlib --with-target-system-zlib --enable-objc-gc=auto --enable-multiarch --disable-werror --with-arch-32=i686 --with-abi=m64 --with-multilib-list=m32,m64,mx32 --enable-multilib --with-tune=generic --enable-offload-targets=nvptx-none --without-cuda-driver --enable-checking=release --build=x86_64-linux-gnu --host=x86_64-linux-gnu --target=x86_64-linux-gnu
Thread model: posix
gcc version 7.3.0 (Ubuntu 7.3.0-27ubuntu1~18.04) 
configure:2218: $? = 0
configure:2220: gcc -V </dev/null >&5
gcc: error: unrecognized command line option '-V'
gcc: fatal error: no input files
compilation terminated.
configure:2223: $? = 1
configure:2246: checking for C compiler default output file name
configure:2249: gcc    conftest.c  >&5
configure:2252: $? = 0
configure:2298: result: a.out
configure:2303: checking whether the C compiler works
configure:2309: ./a.out
configure:2312: $? = 0
configure:2329: result: yes
configure:2336: checking whether we are cross compiling
configure:2338: result: no
configure:2341: checking for suffix of executables
configure:2343: gcc -o conftest    conftest.c  >&5
configure:2346: $? = 0
configure:2371: result: 
configure:2377: checking for suffix of object files
configure:2398: gcc -c   conftest.c >&5
configure:2401: $? = 0
configure:2423: result: o
configure:2427: checking whether we are using the GNU C compiler
configure:2451: gcc -c   conftest.c >&5
configure:2457: $? = 0
configure:2461: test -z 
			 || test ! -s conftest.err
configure:2464: $? = 0
configure:2467: test -s conftest.o
configure:2470: $? = 0
configure:2483: result: yes
configure:2489: checking whether gcc accepts -g
configure:2510: gcc -c -g  conftest.c >&5
configure:2516: $? = 0
configure:2520: test -z 
			 || test ! -s conftest.err
configure:2523: $? = 0
configure:2526: test -s conftest.o
configure:2529: $? = 0
configure:2540: result: yes
configure:2557: checking for gcc option to accept ANSI C
configure:2627: gcc  -c -g -O2  conftest.c >&5
configure:2633: $? = 0
configure:2637: test -z 
			 || test ! -s conftest.err
configure:2640: $? = 0
configure:2643: test -s conftest.o
configure:2646: $? = 0
configure:2664: result: none needed
configure:2682: gcc -c -g -O2  conftest.c >&5
conftest.c:2:3: error: unknown type name 'choke'
   choke me
   ^~~~~
conftest.c:2:3: error: expected '=', ',', ';', 'asm' or '__attribute__' at end of input
configure:2688: $? = 1
configure: failed program was:
| #ifndef __cplusplus
|   choke me
| #endif
configure:3116: gcc -o conftest -O3 -pipe -DNDEBUG -pedantic-errors -Wimplicit -Wparentheses -Wsequence-point -Wreturn-type -Wcast-qual -Wall -Wno-unknown-pragmas -Wno-long-long   -DCLP_BUILD   conftest.c  >&5
configure:3122: $? = 0
configure:3126: test -z 
			 || test ! -s conftest.err
configure:3129: $? = 0
configure:3132: test -s conftest
configure:3135: $? = 0
configure:3202: C compiler options are: -O3 -pipe -DNDEBUG -pedantic-errors -Wimplicit -Wparentheses -Wsequence-point -Wreturn-type -Wcast-qual -Wall -Wno-unknown-pragmas -Wno-long-long   -DCLP_BUILD
configure:3317: checking for g++
configure:3333: found /usr/bin/g++
configure:3343: result: g++
configure:3359: checking for C++ compiler version
configure:3362: g++ --version </dev/null >&5
g++ (Ubuntu 7.3.0-27ubuntu1~18.04) 7.3.0
Copyright (C) 2017 Free Software Foundation, Inc.
This is free software; see the source for copying conditions.  There is NO
warranty; not even for MERCHANTABILITY or FITNESS FOR A PARTICULAR PURPOSE.

configure:3365: $? = 0
configure:3367: g++ -v </dev/null >&5
Using built-in specs.
COLLECT_GCC=g++
COLLECT_LTO_WRAPPER=/usr/lib/gcc/x86_64-linux-gnu/7/lto-wrapper
OFFLOAD_TARGET_NAMES=nvptx-none
OFFLOAD_TARGET_DEFAULT=1
Target: x86_64-linux-gnu
Configured with: ../src/configure -v --with-pkgversion='Ubuntu 7.3.0-27ubuntu1~18.04' --with-bugurl=file:///usr/share/doc/gcc-7/README.Bugs --enable-languages=c,ada,c++,go,brig,d,fortran,objc,obj-c++ --prefix=/usr --with-gcc-major-version-only --program-suffix=-7 --program-prefix=x86_64-linux-gnu- --enable-shared --enable-linker-build-id --libexecdir=/usr/lib --without-included-gettext --enable-threads=posix --libdir=/usr/lib --enable-nls --with-sysroot=/ --enable-clocale=gnu --enable-libstdcxx-debug --enable-libstdcxx-time=yes --with-default-libstdcxx-abi=new --enable-gnu-unique-object --disable-vtable-verify --enable-libmpx --enable-plugin --enable-default-pie --with-system-zlib --with-target-system-zlib --enable-objc-gc=auto --enable-multiarch --disable-werror --with-arch-32=i686 --with-abi=m64 --with-multilib-list=m32,m64,mx32 --enable-multilib --with-tune=generic --enable-offload-targets=nvptx-none --without-cuda-driver --enable-checking=release --build=x86_64-linux-gnu --host=x86_64-linux-gnu --target=x86_64-linux-gnu
Thread model: posix
gcc version 7.3.0 (Ubuntu 7.3.0-27ubuntu1~18.04) 
configure:3370: $? = 0
configure:3372: g++ -V </dev/null >&5
g++: error: unrecognized command line option '-V'
g++: fatal error: no input files
compilation terminated.
configure:3375: $? = 1
configure:3378: checking whether we are using the GNU C++ compiler
configure:3402: g++ -c   conftest.cc >&5
configure:3408: $? = 0
configure:3412: test -z 
			 || test ! -s conftest.err
configure:3415: $? = 0
configure:3418: test -s conftest.o
configure:3421: $? = 0
configure:3434: result: yes
configure:3440: checking whether g++ accepts -g
configure:3461: g++ -c -g  conftest.cc >&5
configure:3467: $? = 0
configure:3471: test -z 
			 || test ! -s conftest.err
configure:3474: $? = 0
configure:3477: test -s conftest.o
configure:3480: $? = 0
configure:3491: result: yes
configure:3533: g++ -c -g -O2  conftest.cc >&5
configure:3539: $? = 0
configure:3543: test -z 
			 || test ! -s conftest.err
configure:3546: $? = 0
configure:3549: test -s conftest.o
configure:3552: $? = 0
configure:3578: g++ -c -g -O2  conftest.cc >&5
conftest.cc: In function 'int main()':
conftest.cc:20:1: error: 'exit' was not declared in this scope
 exit (42);
 ^~~~
configure:3584: $? = 1
configure: failed program was:
| /* confdefs.h.  */
| 
| #define PACKAGE_NAME "Clp"
| #define PACKAGE_TARNAME "clp"
| #define PACKAGE_VERSION "1.16.10"
| #define PACKAGE_STRING "Clp 1.16.10"
| #define PACKAGE_BUGREPORT "clp@list.coin-or.org"
| #define CLP_VERSION "1.16.10"
| #define CLP_VERSION_MAJOR 1
| #define CLP_VERSION_MINOR 16
| #define CLP_VERSION_RELEASE 10
| #define CLP_SVN_REV 2358
| #define COIN_CLP_VERBOSITY 0
| #define COIN_CLP_CHECKLEVEL 0
| /* end confdefs.h.  */
| 
| int
| main ()
| {
| exit (42);
|   ;
|   return 0;
| }
configure:3533: g++ -c -g -O2  conftest.cc >&5
configure:3539: $? = 0
configure:3543: test -z 
			 || test ! -s conftest.err
configure:3546: $? = 0
configure:3549: test -s conftest.o
configure:3552: $? = 0
configure:3578: g++ -c -g -O2  conftest.cc >&5
configure:3584: $? = 0
configure:3588: test -z 
			 || test ! -s conftest.err
configure:3591: $? = 0
configure:3594: test -s conftest.o
configure:3597: $? = 0
configure:3629: checking whether C++ compiler g++ works
configure:3647: g++ -c -g -O2  conftest.cc >&5
configure:3653: $? = 0
configure:3657: test -z 
			 || test ! -s conftest.err
configure:3660: $? = 0
configure:3663: test -s conftest.o
configure:3666: $? = 0
configure:3668: result: yes
configure:3996: g++ -o conftest -O3 -pipe -DNDEBUG -pedantic-errors -Wparentheses -Wreturn-type -Wcast-qual -Wall -Wpointer-arith -Wwrite-strings -Wconversion -Wno-unknown-pragmas -Wno-long-long   -DCLP_BUILD   conftest.cc  >&5
configure:4002: $? = 0
configure:4006: test -z 
			 || test ! -s conftest.err
configure:4009: $? = 0
configure:4012: test -s conftest
configure:4015: $? = 0
configure:4082: C++ compiler options are: -O3 -pipe -DNDEBUG -pedantic-errors -Wparentheses -Wreturn-type -Wcast-qual -Wall -Wpointer-arith -Wwrite-strings -Wconversion -Wno-unknown-pragmas -Wno-long-long   -DCLP_BUILD
configure:4201: checking for egrep
configure:4211: result: grep -E
configure:4216: checking whether ln -s works
configure:4220: result: yes
configure:4241: checking for a BSD-compatible install
configure:4296: result: /usr/bin/install -c
configure:4307: checking whether build environment is sane
configure:4350: result: yes
configure:4415: checking for gawk
configure:4444: result: no
configure:4415: checking for mawk
configure:4431: found /usr/bin/mawk
configure:4441: result: mawk
configure:4451: checking whether make sets $(MAKE)
configure:4471: result: yes
configure:4501: checking for style of include used by make
configure:4529: result: GNU
configure:4710: checking dependency style of gcc
configure:4800: result: gcc3
configure:4819: checking dependency style of g++
configure:4909: result: gcc3
configure:4927: checking whether to enable maintainer-specific portions of Makefiles
configure:4936: result: no
configure:20434: Using libtool script in directory ..
configure:20533: checking if library version is set
configure:20537: result: 14:10:13
configure:20610: checking for pkg-config
configure:20639: result: no
configure:20750: checking for COIN-OR package CoinUtils
configure:20932: result: skipped check via pkg-config, redirect to fallback
configure:20935: checking for COIN-OR package CoinUtils (fallback)
configure:21131: result: yes
configure:21265: checking for COIN-OR package Osi
configure:21447: result: skipped check via pkg-config, redirect to fallback
configure:21450: checking for COIN-OR package Osi (fallback)
configure:21646: result: yes
configure:21775: checking for COIN-OR package OsiTests
configure:21942: result: skipped check via pkg-config, redirect to fallback
configure:21945: checking for COIN-OR package OsiTests (fallback)
configure:22141: result: yes
configure:22255: checking for COIN-OR package Sample
configure:22422: result: skipped check via pkg-config, redirect to fallback
configure:22425: checking for COIN-OR package Sample (fallback)
configure:22621: result: yes
configure:22735: checking for COIN-OR package Netlib
configure:22902: result: skipped check via pkg-config, redirect to fallback
configure:22905: checking for COIN-OR package Netlib (fallback)
configure:22971: result: no, dependency coindatanetlib not available
configure:23265: checking if user provides library for AMD
configure:23310: result: no
configure:23458: checking if user provides library for CHOLMOD
configure:23503: result: no
configure:23649: checking for COIN-OR package Glpk
configure:23831: result: skipped check via pkg-config, redirect to fallback
configure:23834: checking for COIN-OR package Glpk (fallback)
configure:23900: result: no, dependency coinglpk not available
configure:24183: checking for COIN-OR package Mumps
configure:24365: result: skipped check via pkg-config, redirect to fallback
configure:24368: checking for COIN-OR package Mumps (fallback)
configure:24434: result: no, dependency coinmumps not available
configure:29735: checking for COIN-OR package ASL
configure:29917: result: skipped check via pkg-config, redirect to fallback
configure:29920: checking for COIN-OR package ASL (fallback)
configure:29986: result: no, dependency coinasl not available
configure:30606: checking cmath usability
configure:30618: g++ -c -O3 -pipe -DNDEBUG -pedantic-errors -Wparentheses -Wreturn-type -Wcast-qual -Wall -Wpointer-arith -Wwrite-strings -Wconversion -Wno-unknown-pragmas -Wno-long-long   -DCLP_BUILD  conftest.cc >&5
configure:30624: $? = 0
configure:30628: test -z 
			 || test ! -s conftest.err
configure:30631: $? = 0
configure:30634: test -s conftest.o
configure:30637: $? = 0
configure:30647: result: yes
configure:30651: checking cmath presence
configure:30661: g++ -E  conftest.cc
configure:30667: $? = 0
configure:30687: result: yes
configure:30722: checking for cmath
configure:30729: result: yes
configure:30935: checking cfloat usability
configure:30947: g++ -c -O3 -pipe -DNDEBUG -pedantic-errors -Wparentheses -Wreturn-type -Wcast-qual -Wall -Wpointer-arith -Wwrite-strings -Wconversion -Wno-unknown-pragmas -Wno-long-long   -DCLP_BUILD  conftest.cc >&5
configure:30953: $? = 0
configure:30957: test -z 
			 || test ! -s conftest.err
configure:30960: $? = 0
configure:30963: test -s conftest.o
configure:30966: $? = 0
configure:30976: result: yes
configure:30980: checking cfloat presence
configure:30990: g++ -E  conftest.cc
configure:30996: $? = 0
configure:31016: result: yes
configure:31051: checking for cfloat
configure:31058: result: yes
configure:31264: checking cieeefp usability
configure:31276: g++ -c -O3 -pipe -DNDEBUG -pedantic-errors -Wparentheses -Wreturn-type -Wcast-qual -Wall -Wpointer-arith -Wwrite-strings -Wconversion -Wno-unknown-pragmas -Wno-long-long   -DCLP_BUILD  conftest.cc >&5
conftest.cc:75:10: fatal error: cieeefp: No such file or directory
 #include <cieeefp>
          ^~~~~~~~~
compilation terminated.
configure:31282: $? = 1
configure: failed program was:
| /* confdefs.h.  */
| 
| #define PACKAGE_NAME "Clp"
| #define PACKAGE_TARNAME "clp"
| #define PACKAGE_VERSION "1.16.10"
| #define PACKAGE_STRING "Clp 1.16.10"
| #define PACKAGE_BUGREPORT "clp@list.coin-or.org"
| #define CLP_VERSION "1.16.10"
| #define CLP_VERSION_MAJOR 1
| #define CLP_VERSION_MINOR 16
| #define CLP_VERSION_RELEASE 10
| #define CLP_SVN_REV 2358
| #define COIN_CLP_VERBOSITY 0
| #define COIN_CLP_CHECKLEVEL 0
| #ifdef __cplusplus
| extern "C" void std::exit (int) throw (); using std::exit;
| #endif
| #define PACKAGE "clp"
| #define VERSION "1.16.10"
| #define HAVE_SYS_TYPES_H 1
| #define HAVE_SYS_STAT_H 1
| #define HAVE_STDLIB_H 1
| #define HAVE_STRING_H 1
| #define HAVE_MEMORY_H 1
| #define HAVE_STRINGS_H 1
| #define HAVE_INTTYPES_H 1
| #define HAVE_STDINT_H 1
| #define HAVE_UNISTD_H 1
| #define HAVE_DLFCN_H 1
| #define COIN_HAS_COINUTILS 1
| #define COIN_HAS_COINUTILS 1
| #define COIN_HAS_OSI 1
| #define COIN_HAS_OSI 1
| #define COIN_HAS_OSITESTS 1
| #define COIN_HAS_OSITESTS 1
| #define COIN_HAS_SAMPLE 1
| #define COIN_HAS_SAMPLE 1
| #define HAVE_CMATH 1
| #define HAVE_CFLOAT 1
| /* end confdefs.h.  */
| #include <stdio.h>
| #if HAVE_SYS_TYPES_H
| # include <sys/types.h>
| #endif
| #if HAVE_SYS_STAT_H
| # include <sys/stat.h>
| #endif
| #if STDC_HEADERS
| # include <stdlib.h>
| # include <stddef.h>
| #else
| # if HAVE_STDLIB_H
| #  include <stdlib.h>
| # endif
| #endif
| #if HAVE_STRING_H
| # if !STDC_HEADERS && HAVE_MEMORY_H
| #  include <memory.h>
| # endif
| # include <string.h>
| #endif
| #if HAVE_STRINGS_H
| # include <strings.h>
| #endif
| #if HAVE_INTTYPES_H
| # include <inttypes.h>
| #else
| # if HAVE_STDINT_H
| #  include <stdint.h>
| # endif
| #endif
| #if HAVE_UNISTD_H
| # include <unistd.h>
| #endif
| #include <cieeefp>
configure:31305: result: no
configure:31309: checking cieeefp presence
configure:31319: g++ -E  conftest.cc
conftest.cc:41:10: fatal error: cieeefp: No such file or directory
 #include <cieeefp>
          ^~~~~~~~~
compilation terminated.
configure:31325: $? = 1
configure: failed program was:
| /* confdefs.h.  */
| 
| #define PACKAGE_NAME "Clp"
| #define PACKAGE_TARNAME "clp"
| #define PACKAGE_VERSION "1.16.10"
| #define PACKAGE_STRING "Clp 1.16.10"
| #define PACKAGE_BUGREPORT "clp@list.coin-or.org"
| #define CLP_VERSION "1.16.10"
| #define CLP_VERSION_MAJOR 1
| #define CLP_VERSION_MINOR 16
| #define CLP_VERSION_RELEASE 10
| #define CLP_SVN_REV 2358
| #define COIN_CLP_VERBOSITY 0
| #define COIN_CLP_CHECKLEVEL 0
| #ifdef __cplusplus
| extern "C" void std::exit (int) throw (); using std::exit;
| #endif
| #define PACKAGE "clp"
| #define VERSION "1.16.10"
| #define HAVE_SYS_TYPES_H 1
| #define HAVE_SYS_STAT_H 1
| #define HAVE_STDLIB_H 1
| #define HAVE_STRING_H 1
| #define HAVE_MEMORY_H 1
| #define HAVE_STRINGS_H 1
| #define HAVE_INTTYPES_H 1
| #define HAVE_STDINT_H 1
| #define HAVE_UNISTD_H 1
| #define HAVE_DLFCN_H 1
| #define COIN_HAS_COINUTILS 1
| #define COIN_HAS_COINUTILS 1
| #define COIN_HAS_OSI 1
| #define COIN_HAS_OSI 1
| #define COIN_HAS_OSITESTS 1
| #define COIN_HAS_OSITESTS 1
| #define COIN_HAS_SAMPLE 1
| #define COIN_HAS_SAMPLE 1
| #define HAVE_CMATH 1
| #define HAVE_CFLOAT 1
| /* end confdefs.h.  */
| #include <cieeefp>
configure:31345: result: no
configure:31380: checking for cieeefp
configure:31387: result: no
configure:31422: checking ieeefp.h usability
configure:31434: g++ -c -O3 -pipe -DNDEBUG -pedantic-errors -Wparentheses -Wreturn-type -Wcast-qual -Wall -Wpointer-arith -Wwrite-strings -Wconversion -Wno-unknown-pragmas -Wno-long-long   -DCLP_BUILD  conftest.cc >&5
conftest.cc:75:10: fatal error: ieeefp.h: No such file or directory
 #include <ieeefp.h>
          ^~~~~~~~~~
compilation terminated.
configure:31440: $? = 1
configure: failed program was:
| /* confdefs.h.  */
| 
| #define PACKAGE_NAME "Clp"
| #define PACKAGE_TARNAME "clp"
| #define PACKAGE_VERSION "1.16.10"
| #define PACKAGE_STRING "Clp 1.16.10"
| #define PACKAGE_BUGREPORT "clp@list.coin-or.org"
| #define CLP_VERSION "1.16.10"
| #define CLP_VERSION_MAJOR 1
| #define CLP_VERSION_MINOR 16
| #define CLP_VERSION_RELEASE 10
| #define CLP_SVN_REV 2358
| #define COIN_CLP_VERBOSITY 0
| #define COIN_CLP_CHECKLEVEL 0
| #ifdef __cplusplus
| extern "C" void std::exit (int) throw (); using std::exit;
| #endif
| #define PACKAGE "clp"
| #define VERSION "1.16.10"
| #define HAVE_SYS_TYPES_H 1
| #define HAVE_SYS_STAT_H 1
| #define HAVE_STDLIB_H 1
| #define HAVE_STRING_H 1
| #define HAVE_MEMORY_H 1
| #define HAVE_STRINGS_H 1
| #define HAVE_INTTYPES_H 1
| #define HAVE_STDINT_H 1
| #define HAVE_UNISTD_H 1
| #define HAVE_DLFCN_H 1
| #define COIN_HAS_COINUTILS 1
| #define COIN_HAS_COINUTILS 1
| #define COIN_HAS_OSI 1
| #define COIN_HAS_OSI 1
| #define COIN_HAS_OSITESTS 1
| #define COIN_HAS_OSITESTS 1
| #define COIN_HAS_SAMPLE 1
| #define COIN_HAS_SAMPLE 1
| #define HAVE_CMATH 1
| #define HAVE_CFLOAT 1
| /* end confdefs.h.  */
| #include <stdio.h>
| #if HAVE_SYS_TYPES_H
| # include <sys/types.h>
| #endif
| #if HAVE_SYS_STAT_H
| # include <sys/stat.h>
| #endif
| #if STDC_HEADERS
| # include <stdlib.h>
| # include <stddef.h>
| #else
| # if HAVE_STDLIB_H
| #  include <stdlib.h>
| # endif
| #endif
| #if HAVE_STRING_H
| # if !STDC_HEADERS && HAVE_MEMORY_H
| #  include <memory.h>
| # endif
| # include <string.h>
| #endif
| #if HAVE_STRINGS_H
| # include <strings.h>
| #endif
| #if HAVE_INTTYPES_H
| # include <inttypes.h>
| #else
| # if HAVE_STDINT_H
| #  include <stdint.h>
| # endif
| #endif
| #if HAVE_UNISTD_H
| # include <unistd.h>
| #endif
| #include <ieeefp.h>
configure:31463: result: no
configure:31467: checking ieeefp.h presence
configure:31477: g++ -E  conftest.cc
conftest.cc:41:10: fatal error: ieeefp.h: No such file or directory
 #include <ieeefp.h>
          ^~~~~~~~~~
compilation terminated.
configure:31483: $? = 1
configure: failed program was:
| /* confdefs.h.  */
| 
| #define PACKAGE_NAME "Clp"
| #define PACKAGE_TARNAME "clp"
| #define PACKAGE_VERSION "1.16.10"
| #define PACKAGE_STRING "Clp 1.16.10"
| #define PACKAGE_BUGREPORT "clp@list.coin-or.org"
| #define CLP_VERSION "1.16.10"
| #define CLP_VERSION_MAJOR 1
| #define CLP_VERSION_MINOR 16
| #define CLP_VERSION_RELEASE 10
| #define CLP_SVN_REV 2358
| #define COIN_CLP_VERBOSITY 0
| #define COIN_CLP_CHECKLEVEL 0
| #ifdef __cplusplus
| extern "C" void std::exit (int) throw (); using std::exit;
| #endif
| #define PACKAGE "clp"
| #define VERSION "1.16.10"
| #define HAVE_SYS_TYPES_H 1
| #define HAVE_SYS_STAT_H 1
| #define HAVE_STDLIB_H 1
| #define HAVE_STRING_H 1
| #define HAVE_MEMORY_H 1
| #define HAVE_STRINGS_H 1
| #define HAVE_INTTYPES_H 1
| #define HAVE_STDINT_H 1
| #define HAVE_UNISTD_H 1
| #define HAVE_DLFCN_H 1
| #define COIN_HAS_COINUTILS 1
| #define COIN_HAS_COINUTILS 1
| #define COIN_HAS_OSI 1
| #define COIN_HAS_OSI 1
| #define COIN_HAS_OSITESTS 1
| #define COIN_HAS_OSITESTS 1
| #define COIN_HAS_SAMPLE 1
| #define COIN_HAS_SAMPLE 1
| #define HAVE_CMATH 1
| #define HAVE_CFLOAT 1
| /* end confdefs.h.  */
| #include <ieeefp.h>
configure:31503: result: no
configure:31538: checking for ieeefp.h
configure:31545: result: no
configure:31576: checking whether this is a VPATH configuration
configure:31583: result: no
configure:31633: configuring doxygen documentation options
configure:31640: checking for doxygen
configure:31667: result: no
configure:31676: checking for latex
configure:31703: result: no
configure:31731: checking for dot
configure:31758: result: NO
configure:31809: checking for doxygen doc'n for CoinUtils 
configure:31825: result: ../CoinUtils/doxydoc (tag)
configure:31809: checking for doxygen doc'n for Osi 
configure:31825: result: ../Osi/doxydoc (tag)
configure:31876: checking which command should be used to link input files
configure:31884: result: ln -s
configure:32295: creating ./config.status

## ---------------------- ##
## Running config.status. ##
## ---------------------- ##

This file was extended by Clp config.status 1.16.10, which was
generated by GNU Autoconf 2.59.  Invocation command line was

  CONFIG_FILES    = 
  CONFIG_HEADERS  = 
  CONFIG_LINKS    = 
  CONFIG_COMMANDS = 
  $ ./config.status 

on siili

config.status:896: creating Makefile
config.status:896: creating examples/Makefile
config.status:896: creating src/Makefile
config.status:896: creating src/OsiClp/Makefile
config.status:896: creating test/Makefile
config.status:896: creating clp.pc
config.status:896: creating clp-uninstalled.pc
config.status:896: creating osi-clp.pc
config.status:896: creating osi-clp-uninstalled.pc
config.status:896: creating doxydoc/doxygen.conf
config.status:1000: creating src/config.h
config.status:1000: creating src/config_clp.h
config.status:1312: executing depfiles commands
configure:33842: In case of trouble, first consult the troubleshooting page at https://projects.coin-or.org/BuildTools/wiki/user-troubleshooting
configure:33845: Configuration of Clp successful

## ---------------- ##
## Cache variables. ##
## ---------------- ##

ac_cv_build=x86_64-unknown-linux-gnu
ac_cv_build_alias=x86_64-unknown-linux-gnu
ac_cv_c_compiler_gnu=yes
ac_cv_cxx_compiler_gnu=yes
ac_cv_env_ADD_CFLAGS_set=
ac_cv_env_ADD_CFLAGS_value=
ac_cv_env_ADD_CXXFLAGS_set=
ac_cv_env_ADD_CXXFLAGS_value=
ac_cv_env_ADD_FFLAGS_set=
ac_cv_env_ADD_FFLAGS_value=
ac_cv_env_CC_set=
ac_cv_env_CC_value=
ac_cv_env_CDEFS_set=
ac_cv_env_CDEFS_value=
ac_cv_env_CFLAGS_set=
ac_cv_env_CFLAGS_value=
ac_cv_env_CPPFLAGS_set=
ac_cv_env_CPPFLAGS_value=
ac_cv_env_CPP_set=
ac_cv_env_CPP_value=
ac_cv_env_CXXCPP_set=
ac_cv_env_CXXCPP_value=
ac_cv_env_CXXDEFS_set=
ac_cv_env_CXXDEFS_value=
ac_cv_env_CXXFLAGS_set=
ac_cv_env_CXXFLAGS_value=
ac_cv_env_CXX_set=
ac_cv_env_CXX_value=
ac_cv_env_DBG_CFLAGS_set=
ac_cv_env_DBG_CFLAGS_value=
ac_cv_env_DBG_CXXFLAGS_set=
ac_cv_env_DBG_CXXFLAGS_value=
ac_cv_env_DBG_FFLAGS_set=
ac_cv_env_DBG_FFLAGS_value=
ac_cv_env_F77_set=
ac_cv_env_F77_value=
ac_cv_env_FFLAGS_set=
ac_cv_env_FFLAGS_value=
ac_cv_env_LDFLAGS_set=
ac_cv_env_LDFLAGS_value=
ac_cv_env_MPICC_set=
ac_cv_env_MPICC_value=
ac_cv_env_MPICXX_set=
ac_cv_env_MPICXX_value=
ac_cv_env_MPIF77_set=
ac_cv_env_MPIF77_value=
ac_cv_env_OPT_CFLAGS_set=
ac_cv_env_OPT_CFLAGS_value=
ac_cv_env_OPT_CXXFLAGS_set=
ac_cv_env_OPT_CXXFLAGS_value=
ac_cv_env_OPT_FFLAGS_set=
ac_cv_env_OPT_FFLAGS_value=
ac_cv_env_PKG_CONFIG_set=
ac_cv_env_PKG_CONFIG_value=
ac_cv_env_build_alias_set=
ac_cv_env_build_alias_value=
ac_cv_env_host_alias_set=
ac_cv_env_host_alias_value=
ac_cv_env_target_alias_set=
ac_cv_env_target_alias_value=
ac_cv_exeext=
ac_cv_header_cfloat=yes
ac_cv_header_cieeefp=no
ac_cv_header_cmath=yes
ac_cv_header_ieeefp_h=no
ac_cv_objext=o
ac_cv_path_install='/usr/bin/install -c'
ac_cv_prog_AWK=mawk
ac_cv_prog_ac_ct_CC=gcc
ac_cv_prog_ac_ct_CXX=g++
ac_cv_prog_cc_g=yes
ac_cv_prog_cc_stdc=
ac_cv_prog_coin_doxy_usedot=NO
ac_cv_prog_coin_have_doxygen=no
ac_cv_prog_coin_have_latex=no
ac_cv_prog_cxx_g=yes
ac_cv_prog_egrep='grep -E'
ac_cv_prog_have_svnversion=yes
ac_cv_prog_make_make_set=yes
am_cv_CC_dependencies_compiler_type=gcc3
am_cv_CXX_dependencies_compiler_type=gcc3

## ----------------- ##
## Output variables. ##
## ----------------- ##

ABSBUILDDIR='/home/mf/Cbc-2.9.8/Clp'
ACLOCAL='${SHELL} /home/mf/Cbc-2.9.8/Clp/missing --run aclocal-1.9'
ADD_CFLAGS=''
ADD_CXXFLAGS=''
ADD_FFLAGS=''
ALWAYS_FALSE_FALSE=''
ALWAYS_FALSE_TRUE='#'
AMDEPBACKSLASH='\'
AMDEP_FALSE='#'
AMDEP_TRUE=''
AMDINCDIR=''
AMDLIB=''
AMTAR='${SHELL} /home/mf/Cbc-2.9.8/Clp/missing --run tar'
AR='ar'
ASL_CFLAGS=''
ASL_CFLAGS_INSTALLED=''
ASL_DATA=''
ASL_DATA_INSTALLED=''
ASL_DEPENDENCIES=''
ASL_LIBS=''
ASL_LIBS_INSTALLED=''
AUTOCONF='${SHELL} /home/mf/Cbc-2.9.8/Clp/missing --run autoconf'
AUTOHEADER='${SHELL} /home/mf/Cbc-2.9.8/Clp/missing --run autoheader'
AUTOMAKE='${SHELL} /home/mf/Cbc-2.9.8/Clp/missing --run automake-1.9'
AUX_DIR=''
AWK='mawk'
BLAS_CFLAGS=''
BLAS_CFLAGS_INSTALLED=''
BLAS_DATA=''
BLAS_DATA_INSTALLED=''
BLAS_DEPENDENCIES=''
BLAS_LIBS=''
BLAS_LIBS_INSTALLED=''
BUILDTOOLSDIR=''
CC='gcc'
CCDEPMODE='depmode=gcc3'
CDEFS=''
CFLAGS='-O3 -pipe -DNDEBUG -pedantic-errors -Wimplicit -Wparentheses -Wsequence-point -Wreturn-type -Wcast-qual -Wall -Wno-unknown-pragmas -Wno-long-long   -DCLP_BUILD'
CHOLMODINCDIR=''
CHOLMODLIB=''
CLPLIB_CFLAGS=' -I/home/mf/Cbc-2.9.8/CoinUtils/src -I/home/mf/Cbc-2.9.8/CoinUtils/src  '
CLPLIB_CFLAGS_INSTALLED=' -I/home/mf/Cbc-2.9.8/include/coin  '
CLPLIB_DEPENDENCIES='  /home/mf/Cbc-2.9.8/CoinUtils/src/libCoinUtils.la    '
CLPLIB_LIBS=' /home/mf/Cbc-2.9.8/CoinUtils/src/libCoinUtils.la -lm   '
CLPLIB_LIBS_INSTALLED=' -L/home/mf/Cbc-2.9.8/lib -lCoinUtils -lm   '
CLPLIB_PCLIBS=''
CLPLIB_PCREQUIRES='coinutils '
CLP_SVN_REV='2358'
COINUTILS_CFLAGS=' -I/home/mf/Cbc-2.9.8/CoinUtils/src -I/home/mf/Cbc-2.9.8/CoinUtils/src '
COINUTILS_CFLAGS_INSTALLED=' -I/home/mf/Cbc-2.9.8/include/coin '
COINUTILS_DATA=''
COINUTILS_DATA_INSTALLED=''
COINUTILS_DEPENDENCIES='  /home/mf/Cbc-2.9.8/CoinUtils/src/libCoinUtils.la  '
COINUTILS_LIBS=' /home/mf/Cbc-2.9.8/CoinUtils/src/libCoinUtils.la -lm  '
COINUTILS_LIBS_INSTALLED=' -L/home/mf/Cbc-2.9.8/lib -lCoinUtils -lm  '
COIN_CC_IS_CL_FALSE=''
COIN_CC_IS_CL_TRUE='#'
COIN_CXX_IS_CL_FALSE=''
COIN_CXX_IS_CL_TRUE='#'
COIN_HAS_ABC_FALSE=''
COIN_HAS_ABC_TRUE='#'
COIN_HAS_AMD_FALSE=''
COIN_HAS_AMD_TRUE='#'
COIN_HAS_ASL_FALSE=''
COIN_HAS_ASL_TRUE='#'
COIN_HAS_BLAS_FALSE=''
COIN_HAS_BLAS_TRUE='#'
COIN_HAS_CHOLMOD_FALSE=''
COIN_HAS_CHOLMOD_TRUE='#'
COIN_HAS_COINUTILS_FALSE='#'
COIN_HAS_COINUTILS_TRUE=''
COIN_HAS_DOXYGEN_FALSE=''
COIN_HAS_DOXYGEN_TRUE='#'
COIN_HAS_GLPK_FALSE=''
COIN_HAS_GLPK_TRUE='#'
COIN_HAS_LATEX_FALSE=''
COIN_HAS_LATEX_TRUE='#'
COIN_HAS_MUMPS_FALSE=''
COIN_HAS_MUMPS_TRUE='#'
COIN_HAS_NETLIB_FALSE=''
COIN_HAS_NETLIB_TRUE='#'
COIN_HAS_OSITESTS_FALSE='#'
COIN_HAS_OSITESTS_TRUE=''
COIN_HAS_OSI_FALSE='#'
COIN_HAS_OSI_TRUE=''
COIN_HAS_PKGCONFIG_FALSE=''
COIN_HAS_PKGCONFIG_TRUE='#'
COIN_HAS_SAMPLE_FALSE='#'
COIN_HAS_SAMPLE_TRUE=''
COIN_HAS_WSMP_FALSE=''
COIN_HAS_WSMP_TRUE='#'
COIN_PKG_CONFIG_PATH='/home/mf/Cbc-2.9.8/lib64/pkgconfig:/home/mf/Cbc-2.9.8/lib/pkgconfig:/home/mf/Cbc-2.9.8/share/pkgconfig:'
COIN_PKG_CONFIG_PATH_UNINSTALLED='/home/mf/Cbc-2.9.8/Cbc:/home/mf/Cbc-2.9.8/Cgl:/home/mf/Cbc-2.9.8/Clp:/home/mf/Cbc-2.9.8/Osi:/home/mf/Cbc-2.9.8/CoinUtils:/home/mf/Cbc-2.9.8/Data/miplib3:/home/mf/Cbc-2.9.8/Data/Sample:'
CPP='gcc -E'
CPPFLAGS=''
CXX='g++'
CXXCPP='g++ -E'
CXXDEFS=''
CXXDEPMODE='depmode=gcc3'
CXXFLAGS='-O3 -pipe -DNDEBUG -pedantic-errors -Wparentheses -Wreturn-type -Wcast-qual -Wall -Wpointer-arith -Wwrite-strings -Wconversion -Wno-unknown-pragmas -Wno-long-long   -DCLP_BUILD'
CYGPATH_W='echo'
DBG_CFLAGS='-g -O0 -pipe -pedantic-errors -Wimplicit -Wparentheses -Wsequence-point -Wreturn-type -Wcast-qual -Wall -Wno-unknown-pragmas -Wno-long-long  '
DBG_CXXFLAGS='-g -O0 -pipe -pedantic-errors -Wparentheses -Wreturn-type -Wcast-qual -Wall -Wpointer-arith -Wwrite-strings -Wconversion -Wno-unknown-pragmas -Wno-long-long  '
DBG_FFLAGS=''
DEFS='-DHAVE_CONFIG_H'
DEPDIR='.deps'
DEPENDENCY_LINKING_FALSE='#'
DEPENDENCY_LINKING_TRUE=''
ECHO='echo'
ECHO_C=''
ECHO_N='-n'
ECHO_T=''
EGREP='grep -E'
EXEEXT=''
F77=''
FFLAGS=''
FLIBS=''
GLPK_CFLAGS=''
GLPK_CFLAGS_INSTALLED=''
GLPK_DATA=''
GLPK_DATA_INSTALLED=''
GLPK_DEPENDENCIES=''
GLPK_LIBS=''
GLPK_LIBS_INSTALLED=''
HAVE_EXTERNALS_FALSE=''
HAVE_EXTERNALS_TRUE='#'
INSTALL_DATA='${INSTALL} -m 644'
INSTALL_PROGRAM='${INSTALL}'
INSTALL_SCRIPT='${INSTALL}'
INSTALL_STRIP_PROGRAM='${SHELL} $(install_sh) -c -s'
LDFLAGS=''
LIBEXT='a'
LIBOBJS=''
LIBS=''
LIBTOOL='$(SHELL) $(top_builddir)/../libtool'
LIBTOOLM4=''
LN_S='ln -s'
LTLIBOBJS=''
LT_LDFLAGS='-no-undefined -version-info 14:10:13'
MAINT='#'
MAINTAINER_MODE_FALSE=''
MAINTAINER_MODE_TRUE='#'
MAKEINFO='${SHELL} /home/mf/Cbc-2.9.8/Clp/missing --run makeinfo'
MPICC=''
MPICXX=''
MPIF77=''
MUMPS_CFLAGS=''
MUMPS_CFLAGS_INSTALLED=''
MUMPS_DATA=''
MUMPS_DATA_INSTALLED=''
MUMPS_DEPENDENCIES=''
MUMPS_LIBS=''
MUMPS_LIBS_INSTALLED=''
NETLIB_CFLAGS=''
NETLIB_CFLAGS_INSTALLED=''
NETLIB_DATA=''
NETLIB_DATA_INSTALLED=''
NETLIB_DEPENDENCIES=''
NETLIB_LIBS=''
NETLIB_LIBS_INSTALLED=''
OBJEXT='o'
OPT_CFLAGS='-O3 -pipe -DNDEBUG -pedantic-errors -Wimplicit -Wparentheses -Wsequence-point -Wreturn-type -Wcast-qual -Wall -Wno-unknown-pragmas -Wno-long-long  '
OPT_CXXFLAGS='-O3 -pipe -DNDEBUG -pedantic-errors -Wparentheses -Wreturn-type -Wcast-qual -Wall -Wpointer-arith -Wwrite-strings -Wconversion -Wno-unknown-pragmas -Wno-long-long  '
OPT_FFLAGS=''
OSICLPLIB_CFLAGS=' -I/home/mf/Cbc-2.9.8/Osi/src/Osi -I/home/mf/Cbc-2.9.8/Osi/src/Osi  -I/home/mf/Cbc-2.9.8/CoinUtils/src -I/home/mf/Cbc-2.9.8/CoinUtils/src  '
OSICLPLIB_CFLAGS_INSTALLED=' -I/home/mf/Cbc-2.9.8/include/coin  -I/home/mf/Cbc-2.9.8/include/coin  '
OSICLPLIB_DEPENDENCIES='  /home/mf/Cbc-2.9.8/Osi/src/Osi/libOsi.la   /home/mf/Cbc-2.9.8/CoinUtils/src/libCoinUtils.la    '
OSICLPLIB_LIBS=' /home/mf/Cbc-2.9.8/Osi/src/Osi/libOsi.la   /home/mf/Cbc-2.9.8/CoinUtils/src/libCoinUtils.la -lm   '
OSICLPLIB_LIBS_INSTALLED=' -L/home/mf/Cbc-2.9.8/lib -lOsi   -L/home/mf/Cbc-2.9.8/lib -lCoinUtils -lm   '
OSICLPLIB_PCLIBS=''
OSICLPLIB_PCREQUIRES='osi '
OSITESTS_CFLAGS=' -I/home/mf/Cbc-2.9.8/Osi/src/OsiCommonTest  -I/home/mf/Cbc-2.9.8/Osi/src/Osi -I/home/mf/Cbc-2.9.8/Osi/src/Osi  -I/home/mf/Cbc-2.9.8/CoinUtils/src -I/home/mf/Cbc-2.9.8/CoinUtils/src '
OSITESTS_CFLAGS_INSTALLED=' -I/home/mf/Cbc-2.9.8/include/coin  -I/home/mf/Cbc-2.9.8/include/coin  -I/home/mf/Cbc-2.9.8/include/coin '
OSITESTS_DATA=''
OSITESTS_DATA_INSTALLED=''
OSITESTS_DEPENDENCIES='  /home/mf/Cbc-2.9.8/Osi/src/OsiCommonTest/libOsiCommonTests.la  /home/mf/Cbc-2.9.8/Osi/src/Osi/libOsi.la   /home/mf/Cbc-2.9.8/CoinUtils/src/libCoinUtils.la  '
OSITESTS_LIBS=' /home/mf/Cbc-2.9.8/Osi/src/OsiCommonTest/libOsiCommonTests.la  /home/mf/Cbc-2.9.8/Osi/src/Osi/libOsi.la   /home/mf/Cbc-2.9.8/CoinUtils/src/libCoinUtils.la -lm  '
OSITESTS_LIBS_INSTALLED=' -L/home/mf/Cbc-2.9.8/lib -lOsiCommonTests  -L/home/mf/Cbc-2.9.8/lib -lOsi   -L/home/mf/Cbc-2.9.8/lib -lCoinUtils -lm  '
OSI_CFLAGS=' -I/home/mf/Cbc-2.9.8/Osi/src/Osi -I/home/mf/Cbc-2.9.8/Osi/src/Osi  -I/home/mf/Cbc-2.9.8/CoinUtils/src -I/home/mf/Cbc-2.9.8/CoinUtils/src '
OSI_CFLAGS_INSTALLED=' -I/home/mf/Cbc-2.9.8/include/coin  -I/home/mf/Cbc-2.9.8/include/coin '
OSI_DATA=''
OSI_DATA_INSTALLED=''
OSI_DEPENDENCIES='  /home/mf/Cbc-2.9.8/Osi/src/Osi/libOsi.la   /home/mf/Cbc-2.9.8/CoinUtils/src/libCoinUtils.la  '
OSI_LIBS=' /home/mf/Cbc-2.9.8/Osi/src/Osi/libOsi.la   /home/mf/Cbc-2.9.8/CoinUtils/src/libCoinUtils.la -lm  '
OSI_LIBS_INSTALLED=' -L/home/mf/Cbc-2.9.8/lib -lOsi   -L/home/mf/Cbc-2.9.8/lib -lCoinUtils -lm  '
PACKAGE='clp'
PACKAGE_BUGREPORT='clp@list.coin-or.org'
PACKAGE_NAME='Clp'
PACKAGE_STRING='Clp 1.16.10'
PACKAGE_TARNAME='clp'
PACKAGE_VERSION='1.16.10'
PATH_SEPARATOR=':'
PKG_CONFIG=''
RANLIB='ranlib'
RPATH_FLAGS=' -Wl,--rpath -Wl,/home/mf/Cbc-2.9.8/lib'
SAMPLE_CFLAGS=' '
SAMPLE_CFLAGS_INSTALLED=' '
SAMPLE_DATA='/home/mf/Cbc-2.9.8/Data/Sample'
SAMPLE_DATA_INSTALLED='/home/mf/Cbc-2.9.8/share/coin/Data/Sample'
SAMPLE_DEPENDENCIES='  '
SAMPLE_LIBS=' '
SAMPLE_LIBS_INSTALLED=' '
SET_MAKE=''
SHELL='/bin/bash'
STRIP='strip'
VERSION='1.16.10'
VPATH_DISTCLEANFILES=''
abs_bin_dir='/home/mf/Cbc-2.9.8/bin'
abs_include_dir='/home/mf/Cbc-2.9.8/include'
abs_lib_dir='/home/mf/Cbc-2.9.8/lib'
abs_source_dir='/home/mf/Cbc-2.9.8/Clp'
ac_c_preproc_warn_flag=''
ac_ct_AR='ar'
ac_ct_CC='gcc'
ac_ct_CXX='g++'
ac_ct_F77=''
ac_ct_PKG_CONFIG=''
ac_ct_RANLIB='ranlib'
ac_ct_STRIP='strip'
ac_cxx_preproc_warn_flag=''
am__fastdepCC_FALSE='#'
am__fastdepCC_TRUE=''
am__fastdepCXX_FALSE='#'
am__fastdepCXX_TRUE=''
am__include='include'
am__leading_dot='.'
am__quote=''
am__tar='${AMTAR} chof - "$$tardir"'
am__untar='${AMTAR} xf -'
bindir='${exec_prefix}/bin'
build='x86_64-unknown-linux-gnu'
build_alias=''
build_cpu='x86_64'
build_os='linux-gnu'
build_vendor='unknown'
coin_doxy_excludes=' */CoinUtils */Osi'
coin_doxy_logname='doxydoc/clp_doxy.log'
coin_doxy_tagfiles=' ../CoinUtils/doxydoc/coinutils_doxy.tag=../../../CoinUtils/doxydoc/html ../Osi/doxydoc/osi_doxy.tag=../../../Osi/doxydoc/html'
coin_doxy_tagname='doxydoc/clp_doxy.tag'
coin_doxy_usedot='NO'
coin_have_doxygen='no'
coin_have_latex='no'
datadir='${prefix}/share'
exec_prefix='${prefix}'
have_autoconf=''
have_automake=''
have_svn=''
have_svnversion='yes'
host='x86_64-unknown-linux-gnu'
host_alias=''
host_cpu='x86_64'
host_os='linux-gnu'
host_vendor='unknown'
includedir='${prefix}/include'
infodir='${prefix}/info'
install_sh='/home/mf/Cbc-2.9.8/Clp/install-sh'
libdir='${exec_prefix}/lib'
libexecdir='${exec_prefix}/libexec'
localstatedir='${prefix}/var'
mandir='${prefix}/man'
mkdir_p='mkdir -p --'
oldincludedir='/usr/include'
prefix='/home/mf/Cbc-2.9.8'
program_transform_name='s,x,x,'
sbindir='${exec_prefix}/sbin'
sharedstatedir='${prefix}/com'
sol_cc_compiler=''
sysconfdir='${prefix}/etc'
target_alias=''

## ----------- ##
## confdefs.h. ##
## ----------- ##

#define CLP_SVN_REV 2358
#define CLP_VERSION "1.16.10"
#define CLP_VERSION_MAJOR 1
#define CLP_VERSION_MINOR 16
#define CLP_VERSION_RELEASE 10
#define COIN_CLP_CHECKLEVEL 0
#define COIN_CLP_VERBOSITY 0
#define COIN_HAS_COINUTILS 1
#define COIN_HAS_COINUTILS 1
#define COIN_HAS_OSI 1
#define COIN_HAS_OSI 1
#define COIN_HAS_OSITESTS 1
#define COIN_HAS_OSITESTS 1
#define COIN_HAS_SAMPLE 1
#define COIN_HAS_SAMPLE 1
#define HAVE_CFLOAT 1
#define HAVE_CMATH 1
#define HAVE_DLFCN_H 1
#define HAVE_INTTYPES_H 1
#define HAVE_MEMORY_H 1
#define HAVE_STDINT_H 1
#define HAVE_STDLIB_H 1
#define HAVE_STRINGS_H 1
#define HAVE_STRING_H 1
#define HAVE_SYS_STAT_H 1
#define HAVE_SYS_TYPES_H 1
#define HAVE_UNISTD_H 1
#define PACKAGE "clp"
#define PACKAGE_BUGREPORT "clp@list.coin-or.org"
#define PACKAGE_NAME "Clp"
#define PACKAGE_STRING "Clp 1.16.10"
#define PACKAGE_TARNAME "clp"
#define PACKAGE_VERSION "1.16.10"
#define VERSION "1.16.10"
#endif
#ifdef __cplusplus
extern "C" void std::exit (int) throw (); using std::exit;

configure: exit 0
