This file contains any messages produced by compilers while
running configure, to aid debugging if configure makes a mistake.

It was created by Osi configure 0.107.8, which was
generated by GNU Autoconf 2.59.  Invocation command line was

  $ ./configure --prefix=/home/mf/Cbc-2.9.8 --cache-file=/dev/null --srcdir=.

## --------- ##
## Platform. ##
## --------- ##

hostname = siili
uname -m = x86_64
uname -r = 4.15.0-36-generic
uname -s = Linux
uname -v = #39-Ubuntu SMP Mon Sep 24 16:19:09 UTC 2018

/usr/bin/uname -p = unknown
/bin/uname -X     = unknown

/bin/arch              = unknown
/usr/bin/arch -k       = unknown
/usr/convex/getsysinfo = unknown
hostinfo               = unknown
/bin/machine           = unknown
/usr/bin/oslevel       = unknown
/bin/universe          = unknown

PATH: /home/mf/miniconda3/envs/optimization/bin
PATH: /home/mf/miniconda3/bin
PATH: /home/mf/.local/bin
PATH: /usr/local/sbin
PATH: /usr/local/bin
PATH: /usr/sbin
PATH: /usr/bin
PATH: /sbin
PATH: /bin
PATH: /usr/games
PATH: /usr/local/games
PATH: /snap/bin


## ----------- ##
## Core tests. ##
## ----------- ##

configure:1687: checking build system type
configure:1705: result: x86_64-unknown-linux-gnu
configure:1775: checking for svnversion
configure:1791: found /usr/bin/svnversion
configure:1802: result: yes
configure:1832: checking whether we want to compile in debug mode
configure:1878: result: no
configure:2128: checking for gcc
configure:2144: found /usr/bin/gcc
configure:2154: result: gcc
configure:2175: checking for C compiler version
configure:2178: gcc --version </dev/null >&5
gcc (Ubuntu 7.3.0-27ubuntu1~18.04) 7.3.0
Copyright (C) 2017 Free Software Foundation, Inc.
This is free software; see the source for copying conditions.  There is NO
warranty; not even for MERCHANTABILITY or FITNESS FOR A PARTICULAR PURPOSE.

configure:2181: $? = 0
configure:2183: gcc -v </dev/null >&5
Using built-in specs.
COLLECT_GCC=gcc
COLLECT_LTO_WRAPPER=/usr/lib/gcc/x86_64-linux-gnu/7/lto-wrapper
OFFLOAD_TARGET_NAMES=nvptx-none
OFFLOAD_TARGET_DEFAULT=1
Target: x86_64-linux-gnu
Configured with: ../src/configure -v --with-pkgversion='Ubuntu 7.3.0-27ubuntu1~18.04' --with-bugurl=file:///usr/share/doc/gcc-7/README.Bugs --enable-languages=c,ada,c++,go,brig,d,fortran,objc,obj-c++ --prefix=/usr --with-gcc-major-version-only --program-suffix=-7 --program-prefix=x86_64-linux-gnu- --enable-shared --enable-linker-build-id --libexecdir=/usr/lib --without-included-gettext --enable-threads=posix --libdir=/usr/lib --enable-nls --with-sysroot=/ --enable-clocale=gnu --enable-libstdcxx-debug --enable-libstdcxx-time=yes --with-default-libstdcxx-abi=new --enable-gnu-unique-object --disable-vtable-verify --enable-libmpx --enable-plugin --enable-default-pie --with-system-zlib --with-target-system-zlib --enable-objc-gc=auto --enable-multiarch --disable-werror --with-arch-32=i686 --with-abi=m64 --with-multilib-list=m32,m64,mx32 --enable-multilib --with-tune=generic --enable-offload-targets=nvptx-none --without-cuda-driver --enable-checking=release --build=x86_64-linux-gnu --host=x86_64-linux-gnu --target=x86_64-linux-gnu
Thread model: posix
gcc version 7.3.0 (Ubuntu 7.3.0-27ubuntu1~18.04) 
configure:2186: $? = 0
configure:2188: gcc -V </dev/null >&5
gcc: error: unrecognized command line option '-V'
gcc: fatal error: no input files
compilation terminated.
configure:2191: $? = 1
configure:2214: checking for C compiler default output file name
configure:2217: gcc    conftest.c  >&5
configure:2220: $? = 0
configure:2266: result: a.out
configure:2271: checking whether the C compiler works
configure:2277: ./a.out
configure:2280: $? = 0
configure:2297: result: yes
configure:2304: checking whether we are cross compiling
configure:2306: result: no
configure:2309: checking for suffix of executables
configure:2311: gcc -o conftest    conftest.c  >&5
configure:2314: $? = 0
configure:2339: result: 
configure:2345: checking for suffix of object files
configure:2366: gcc -c   conftest.c >&5
configure:2369: $? = 0
configure:2391: result: o
configure:2395: checking whether we are using the GNU C compiler
configure:2419: gcc -c   conftest.c >&5
configure:2425: $? = 0
configure:2429: test -z 
			 || test ! -s conftest.err
configure:2432: $? = 0
configure:2435: test -s conftest.o
configure:2438: $? = 0
configure:2451: result: yes
configure:2457: checking whether gcc accepts -g
configure:2478: gcc -c -g  conftest.c >&5
configure:2484: $? = 0
configure:2488: test -z 
			 || test ! -s conftest.err
configure:2491: $? = 0
configure:2494: test -s conftest.o
configure:2497: $? = 0
configure:2508: result: yes
configure:2525: checking for gcc option to accept ANSI C
configure:2595: gcc  -c -g -O2  conftest.c >&5
configure:2601: $? = 0
configure:2605: test -z 
			 || test ! -s conftest.err
configure:2608: $? = 0
configure:2611: test -s conftest.o
configure:2614: $? = 0
configure:2632: result: none needed
configure:2650: gcc -c -g -O2  conftest.c >&5
conftest.c:2:3: error: unknown type name 'choke'
   choke me
   ^~~~~
conftest.c:2:3: error: expected '=', ',', ';', 'asm' or '__attribute__' at end of input
configure:2656: $? = 1
configure: failed program was:
| #ifndef __cplusplus
|   choke me
| #endif
configure:3084: gcc -o conftest -O3 -pipe -DNDEBUG -pedantic-errors -Wimplicit -Wparentheses -Wsequence-point -Wreturn-type -Wcast-qual -Wall -Wno-unknown-pragmas -Wno-long-long   -DOSI_BUILD   conftest.c  >&5
configure:3090: $? = 0
configure:3094: test -z 
			 || test ! -s conftest.err
configure:3097: $? = 0
configure:3100: test -s conftest
configure:3103: $? = 0
configure:3170: C compiler options are: -O3 -pipe -DNDEBUG -pedantic-errors -Wimplicit -Wparentheses -Wsequence-point -Wreturn-type -Wcast-qual -Wall -Wno-unknown-pragmas -Wno-long-long   -DOSI_BUILD
configure:3285: checking for g++
configure:3301: found /usr/bin/g++
configure:3311: result: g++
configure:3327: checking for C++ compiler version
configure:3330: g++ --version </dev/null >&5
g++ (Ubuntu 7.3.0-27ubuntu1~18.04) 7.3.0
Copyright (C) 2017 Free Software Foundation, Inc.
This is free software; see the source for copying conditions.  There is NO
warranty; not even for MERCHANTABILITY or FITNESS FOR A PARTICULAR PURPOSE.

configure:3333: $? = 0
configure:3335: g++ -v </dev/null >&5
Using built-in specs.
COLLECT_GCC=g++
COLLECT_LTO_WRAPPER=/usr/lib/gcc/x86_64-linux-gnu/7/lto-wrapper
OFFLOAD_TARGET_NAMES=nvptx-none
OFFLOAD_TARGET_DEFAULT=1
Target: x86_64-linux-gnu
Configured with: ../src/configure -v --with-pkgversion='Ubuntu 7.3.0-27ubuntu1~18.04' --with-bugurl=file:///usr/share/doc/gcc-7/README.Bugs --enable-languages=c,ada,c++,go,brig,d,fortran,objc,obj-c++ --prefix=/usr --with-gcc-major-version-only --program-suffix=-7 --program-prefix=x86_64-linux-gnu- --enable-shared --enable-linker-build-id --libexecdir=/usr/lib --without-included-gettext --enable-threads=posix --libdir=/usr/lib --enable-nls --with-sysroot=/ --enable-clocale=gnu --enable-libstdcxx-debug --enable-libstdcxx-time=yes --with-default-libstdcxx-abi=new --enable-gnu-unique-object --disable-vtable-verify --enable-libmpx --enable-plugin --enable-default-pie --with-system-zlib --with-target-system-zlib --enable-objc-gc=auto --enable-multiarch --disable-werror --with-arch-32=i686 --with-abi=m64 --with-multilib-list=m32,m64,mx32 --enable-multilib --with-tune=generic --enable-offload-targets=nvptx-none --without-cuda-driver --enable-checking=release --build=x86_64-linux-gnu --host=x86_64-linux-gnu --target=x86_64-linux-gnu
Thread model: posix
gcc version 7.3.0 (Ubuntu 7.3.0-27ubuntu1~18.04) 
configure:3338: $? = 0
configure:3340: g++ -V </dev/null >&5
g++: error: unrecognized command line option '-V'
g++: fatal error: no input files
compilation terminated.
configure:3343: $? = 1
configure:3346: checking whether we are using the GNU C++ compiler
configure:3370: g++ -c   conftest.cc >&5
configure:3376: $? = 0
configure:3380: test -z 
			 || test ! -s conftest.err
configure:3383: $? = 0
configure:3386: test -s conftest.o
configure:3389: $? = 0
configure:3402: result: yes
configure:3408: checking whether g++ accepts -g
configure:3429: g++ -c -g  conftest.cc >&5
configure:3435: $? = 0
configure:3439: test -z 
			 || test ! -s conftest.err
configure:3442: $? = 0
configure:3445: test -s conftest.o
configure:3448: $? = 0
configure:3459: result: yes
configure:3501: g++ -c -g -O2  conftest.cc >&5
configure:3507: $? = 0
configure:3511: test -z 
			 || test ! -s conftest.err
configure:3514: $? = 0
configure:3517: test -s conftest.o
configure:3520: $? = 0
configure:3546: g++ -c -g -O2  conftest.cc >&5
conftest.cc: In function 'int main()':
conftest.cc:20:1: error: 'exit' was not declared in this scope
 exit (42);
 ^~~~
configure:3552: $? = 1
configure: failed program was:
| /* confdefs.h.  */
| 
| #define PACKAGE_NAME "Osi"
| #define PACKAGE_TARNAME "osi"
| #define PACKAGE_VERSION "0.107.8"
| #define PACKAGE_STRING "Osi 0.107.8"
| #define PACKAGE_BUGREPORT "osi@list.coin-or.org"
| #define OSI_VERSION "0.107.8"
| #define OSI_VERSION_MAJOR 0
| #define OSI_VERSION_MINOR 107
| #define OSI_VERSION_RELEASE 8
| #define OSI_SVN_REV 2177
| #define COIN_OSI_VERBOSITY 0
| #define COIN_OSI_CHECKLEVEL 0
| /* end confdefs.h.  */
| 
| int
| main ()
| {
| exit (42);
|   ;
|   return 0;
| }
configure:3501: g++ -c -g -O2  conftest.cc >&5
configure:3507: $? = 0
configure:3511: test -z 
			 || test ! -s conftest.err
configure:3514: $? = 0
configure:3517: test -s conftest.o
configure:3520: $? = 0
configure:3546: g++ -c -g -O2  conftest.cc >&5
configure:3552: $? = 0
configure:3556: test -z 
			 || test ! -s conftest.err
configure:3559: $? = 0
configure:3562: test -s conftest.o
configure:3565: $? = 0
configure:3597: checking whether C++ compiler g++ works
configure:3615: g++ -c -g -O2  conftest.cc >&5
configure:3621: $? = 0
configure:3625: test -z 
			 || test ! -s conftest.err
configure:3628: $? = 0
configure:3631: test -s conftest.o
configure:3634: $? = 0
configure:3636: result: yes
configure:3964: g++ -o conftest -O3 -pipe -DNDEBUG -pedantic-errors -Wparentheses -Wreturn-type -Wcast-qual -Wall -Wpointer-arith -Wwrite-strings -Wconversion -Wno-unknown-pragmas -Wno-long-long   -DOSI_BUILD   conftest.cc  >&5
configure:3970: $? = 0
configure:3974: test -z 
			 || test ! -s conftest.err
configure:3977: $? = 0
configure:3980: test -s conftest
configure:3983: $? = 0
configure:4050: C++ compiler options are: -O3 -pipe -DNDEBUG -pedantic-errors -Wparentheses -Wreturn-type -Wcast-qual -Wall -Wpointer-arith -Wwrite-strings -Wconversion -Wno-unknown-pragmas -Wno-long-long   -DOSI_BUILD
configure:4169: checking for egrep
configure:4179: result: grep -E
configure:4184: checking whether ln -s works
configure:4188: result: yes
configure:4209: checking for a BSD-compatible install
configure:4264: result: /usr/bin/install -c
configure:4275: checking whether build environment is sane
configure:4318: result: yes
configure:4383: checking for gawk
configure:4412: result: no
configure:4383: checking for mawk
configure:4399: found /usr/bin/mawk
configure:4409: result: mawk
configure:4419: checking whether make sets $(MAKE)
configure:4439: result: yes
configure:4469: checking for style of include used by make
configure:4497: result: GNU
configure:4678: checking dependency style of gcc
configure:4768: result: gcc3
configure:4787: checking dependency style of g++
configure:4877: result: gcc3
configure:4895: checking whether to enable maintainer-specific portions of Makefiles
configure:4904: result: no
configure:20402: Using libtool script in directory ..
configure:20501: checking if library version is set
configure:20505: result: 13:8:12
configure:20578: checking for pkg-config
configure:20607: result: no
configure:20718: checking for COIN-OR package CoinUtils
configure:20900: result: skipped check via pkg-config, redirect to fallback
configure:20903: checking for COIN-OR package CoinUtils (fallback)
configure:21099: result: yes
configure:21233: checking for COIN-OR package Glpk
configure:21415: result: skipped check via pkg-config, redirect to fallback
configure:21418: checking for COIN-OR package Glpk (fallback)
configure:21484: result: no, dependency coinglpk not available
configure:21743: checking for COIN-OR package SoPlex
configure:21925: result: skipped check via pkg-config, redirect to fallback
configure:21928: checking for COIN-OR package SoPlex (fallback)
configure:21994: result: no, dependency coinsoplex not available
configure:22253: checking for COIN-OR package Sample
configure:22420: result: skipped check via pkg-config, redirect to fallback
configure:22423: checking for COIN-OR package Sample (fallback)
configure:22619: result: yes
configure:22733: checking for COIN-OR package Netlib
configure:22900: result: skipped check via pkg-config, redirect to fallback
configure:22903: checking for COIN-OR package Netlib (fallback)
configure:22969: result: no, dependency coindatanetlib not available
configure:23223: checking if user provides library for Cplex
configure:23268: result: no
configure:23406: checking if user provides library for Mosek
configure:23451: result: no
configure:23589: checking if user provides library for Xpress
configure:23634: result: no
configure:23772: checking if user provides library for Gurobi
configure:23817: result: no
configure:23992: WARNING: No solver available, examples will not work.
configure:24029: configuring doxygen documentation options
configure:24036: checking for doxygen
configure:24063: result: no
configure:24072: checking for latex
configure:24099: result: no
configure:24127: checking for dot
configure:24154: result: NO
configure:24205: checking for doxygen doc'n for CoinUtils 
configure:24221: result: ../CoinUtils/doxydoc (tag)
configure:24277: checking cmath usability
configure:24289: g++ -c -O3 -pipe -DNDEBUG -pedantic-errors -Wparentheses -Wreturn-type -Wcast-qual -Wall -Wpointer-arith -Wwrite-strings -Wconversion -Wno-unknown-pragmas -Wno-long-long   -DOSI_BUILD  conftest.cc >&5
configure:24295: $? = 0
configure:24299: test -z 
			 || test ! -s conftest.err
configure:24302: $? = 0
configure:24305: test -s conftest.o
configure:24308: $? = 0
configure:24318: result: yes
configure:24322: checking cmath presence
configure:24332: g++ -E  conftest.cc
configure:24338: $? = 0
configure:24358: result: yes
configure:24393: checking for cmath
configure:24400: result: yes
configure:24606: checking cfloat usability
configure:24618: g++ -c -O3 -pipe -DNDEBUG -pedantic-errors -Wparentheses -Wreturn-type -Wcast-qual -Wall -Wpointer-arith -Wwrite-strings -Wconversion -Wno-unknown-pragmas -Wno-long-long   -DOSI_BUILD  conftest.cc >&5
configure:24624: $? = 0
configure:24628: test -z 
			 || test ! -s conftest.err
configure:24631: $? = 0
configure:24634: test -s conftest.o
configure:24637: $? = 0
configure:24647: result: yes
configure:24651: checking cfloat presence
configure:24661: g++ -E  conftest.cc
configure:24667: $? = 0
configure:24687: result: yes
configure:24722: checking for cfloat
configure:24729: result: yes
configure:24935: checking cieeefp usability
configure:24947: g++ -c -O3 -pipe -DNDEBUG -pedantic-errors -Wparentheses -Wreturn-type -Wcast-qual -Wall -Wpointer-arith -Wwrite-strings -Wconversion -Wno-unknown-pragmas -Wno-long-long   -DOSI_BUILD  conftest.cc >&5
conftest.cc:72:10: fatal error: cieeefp: No such file or directory
 #include <cieeefp>
          ^~~~~~~~~
compilation terminated.
configure:24953: $? = 1
configure: failed program was:
| /* confdefs.h.  */
| 
| #define PACKAGE_NAME "Osi"
| #define PACKAGE_TARNAME "osi"
| #define PACKAGE_VERSION "0.107.8"
| #define PACKAGE_STRING "Osi 0.107.8"
| #define PACKAGE_BUGREPORT "osi@list.coin-or.org"
| #define OSI_VERSION "0.107.8"
| #define OSI_VERSION_MAJOR 0
| #define OSI_VERSION_MINOR 107
| #define OSI_VERSION_RELEASE 8
| #define OSI_SVN_REV 2177
| #define COIN_OSI_VERBOSITY 0
| #define COIN_OSI_CHECKLEVEL 0
| #ifdef __cplusplus
| extern "C" void std::exit (int) throw (); using std::exit;
| #endif
| #define PACKAGE "osi"
| #define VERSION "0.107.8"
| #define HAVE_SYS_TYPES_H 1
| #define HAVE_SYS_STAT_H 1
| #define HAVE_STDLIB_H 1
| #define HAVE_STRING_H 1
| #define HAVE_MEMORY_H 1
| #define HAVE_STRINGS_H 1
| #define HAVE_INTTYPES_H 1
| #define HAVE_STDINT_H 1
| #define HAVE_UNISTD_H 1
| #define HAVE_DLFCN_H 1
| #define COIN_HAS_COINUTILS 1
| #define COIN_HAS_COINUTILS 1
| #define COIN_HAS_SAMPLE 1
| #define COIN_HAS_SAMPLE 1
| #define GLPK_HAS_INTOPT 1
| #define HAVE_CMATH 1
| #define HAVE_CFLOAT 1
| /* end confdefs.h.  */
| #include <stdio.h>
| #if HAVE_SYS_TYPES_H
| # include <sys/types.h>
| #endif
| #if HAVE_SYS_STAT_H
| # include <sys/stat.h>
| #endif
| #if STDC_HEADERS
| # include <stdlib.h>
| # include <stddef.h>
| #else
| # if HAVE_STDLIB_H
| #  include <stdlib.h>
| # endif
| #endif
| #if HAVE_STRING_H
| # if !STDC_HEADERS && HAVE_MEMORY_H
| #  include <memory.h>
| # endif
| # include <string.h>
| #endif
| #if HAVE_STRINGS_H
| # include <strings.h>
| #endif
| #if HAVE_INTTYPES_H
| # include <inttypes.h>
| #else
| # if HAVE_STDINT_H
| #  include <stdint.h>
| # endif
| #endif
| #if HAVE_UNISTD_H
| # include <unistd.h>
| #endif
| #include <cieeefp>
configure:24976: result: no
configure:24980: checking cieeefp presence
configure:24990: g++ -E  conftest.cc
conftest.cc:38:10: fatal error: cieeefp: No such file or directory
 #include <cieeefp>
          ^~~~~~~~~
compilation terminated.
configure:24996: $? = 1
configure: failed program was:
| /* confdefs.h.  */
| 
| #define PACKAGE_NAME "Osi"
| #define PACKAGE_TARNAME "osi"
| #define PACKAGE_VERSION "0.107.8"
| #define PACKAGE_STRING "Osi 0.107.8"
| #define PACKAGE_BUGREPORT "osi@list.coin-or.org"
| #define OSI_VERSION "0.107.8"
| #define OSI_VERSION_MAJOR 0
| #define OSI_VERSION_MINOR 107
| #define OSI_VERSION_RELEASE 8
| #define OSI_SVN_REV 2177
| #define COIN_OSI_VERBOSITY 0
| #define COIN_OSI_CHECKLEVEL 0
| #ifdef __cplusplus
| extern "C" void std::exit (int) throw (); using std::exit;
| #endif
| #define PACKAGE "osi"
| #define VERSION "0.107.8"
| #define HAVE_SYS_TYPES_H 1
| #define HAVE_SYS_STAT_H 1
| #define HAVE_STDLIB_H 1
| #define HAVE_STRING_H 1
| #define HAVE_MEMORY_H 1
| #define HAVE_STRINGS_H 1
| #define HAVE_INTTYPES_H 1
| #define HAVE_STDINT_H 1
| #define HAVE_UNISTD_H 1
| #define HAVE_DLFCN_H 1
| #define COIN_HAS_COINUTILS 1
| #define COIN_HAS_COINUTILS 1
| #define COIN_HAS_SAMPLE 1
| #define COIN_HAS_SAMPLE 1
| #define GLPK_HAS_INTOPT 1
| #define HAVE_CMATH 1
| #define HAVE_CFLOAT 1
| /* end confdefs.h.  */
| #include <cieeefp>
configure:25016: result: no
configure:25051: checking for cieeefp
configure:25058: result: no
configure:25093: checking ieeefp.h usability
configure:25105: g++ -c -O3 -pipe -DNDEBUG -pedantic-errors -Wparentheses -Wreturn-type -Wcast-qual -Wall -Wpointer-arith -Wwrite-strings -Wconversion -Wno-unknown-pragmas -Wno-long-long   -DOSI_BUILD  conftest.cc >&5
conftest.cc:72:10: fatal error: ieeefp.h: No such file or directory
 #include <ieeefp.h>
          ^~~~~~~~~~
compilation terminated.
configure:25111: $? = 1
configure: failed program was:
| /* confdefs.h.  */
| 
| #define PACKAGE_NAME "Osi"
| #define PACKAGE_TARNAME "osi"
| #define PACKAGE_VERSION "0.107.8"
| #define PACKAGE_STRING "Osi 0.107.8"
| #define PACKAGE_BUGREPORT "osi@list.coin-or.org"
| #define OSI_VERSION "0.107.8"
| #define OSI_VERSION_MAJOR 0
| #define OSI_VERSION_MINOR 107
| #define OSI_VERSION_RELEASE 8
| #define OSI_SVN_REV 2177
| #define COIN_OSI_VERBOSITY 0
| #define COIN_OSI_CHECKLEVEL 0
| #ifdef __cplusplus
| extern "C" void std::exit (int) throw (); using std::exit;
| #endif
| #define PACKAGE "osi"
| #define VERSION "0.107.8"
| #define HAVE_SYS_TYPES_H 1
| #define HAVE_SYS_STAT_H 1
| #define HAVE_STDLIB_H 1
| #define HAVE_STRING_H 1
| #define HAVE_MEMORY_H 1
| #define HAVE_STRINGS_H 1
| #define HAVE_INTTYPES_H 1
| #define HAVE_STDINT_H 1
| #define HAVE_UNISTD_H 1
| #define HAVE_DLFCN_H 1
| #define COIN_HAS_COINUTILS 1
| #define COIN_HAS_COINUTILS 1
| #define COIN_HAS_SAMPLE 1
| #define COIN_HAS_SAMPLE 1
| #define GLPK_HAS_INTOPT 1
| #define HAVE_CMATH 1
| #define HAVE_CFLOAT 1
| /* end confdefs.h.  */
| #include <stdio.h>
| #if HAVE_SYS_TYPES_H
| # include <sys/types.h>
| #endif
| #if HAVE_SYS_STAT_H
| # include <sys/stat.h>
| #endif
| #if STDC_HEADERS
| # include <stdlib.h>
| # include <stddef.h>
| #else
| # if HAVE_STDLIB_H
| #  include <stdlib.h>
| # endif
| #endif
| #if HAVE_STRING_H
| # if !STDC_HEADERS && HAVE_MEMORY_H
| #  include <memory.h>
| # endif
| # include <string.h>
| #endif
| #if HAVE_STRINGS_H
| # include <strings.h>
| #endif
| #if HAVE_INTTYPES_H
| # include <inttypes.h>
| #else
| # if HAVE_STDINT_H
| #  include <stdint.h>
| # endif
| #endif
| #if HAVE_UNISTD_H
| # include <unistd.h>
| #endif
| #include <ieeefp.h>
configure:25134: result: no
configure:25138: checking ieeefp.h presence
configure:25148: g++ -E  conftest.cc
conftest.cc:38:10: fatal error: ieeefp.h: No such file or directory
 #include <ieeefp.h>
          ^~~~~~~~~~
compilation terminated.
configure:25154: $? = 1
configure: failed program was:
| /* confdefs.h.  */
| 
| #define PACKAGE_NAME "Osi"
| #define PACKAGE_TARNAME "osi"
| #define PACKAGE_VERSION "0.107.8"
| #define PACKAGE_STRING "Osi 0.107.8"
| #define PACKAGE_BUGREPORT "osi@list.coin-or.org"
| #define OSI_VERSION "0.107.8"
| #define OSI_VERSION_MAJOR 0
| #define OSI_VERSION_MINOR 107
| #define OSI_VERSION_RELEASE 8
| #define OSI_SVN_REV 2177
| #define COIN_OSI_VERBOSITY 0
| #define COIN_OSI_CHECKLEVEL 0
| #ifdef __cplusplus
| extern "C" void std::exit (int) throw (); using std::exit;
| #endif
| #define PACKAGE "osi"
| #define VERSION "0.107.8"
| #define HAVE_SYS_TYPES_H 1
| #define HAVE_SYS_STAT_H 1
| #define HAVE_STDLIB_H 1
| #define HAVE_STRING_H 1
| #define HAVE_MEMORY_H 1
| #define HAVE_STRINGS_H 1
| #define HAVE_INTTYPES_H 1
| #define HAVE_STDINT_H 1
| #define HAVE_UNISTD_H 1
| #define HAVE_DLFCN_H 1
| #define COIN_HAS_COINUTILS 1
| #define COIN_HAS_COINUTILS 1
| #define COIN_HAS_SAMPLE 1
| #define COIN_HAS_SAMPLE 1
| #define GLPK_HAS_INTOPT 1
| #define HAVE_CMATH 1
| #define HAVE_CFLOAT 1
| /* end confdefs.h.  */
| #include <ieeefp.h>
configure:25174: result: no
configure:25209: checking for ieeefp.h
configure:25216: result: no
configure:25290: checking which command should be used to link input files
configure:25298: result: ln -s
configure:25625: creating ./config.status

## ---------------------- ##
## Running config.status. ##
## ---------------------- ##

This file was extended by Osi config.status 0.107.8, which was
generated by GNU Autoconf 2.59.  Invocation command line was

  CONFIG_FILES    = 
  CONFIG_HEADERS  = 
  CONFIG_LINKS    = 
  CONFIG_COMMANDS = 
  $ ./config.status 

on siili

config.status:888: creating Makefile
config.status:888: creating examples/Makefile
config.status:888: creating src/Osi/Makefile
config.status:888: creating src/OsiCpx/Makefile
config.status:888: creating src/OsiGlpk/Makefile
config.status:888: creating src/OsiMsk/Makefile
config.status:888: creating src/OsiXpr/Makefile
config.status:888: creating src/OsiGrb/Makefile
config.status:888: creating src/OsiSpx/Makefile
config.status:888: creating src/OsiCommonTest/Makefile
config.status:888: creating test/Makefile
config.status:888: creating osi.pc
config.status:888: creating osi-uninstalled.pc
config.status:888: creating osi-unittests.pc
config.status:888: creating osi-unittests-uninstalled.pc
config.status:888: creating doxydoc/doxygen.conf
config.status:992: creating src/Osi/config.h
config.status:992: creating src/Osi/config_osi.h
config.status:1302: executing depfiles commands
configure:27164: In case of trouble, first consult the troubleshooting page at https://projects.coin-or.org/BuildTools/wiki/user-troubleshooting
configure:27167: Configuration of Osi successful

## ---------------- ##
## Cache variables. ##
## ---------------- ##

ac_cv_build=x86_64-unknown-linux-gnu
ac_cv_build_alias=x86_64-unknown-linux-gnu
ac_cv_c_compiler_gnu=yes
ac_cv_cxx_compiler_gnu=yes
ac_cv_env_ADD_CFLAGS_set=
ac_cv_env_ADD_CFLAGS_value=
ac_cv_env_ADD_CXXFLAGS_set=
ac_cv_env_ADD_CXXFLAGS_value=
ac_cv_env_CC_set=
ac_cv_env_CC_value=
ac_cv_env_CDEFS_set=
ac_cv_env_CDEFS_value=
ac_cv_env_CFLAGS_set=
ac_cv_env_CFLAGS_value=
ac_cv_env_CPPFLAGS_set=
ac_cv_env_CPPFLAGS_value=
ac_cv_env_CPP_set=
ac_cv_env_CPP_value=
ac_cv_env_CXXCPP_set=
ac_cv_env_CXXCPP_value=
ac_cv_env_CXXDEFS_set=
ac_cv_env_CXXDEFS_value=
ac_cv_env_CXXFLAGS_set=
ac_cv_env_CXXFLAGS_value=
ac_cv_env_CXX_set=
ac_cv_env_CXX_value=
ac_cv_env_DBG_CFLAGS_set=
ac_cv_env_DBG_CFLAGS_value=
ac_cv_env_DBG_CXXFLAGS_set=
ac_cv_env_DBG_CXXFLAGS_value=
ac_cv_env_F77_set=
ac_cv_env_F77_value=
ac_cv_env_FFLAGS_set=
ac_cv_env_FFLAGS_value=
ac_cv_env_LDFLAGS_set=
ac_cv_env_LDFLAGS_value=
ac_cv_env_MPICC_set=
ac_cv_env_MPICC_value=
ac_cv_env_MPICXX_set=
ac_cv_env_MPICXX_value=
ac_cv_env_OPT_CFLAGS_set=
ac_cv_env_OPT_CFLAGS_value=
ac_cv_env_OPT_CXXFLAGS_set=
ac_cv_env_OPT_CXXFLAGS_value=
ac_cv_env_PKG_CONFIG_set=
ac_cv_env_PKG_CONFIG_value=
ac_cv_env_build_alias_set=
ac_cv_env_build_alias_value=
ac_cv_env_host_alias_set=
ac_cv_env_host_alias_value=
ac_cv_env_target_alias_set=
ac_cv_env_target_alias_value=
ac_cv_exeext=
ac_cv_header_cfloat=yes
ac_cv_header_cieeefp=no
ac_cv_header_cmath=yes
ac_cv_header_ieeefp_h=no
ac_cv_objext=o
ac_cv_path_install='/usr/bin/install -c'
ac_cv_prog_AWK=mawk
ac_cv_prog_ac_ct_CC=gcc
ac_cv_prog_ac_ct_CXX=g++
ac_cv_prog_cc_g=yes
ac_cv_prog_cc_stdc=
ac_cv_prog_coin_doxy_usedot=NO
ac_cv_prog_coin_have_doxygen=no
ac_cv_prog_coin_have_latex=no
ac_cv_prog_cxx_g=yes
ac_cv_prog_egrep='grep -E'
ac_cv_prog_have_svnversion=yes
ac_cv_prog_make_make_set=yes
am_cv_CC_dependencies_compiler_type=gcc3
am_cv_CXX_dependencies_compiler_type=gcc3

## ----------------- ##
## Output variables. ##
## ----------------- ##

ABSBUILDDIR='/home/mf/Cbc-2.9.8/Osi'
ACLOCAL='${SHELL} /home/mf/Cbc-2.9.8/Osi/missing --run aclocal-1.9'
ADD_CFLAGS=''
ADD_CXXFLAGS=''
ALWAYS_FALSE_FALSE=''
ALWAYS_FALSE_TRUE='#'
AMDEPBACKSLASH='\'
AMDEP_FALSE='#'
AMDEP_TRUE=''
AMTAR='${SHELL} /home/mf/Cbc-2.9.8/Osi/missing --run tar'
AR='ar'
AUTOCONF='${SHELL} /home/mf/Cbc-2.9.8/Osi/missing --run autoconf'
AUTOHEADER='${SHELL} /home/mf/Cbc-2.9.8/Osi/missing --run autoheader'
AUTOMAKE='${SHELL} /home/mf/Cbc-2.9.8/Osi/missing --run automake-1.9'
AUX_DIR=''
AWK='mawk'
BUILDTOOLSDIR=''
CC='gcc'
CCDEPMODE='depmode=gcc3'
CDEFS=''
CFLAGS='-O3 -pipe -DNDEBUG -pedantic-errors -Wimplicit -Wparentheses -Wsequence-point -Wreturn-type -Wcast-qual -Wall -Wno-unknown-pragmas -Wno-long-long   -DOSI_BUILD'
COINUTILS_CFLAGS=' -I/home/mf/Cbc-2.9.8/CoinUtils/src -I/home/mf/Cbc-2.9.8/CoinUtils/src '
COINUTILS_CFLAGS_INSTALLED=' -I/home/mf/Cbc-2.9.8/include/coin '
COINUTILS_DATA=''
COINUTILS_DATA_INSTALLED=''
COINUTILS_DEPENDENCIES='  /home/mf/Cbc-2.9.8/CoinUtils/src/libCoinUtils.la  '
COINUTILS_LIBS=' /home/mf/Cbc-2.9.8/CoinUtils/src/libCoinUtils.la -lm  '
COINUTILS_LIBS_INSTALLED=' -L/home/mf/Cbc-2.9.8/lib -lCoinUtils -lm  '
COIN_CC_IS_CL_FALSE=''
COIN_CC_IS_CL_TRUE='#'
COIN_CXX_IS_CL_FALSE=''
COIN_CXX_IS_CL_TRUE='#'
COIN_HAS_COINUTILS_FALSE='#'
COIN_HAS_COINUTILS_TRUE=''
COIN_HAS_CPX_FALSE=''
COIN_HAS_CPX_TRUE='#'
COIN_HAS_DOXYGEN_FALSE=''
COIN_HAS_DOXYGEN_TRUE='#'
COIN_HAS_GLPK_FALSE=''
COIN_HAS_GLPK_TRUE='#'
COIN_HAS_GRB_FALSE=''
COIN_HAS_GRB_TRUE='#'
COIN_HAS_LATEX_FALSE=''
COIN_HAS_LATEX_TRUE='#'
COIN_HAS_MSK_FALSE=''
COIN_HAS_MSK_TRUE='#'
COIN_HAS_NETLIB_FALSE=''
COIN_HAS_NETLIB_TRUE='#'
COIN_HAS_PKGCONFIG_FALSE=''
COIN_HAS_PKGCONFIG_TRUE='#'
COIN_HAS_SAMPLE_FALSE='#'
COIN_HAS_SAMPLE_TRUE=''
COIN_HAS_SOPLEX_FALSE=''
COIN_HAS_SOPLEX_TRUE='#'
COIN_HAS_XPR_FALSE=''
COIN_HAS_XPR_TRUE='#'
COIN_PKG_CONFIG_PATH='/home/mf/Cbc-2.9.8/lib64/pkgconfig:/home/mf/Cbc-2.9.8/lib/pkgconfig:/home/mf/Cbc-2.9.8/share/pkgconfig:'
COIN_PKG_CONFIG_PATH_UNINSTALLED='/home/mf/Cbc-2.9.8/Cbc:/home/mf/Cbc-2.9.8/Cgl:/home/mf/Cbc-2.9.8/Clp:/home/mf/Cbc-2.9.8/Osi:/home/mf/Cbc-2.9.8/CoinUtils:/home/mf/Cbc-2.9.8/Data/miplib3:/home/mf/Cbc-2.9.8/Data/Sample:'
CPP='gcc -E'
CPPFLAGS=''
CPXINCDIR=''
CPXLIB=''
CXX='g++'
CXXCPP='g++ -E'
CXXDEFS=''
CXXDEPMODE='depmode=gcc3'
CXXFLAGS='-O3 -pipe -DNDEBUG -pedantic-errors -Wparentheses -Wreturn-type -Wcast-qual -Wall -Wpointer-arith -Wwrite-strings -Wconversion -Wno-unknown-pragmas -Wno-long-long   -DOSI_BUILD'
CYGPATH_W='echo'
DBG_CFLAGS='-g -O0 -pipe -pedantic-errors -Wimplicit -Wparentheses -Wsequence-point -Wreturn-type -Wcast-qual -Wall -Wno-unknown-pragmas -Wno-long-long  '
DBG_CXXFLAGS='-g -O0 -pipe -pedantic-errors -Wparentheses -Wreturn-type -Wcast-qual -Wall -Wpointer-arith -Wwrite-strings -Wconversion -Wno-unknown-pragmas -Wno-long-long  '
DEFS='-DHAVE_CONFIG_H'
DEPDIR='.deps'
DEPENDENCY_LINKING_FALSE='#'
DEPENDENCY_LINKING_TRUE=''
ECHO='echo'
ECHO_C=''
ECHO_N='-n'
ECHO_T=''
EGREP='grep -E'
EXEEXT=''
F77=''
FFLAGS=''
GLPK_CFLAGS=''
GLPK_CFLAGS_INSTALLED=''
GLPK_DATA=''
GLPK_DATA_INSTALLED=''
GLPK_DEPENDENCIES=''
GLPK_LIBS=''
GLPK_LIBS_INSTALLED=''
GRBINCDIR=''
GRBLIB=''
HAVE_EXTERNALS_FALSE=''
HAVE_EXTERNALS_TRUE='#'
INSTALL_DATA='${INSTALL} -m 644'
INSTALL_PROGRAM='${INSTALL}'
INSTALL_SCRIPT='${INSTALL}'
INSTALL_STRIP_PROGRAM='${SHELL} $(install_sh) -c -s'
LDFLAGS=''
LIBEXT='a'
LIBOBJS=''
LIBS=''
LIBTOOL='$(SHELL) $(top_builddir)/../libtool'
LIBTOOLM4=''
LN_S='ln -s'
LTLIBOBJS=''
LT_LDFLAGS='-no-undefined -version-info 13:8:12'
MAINT='#'
MAINTAINER_MODE_FALSE=''
MAINTAINER_MODE_TRUE='#'
MAKEINFO='${SHELL} /home/mf/Cbc-2.9.8/Osi/missing --run makeinfo'
MPICC=''
MPICXX=''
MSKINCDIR=''
MSKLIB=''
NETLIB_CFLAGS=''
NETLIB_CFLAGS_INSTALLED=''
NETLIB_DATA=''
NETLIB_DATA_INSTALLED=''
NETLIB_DEPENDENCIES=''
NETLIB_LIBS=''
NETLIB_LIBS_INSTALLED=''
OBJEXT='o'
OPT_CFLAGS='-O3 -pipe -DNDEBUG -pedantic-errors -Wimplicit -Wparentheses -Wsequence-point -Wreturn-type -Wcast-qual -Wall -Wno-unknown-pragmas -Wno-long-long  '
OPT_CXXFLAGS='-O3 -pipe -DNDEBUG -pedantic-errors -Wparentheses -Wreturn-type -Wcast-qual -Wall -Wpointer-arith -Wwrite-strings -Wconversion -Wno-unknown-pragmas -Wno-long-long  '
OSIGLPKLIB_CFLAGS=''
OSIGLPKLIB_CFLAGS_INSTALLED=''
OSIGLPKLIB_DEPENDENCIES=''
OSIGLPKLIB_LIBS=''
OSIGLPKLIB_LIBS_INSTALLED=''
OSIGLPKLIB_PCLIBS=''
OSIGLPKLIB_PCREQUIRES=''
OSILIB_CFLAGS=' -I/home/mf/Cbc-2.9.8/CoinUtils/src -I/home/mf/Cbc-2.9.8/CoinUtils/src  '
OSILIB_CFLAGS_INSTALLED=' -I/home/mf/Cbc-2.9.8/include/coin  '
OSILIB_DEPENDENCIES='  /home/mf/Cbc-2.9.8/CoinUtils/src/libCoinUtils.la    '
OSILIB_LIBS=' /home/mf/Cbc-2.9.8/CoinUtils/src/libCoinUtils.la -lm   '
OSILIB_LIBS_INSTALLED=' -L/home/mf/Cbc-2.9.8/lib -lCoinUtils -lm   '
OSILIB_PCLIBS=''
OSILIB_PCREQUIRES='coinutils '
OSISPXLIB_CFLAGS=''
OSISPXLIB_CFLAGS_INSTALLED=''
OSISPXLIB_DEPENDENCIES=''
OSISPXLIB_LIBS=''
OSISPXLIB_LIBS_INSTALLED=''
OSISPXLIB_PCLIBS=''
OSISPXLIB_PCREQUIRES=''
OSI_EXAMPLES_SOLVER_CFLAGS=''
OSI_EXAMPLES_SOLVER_LIBS=''
OSI_EXAMPLES_SOLVER_NAME=''
OSI_EXAMPLES_SOLVER_PCNAME=''
OSI_SVN_REV='2177'
PACKAGE='osi'
PACKAGE_BUGREPORT='osi@list.coin-or.org'
PACKAGE_NAME='Osi'
PACKAGE_STRING='Osi 0.107.8'
PACKAGE_TARNAME='osi'
PACKAGE_VERSION='0.107.8'
PATH_SEPARATOR=':'
PKG_CONFIG=''
RANLIB='ranlib'
RPATH_FLAGS=' -Wl,--rpath -Wl,/home/mf/Cbc-2.9.8/lib'
SAMPLE_CFLAGS=' '
SAMPLE_CFLAGS_INSTALLED=' '
SAMPLE_DATA='/home/mf/Cbc-2.9.8/Data/Sample'
SAMPLE_DATA_INSTALLED='/home/mf/Cbc-2.9.8/share/coin/Data/Sample'
SAMPLE_DEPENDENCIES='  '
SAMPLE_LIBS=' '
SAMPLE_LIBS_INSTALLED=' '
SET_MAKE=''
SHELL='/bin/bash'
SOPLEX_CFLAGS=''
SOPLEX_CFLAGS_INSTALLED=''
SOPLEX_DATA=''
SOPLEX_DATA_INSTALLED=''
SOPLEX_DEPENDENCIES=''
SOPLEX_LIBS=''
SOPLEX_LIBS_INSTALLED=''
STRIP='strip'
VERSION='0.107.8'
VPATH_DISTCLEANFILES=''
XPRINCDIR=''
XPRLIB=''
abs_bin_dir='/home/mf/Cbc-2.9.8/bin'
abs_include_dir='/home/mf/Cbc-2.9.8/include'
abs_lib_dir='/home/mf/Cbc-2.9.8/lib'
abs_source_dir='/home/mf/Cbc-2.9.8/Osi'
ac_c_preproc_warn_flag=''
ac_ct_AR='ar'
ac_ct_CC='gcc'
ac_ct_CXX='g++'
ac_ct_F77=''
ac_ct_PKG_CONFIG=''
ac_ct_RANLIB='ranlib'
ac_ct_STRIP='strip'
ac_cxx_preproc_warn_flag=''
am__fastdepCC_FALSE='#'
am__fastdepCC_TRUE=''
am__fastdepCXX_FALSE='#'
am__fastdepCXX_TRUE=''
am__include='include'
am__leading_dot='.'
am__quote=''
am__tar='${AMTAR} chof - "$$tardir"'
am__untar='${AMTAR} xf -'
bindir='${exec_prefix}/bin'
build='x86_64-unknown-linux-gnu'
build_alias=''
build_cpu='x86_64'
build_os='linux-gnu'
build_vendor='unknown'
coin_doxy_excludes=' */CoinUtils'
coin_doxy_logname='doxydoc/osi_doxy.log'
coin_doxy_tagfiles=' ../CoinUtils/doxydoc/coinutils_doxy.tag=../../../CoinUtils/doxydoc/html'
coin_doxy_tagname='doxydoc/osi_doxy.tag'
coin_doxy_usedot='NO'
coin_have_doxygen='no'
coin_have_latex='no'
datadir='${prefix}/share'
exec_prefix='${prefix}'
have_autoconf=''
have_automake=''
have_svn=''
have_svnversion='yes'
host='x86_64-unknown-linux-gnu'
host_alias=''
host_cpu='x86_64'
host_os='linux-gnu'
host_vendor='unknown'
includedir='${prefix}/include'
infodir='${prefix}/info'
install_sh='/home/mf/Cbc-2.9.8/Osi/install-sh'
libdir='${exec_prefix}/lib'
libexecdir='${exec_prefix}/libexec'
localstatedir='${prefix}/var'
mandir='${prefix}/man'
mkdir_p='mkdir -p --'
oldincludedir='/usr/include'
prefix='/home/mf/Cbc-2.9.8'
program_transform_name='s,x,x,'
sbindir='${exec_prefix}/sbin'
sharedstatedir='${prefix}/com'
sol_cc_compiler=''
sysconfdir='${prefix}/etc'
target_alias=''

## ----------- ##
## confdefs.h. ##
## ----------- ##

#define COIN_HAS_COINUTILS 1
#define COIN_HAS_COINUTILS 1
#define COIN_HAS_SAMPLE 1
#define COIN_HAS_SAMPLE 1
#define COIN_OSI_CHECKLEVEL 0
#define COIN_OSI_VERBOSITY 0
#define GLPK_HAS_INTOPT 1
#define HAVE_CFLOAT 1
#define HAVE_CMATH 1
#define HAVE_DLFCN_H 1
#define HAVE_INTTYPES_H 1
#define HAVE_MEMORY_H 1
#define HAVE_STDINT_H 1
#define HAVE_STDLIB_H 1
#define HAVE_STRINGS_H 1
#define HAVE_STRING_H 1
#define HAVE_SYS_STAT_H 1
#define HAVE_SYS_TYPES_H 1
#define HAVE_UNISTD_H 1
#define OSI_SVN_REV 2177
#define OSI_VERSION "0.107.8"
#define OSI_VERSION_MAJOR 0
#define OSI_VERSION_MINOR 107
#define OSI_VERSION_RELEASE 8
#define PACKAGE "osi"
#define PACKAGE_BUGREPORT "osi@list.coin-or.org"
#define PACKAGE_NAME "Osi"
#define PACKAGE_STRING "Osi 0.107.8"
#define PACKAGE_TARNAME "osi"
#define PACKAGE_VERSION "0.107.8"
#define VERSION "0.107.8"
#endif
#ifdef __cplusplus
extern "C" void std::exit (int) throw (); using std::exit;

configure: exit 0
