This file contains any messages produced by compilers while
running configure, to aid debugging if configure makes a mistake.

It was created by Cbc configure 2.9.8, which was
generated by GNU Autoconf 2.59.  Invocation command line was

  $ ./configure --prefix=/home/mf/Cbc-2.9.8 --cache-file=/dev/null --srcdir=.

## --------- ##
## Platform. ##
## --------- ##

hostname = siili
uname -m = x86_64
uname -r = 4.15.0-36-generic
uname -s = Linux
uname -v = #39-Ubuntu SMP Mon Sep 24 16:19:09 UTC 2018

/usr/bin/uname -p = unknown
/bin/uname -X     = unknown

/bin/arch              = unknown
/usr/bin/arch -k       = unknown
/usr/convex/getsysinfo = unknown
hostinfo               = unknown
/bin/machine           = unknown
/usr/bin/oslevel       = unknown
/bin/universe          = unknown

PATH: /home/mf/miniconda3/envs/optimization/bin
PATH: /home/mf/miniconda3/bin
PATH: /home/mf/.local/bin
PATH: /usr/local/sbin
PATH: /usr/local/bin
PATH: /usr/sbin
PATH: /usr/bin
PATH: /sbin
PATH: /bin
PATH: /usr/games
PATH: /usr/local/games
PATH: /snap/bin


## ----------- ##
## Core tests. ##
## ----------- ##

configure:1720: checking build system type
configure:1738: result: x86_64-unknown-linux-gnu
configure:1811: checking for svnversion
configure:1827: found /usr/bin/svnversion
configure:1838: result: yes
configure:1868: checking whether we want to compile in debug mode
configure:1914: result: no
configure:2164: checking for gcc
configure:2180: found /usr/bin/gcc
configure:2190: result: gcc
configure:2211: checking for C compiler version
configure:2214: gcc --version </dev/null >&5
gcc (Ubuntu 7.3.0-27ubuntu1~18.04) 7.3.0
Copyright (C) 2017 Free Software Foundation, Inc.
This is free software; see the source for copying conditions.  There is NO
warranty; not even for MERCHANTABILITY or FITNESS FOR A PARTICULAR PURPOSE.

configure:2217: $? = 0
configure:2219: gcc -v </dev/null >&5
Using built-in specs.
COLLECT_GCC=gcc
COLLECT_LTO_WRAPPER=/usr/lib/gcc/x86_64-linux-gnu/7/lto-wrapper
OFFLOAD_TARGET_NAMES=nvptx-none
OFFLOAD_TARGET_DEFAULT=1
Target: x86_64-linux-gnu
Configured with: ../src/configure -v --with-pkgversion='Ubuntu 7.3.0-27ubuntu1~18.04' --with-bugurl=file:///usr/share/doc/gcc-7/README.Bugs --enable-languages=c,ada,c++,go,brig,d,fortran,objc,obj-c++ --prefix=/usr --with-gcc-major-version-only --program-suffix=-7 --program-prefix=x86_64-linux-gnu- --enable-shared --enable-linker-build-id --libexecdir=/usr/lib --without-included-gettext --enable-threads=posix --libdir=/usr/lib --enable-nls --with-sysroot=/ --enable-clocale=gnu --enable-libstdcxx-debug --enable-libstdcxx-time=yes --with-default-libstdcxx-abi=new --enable-gnu-unique-object --disable-vtable-verify --enable-libmpx --enable-plugin --enable-default-pie --with-system-zlib --with-target-system-zlib --enable-objc-gc=auto --enable-multiarch --disable-werror --with-arch-32=i686 --with-abi=m64 --with-multilib-list=m32,m64,mx32 --enable-multilib --with-tune=generic --enable-offload-targets=nvptx-none --without-cuda-driver --enable-checking=release --build=x86_64-linux-gnu --host=x86_64-linux-gnu --target=x86_64-linux-gnu
Thread model: posix
gcc version 7.3.0 (Ubuntu 7.3.0-27ubuntu1~18.04) 
configure:2222: $? = 0
configure:2224: gcc -V </dev/null >&5
gcc: error: unrecognized command line option '-V'
gcc: fatal error: no input files
compilation terminated.
configure:2227: $? = 1
configure:2250: checking for C compiler default output file name
configure:2253: gcc    conftest.c  >&5
configure:2256: $? = 0
configure:2302: result: a.out
configure:2307: checking whether the C compiler works
configure:2313: ./a.out
configure:2316: $? = 0
configure:2333: result: yes
configure:2340: checking whether we are cross compiling
configure:2342: result: no
configure:2345: checking for suffix of executables
configure:2347: gcc -o conftest    conftest.c  >&5
configure:2350: $? = 0
configure:2375: result: 
configure:2381: checking for suffix of object files
configure:2402: gcc -c   conftest.c >&5
configure:2405: $? = 0
configure:2427: result: o
configure:2431: checking whether we are using the GNU C compiler
configure:2455: gcc -c   conftest.c >&5
configure:2461: $? = 0
configure:2465: test -z 
			 || test ! -s conftest.err
configure:2468: $? = 0
configure:2471: test -s conftest.o
configure:2474: $? = 0
configure:2487: result: yes
configure:2493: checking whether gcc accepts -g
configure:2514: gcc -c -g  conftest.c >&5
configure:2520: $? = 0
configure:2524: test -z 
			 || test ! -s conftest.err
configure:2527: $? = 0
configure:2530: test -s conftest.o
configure:2533: $? = 0
configure:2544: result: yes
configure:2561: checking for gcc option to accept ANSI C
configure:2631: gcc  -c -g -O2  conftest.c >&5
configure:2637: $? = 0
configure:2641: test -z 
			 || test ! -s conftest.err
configure:2644: $? = 0
configure:2647: test -s conftest.o
configure:2650: $? = 0
configure:2668: result: none needed
configure:2686: gcc -c -g -O2  conftest.c >&5
conftest.c:2:3: error: unknown type name 'choke'
   choke me
   ^~~~~
conftest.c:2:3: error: expected '=', ',', ';', 'asm' or '__attribute__' at end of input
configure:2692: $? = 1
configure: failed program was:
| #ifndef __cplusplus
|   choke me
| #endif
configure:3120: gcc -o conftest -O3 -pipe -DNDEBUG -pedantic-errors -Wimplicit -Wparentheses -Wsequence-point -Wreturn-type -Wcast-qual -Wall -Wno-unknown-pragmas -Wno-long-long   -DCBC_BUILD   conftest.c  >&5
configure:3126: $? = 0
configure:3130: test -z 
			 || test ! -s conftest.err
configure:3133: $? = 0
configure:3136: test -s conftest
configure:3139: $? = 0
configure:3206: C compiler options are: -O3 -pipe -DNDEBUG -pedantic-errors -Wimplicit -Wparentheses -Wsequence-point -Wreturn-type -Wcast-qual -Wall -Wno-unknown-pragmas -Wno-long-long   -DCBC_BUILD
configure:3321: checking for g++
configure:3337: found /usr/bin/g++
configure:3347: result: g++
configure:3363: checking for C++ compiler version
configure:3366: g++ --version </dev/null >&5
g++ (Ubuntu 7.3.0-27ubuntu1~18.04) 7.3.0
Copyright (C) 2017 Free Software Foundation, Inc.
This is free software; see the source for copying conditions.  There is NO
warranty; not even for MERCHANTABILITY or FITNESS FOR A PARTICULAR PURPOSE.

configure:3369: $? = 0
configure:3371: g++ -v </dev/null >&5
Using built-in specs.
COLLECT_GCC=g++
COLLECT_LTO_WRAPPER=/usr/lib/gcc/x86_64-linux-gnu/7/lto-wrapper
OFFLOAD_TARGET_NAMES=nvptx-none
OFFLOAD_TARGET_DEFAULT=1
Target: x86_64-linux-gnu
Configured with: ../src/configure -v --with-pkgversion='Ubuntu 7.3.0-27ubuntu1~18.04' --with-bugurl=file:///usr/share/doc/gcc-7/README.Bugs --enable-languages=c,ada,c++,go,brig,d,fortran,objc,obj-c++ --prefix=/usr --with-gcc-major-version-only --program-suffix=-7 --program-prefix=x86_64-linux-gnu- --enable-shared --enable-linker-build-id --libexecdir=/usr/lib --without-included-gettext --enable-threads=posix --libdir=/usr/lib --enable-nls --with-sysroot=/ --enable-clocale=gnu --enable-libstdcxx-debug --enable-libstdcxx-time=yes --with-default-libstdcxx-abi=new --enable-gnu-unique-object --disable-vtable-verify --enable-libmpx --enable-plugin --enable-default-pie --with-system-zlib --with-target-system-zlib --enable-objc-gc=auto --enable-multiarch --disable-werror --with-arch-32=i686 --with-abi=m64 --with-multilib-list=m32,m64,mx32 --enable-multilib --with-tune=generic --enable-offload-targets=nvptx-none --without-cuda-driver --enable-checking=release --build=x86_64-linux-gnu --host=x86_64-linux-gnu --target=x86_64-linux-gnu
Thread model: posix
gcc version 7.3.0 (Ubuntu 7.3.0-27ubuntu1~18.04) 
configure:3374: $? = 0
configure:3376: g++ -V </dev/null >&5
g++: error: unrecognized command line option '-V'
g++: fatal error: no input files
compilation terminated.
configure:3379: $? = 1
configure:3382: checking whether we are using the GNU C++ compiler
configure:3406: g++ -c   conftest.cc >&5
configure:3412: $? = 0
configure:3416: test -z 
			 || test ! -s conftest.err
configure:3419: $? = 0
configure:3422: test -s conftest.o
configure:3425: $? = 0
configure:3438: result: yes
configure:3444: checking whether g++ accepts -g
configure:3465: g++ -c -g  conftest.cc >&5
configure:3471: $? = 0
configure:3475: test -z 
			 || test ! -s conftest.err
configure:3478: $? = 0
configure:3481: test -s conftest.o
configure:3484: $? = 0
configure:3495: result: yes
configure:3537: g++ -c -g -O2  conftest.cc >&5
configure:3543: $? = 0
configure:3547: test -z 
			 || test ! -s conftest.err
configure:3550: $? = 0
configure:3553: test -s conftest.o
configure:3556: $? = 0
configure:3582: g++ -c -g -O2  conftest.cc >&5
conftest.cc: In function 'int main()':
conftest.cc:20:1: error: 'exit' was not declared in this scope
 exit (42);
 ^~~~
configure:3588: $? = 1
configure: failed program was:
| /* confdefs.h.  */
| 
| #define PACKAGE_NAME "Cbc"
| #define PACKAGE_TARNAME "cbc"
| #define PACKAGE_VERSION "2.9.8"
| #define PACKAGE_STRING "Cbc 2.9.8"
| #define PACKAGE_BUGREPORT "cbc@lists.coin-or.org"
| #define CBC_VERSION "2.9.8"
| #define CBC_VERSION_MAJOR 2
| #define CBC_VERSION_MINOR 9
| #define CBC_VERSION_RELEASE 8
| #define CBC_SVN_REV 2404
| #define COIN_CBC_VERBOSITY 0
| #define COIN_CBC_CHECKLEVEL 0
| /* end confdefs.h.  */
| 
| int
| main ()
| {
| exit (42);
|   ;
|   return 0;
| }
configure:3537: g++ -c -g -O2  conftest.cc >&5
configure:3543: $? = 0
configure:3547: test -z 
			 || test ! -s conftest.err
configure:3550: $? = 0
configure:3553: test -s conftest.o
configure:3556: $? = 0
configure:3582: g++ -c -g -O2  conftest.cc >&5
configure:3588: $? = 0
configure:3592: test -z 
			 || test ! -s conftest.err
configure:3595: $? = 0
configure:3598: test -s conftest.o
configure:3601: $? = 0
configure:3633: checking whether C++ compiler g++ works
configure:3651: g++ -c -g -O2  conftest.cc >&5
configure:3657: $? = 0
configure:3661: test -z 
			 || test ! -s conftest.err
configure:3664: $? = 0
configure:3667: test -s conftest.o
configure:3670: $? = 0
configure:3672: result: yes
configure:4000: g++ -o conftest -O3 -pipe -DNDEBUG -pedantic-errors -Wparentheses -Wreturn-type -Wcast-qual -Wall -Wpointer-arith -Wwrite-strings -Wconversion -Wno-unknown-pragmas -Wno-long-long   -DCBC_BUILD   conftest.cc  >&5
configure:4006: $? = 0
configure:4010: test -z 
			 || test ! -s conftest.err
configure:4013: $? = 0
configure:4016: test -s conftest
configure:4019: $? = 0
configure:4086: C++ compiler options are: -O3 -pipe -DNDEBUG -pedantic-errors -Wparentheses -Wreturn-type -Wcast-qual -Wall -Wpointer-arith -Wwrite-strings -Wconversion -Wno-unknown-pragmas -Wno-long-long   -DCBC_BUILD
configure:4205: checking for egrep
configure:4215: result: grep -E
configure:4220: checking whether ln -s works
configure:4224: result: yes
configure:4245: checking for a BSD-compatible install
configure:4300: result: /usr/bin/install -c
configure:4311: checking whether build environment is sane
configure:4354: result: yes
configure:4419: checking for gawk
configure:4448: result: no
configure:4419: checking for mawk
configure:4435: found /usr/bin/mawk
configure:4445: result: mawk
configure:4455: checking whether make sets $(MAKE)
configure:4475: result: yes
configure:4505: checking for style of include used by make
configure:4533: result: GNU
configure:4714: checking dependency style of gcc
configure:4804: result: gcc3
configure:4823: checking dependency style of g++
configure:4913: result: gcc3
configure:4931: checking whether to enable maintainer-specific portions of Makefiles
configure:4940: result: no
configure:20438: Using libtool script in directory ..
configure:20537: checking if library version is set
configure:20541: result: 12:8:9
configure:20614: checking for pkg-config
configure:20643: result: no
configure:20754: checking for COIN-OR package CoinDepend
configure:20951: result: skipped check via pkg-config, redirect to fallback
configure:20954: checking for COIN-OR package CoinDepend (fallback)
configure:21150: result: yes
configure:21302: checking for COIN-OR package Clp
configure:21499: result: skipped check via pkg-config, redirect to fallback
configure:21502: checking for COIN-OR package Clp (fallback)
configure:21698: result: yes
configure:21850: checking for COIN-OR package OsiTests
configure:22017: result: skipped check via pkg-config, redirect to fallback
configure:22020: checking for COIN-OR package OsiTests (fallback)
configure:22216: result: yes
configure:22330: checking for COIN-OR package Sample
configure:22497: result: skipped check via pkg-config, redirect to fallback
configure:22500: checking for COIN-OR package Sample (fallback)
configure:22696: result: yes
configure:22810: checking for COIN-OR package Netlib
configure:22977: result: skipped check via pkg-config, redirect to fallback
configure:22980: checking for COIN-OR package Netlib (fallback)
configure:23046: result: no, dependency coindatanetlib not available
configure:23290: checking for COIN-OR package Miplib3
configure:23457: result: skipped check via pkg-config, redirect to fallback
configure:23460: checking for COIN-OR package Miplib3 (fallback)
configure:23656: result: yes
configure:23800: checking cmath usability
configure:23812: g++ -c -O3 -pipe -DNDEBUG -pedantic-errors -Wparentheses -Wreturn-type -Wcast-qual -Wall -Wpointer-arith -Wwrite-strings -Wconversion -Wno-unknown-pragmas -Wno-long-long   -DCBC_BUILD  conftest.cc >&5
configure:23818: $? = 0
configure:23822: test -z 
			 || test ! -s conftest.err
configure:23825: $? = 0
configure:23828: test -s conftest.o
configure:23831: $? = 0
configure:23841: result: yes
configure:23845: checking cmath presence
configure:23855: g++ -E  conftest.cc
configure:23861: $? = 0
configure:23881: result: yes
configure:23916: checking for cmath
configure:23923: result: yes
configure:24129: checking cfloat usability
configure:24141: g++ -c -O3 -pipe -DNDEBUG -pedantic-errors -Wparentheses -Wreturn-type -Wcast-qual -Wall -Wpointer-arith -Wwrite-strings -Wconversion -Wno-unknown-pragmas -Wno-long-long   -DCBC_BUILD  conftest.cc >&5
configure:24147: $? = 0
configure:24151: test -z 
			 || test ! -s conftest.err
configure:24154: $? = 0
configure:24157: test -s conftest.o
configure:24160: $? = 0
configure:24170: result: yes
configure:24174: checking cfloat presence
configure:24184: g++ -E  conftest.cc
configure:24190: $? = 0
configure:24210: result: yes
configure:24245: checking for cfloat
configure:24252: result: yes
configure:24458: checking cieeefp usability
configure:24470: g++ -c -O3 -pipe -DNDEBUG -pedantic-errors -Wparentheses -Wreturn-type -Wcast-qual -Wall -Wpointer-arith -Wwrite-strings -Wconversion -Wno-unknown-pragmas -Wno-long-long   -DCBC_BUILD  conftest.cc >&5
conftest.cc:77:10: fatal error: cieeefp: No such file or directory
 #include <cieeefp>
          ^~~~~~~~~
compilation terminated.
configure:24476: $? = 1
configure: failed program was:
| /* confdefs.h.  */
| 
| #define PACKAGE_NAME "Cbc"
| #define PACKAGE_TARNAME "cbc"
| #define PACKAGE_VERSION "2.9.8"
| #define PACKAGE_STRING "Cbc 2.9.8"
| #define PACKAGE_BUGREPORT "cbc@lists.coin-or.org"
| #define CBC_VERSION "2.9.8"
| #define CBC_VERSION_MAJOR 2
| #define CBC_VERSION_MINOR 9
| #define CBC_VERSION_RELEASE 8
| #define CBC_SVN_REV 2404
| #define COIN_CBC_VERBOSITY 0
| #define COIN_CBC_CHECKLEVEL 0
| #ifdef __cplusplus
| extern "C" void std::exit (int) throw (); using std::exit;
| #endif
| #define PACKAGE "cbc"
| #define VERSION "2.9.8"
| #define HAVE_SYS_TYPES_H 1
| #define HAVE_SYS_STAT_H 1
| #define HAVE_STDLIB_H 1
| #define HAVE_STRING_H 1
| #define HAVE_MEMORY_H 1
| #define HAVE_STRINGS_H 1
| #define HAVE_INTTYPES_H 1
| #define HAVE_STDINT_H 1
| #define HAVE_UNISTD_H 1
| #define HAVE_DLFCN_H 1
| #define COIN_HAS_COINDEPEND 1
| #define COIN_HAS_COINDEPEND 1
| #define COIN_HAS_CLP 1
| #define COIN_HAS_CLP 1
| #define COIN_HAS_OSITESTS 1
| #define COIN_HAS_OSITESTS 1
| #define COIN_HAS_SAMPLE 1
| #define COIN_HAS_SAMPLE 1
| #define COIN_HAS_MIPLIB3 1
| #define COIN_HAS_MIPLIB3 1
| #define HAVE_CMATH 1
| #define HAVE_CFLOAT 1
| /* end confdefs.h.  */
| #include <stdio.h>
| #if HAVE_SYS_TYPES_H
| # include <sys/types.h>
| #endif
| #if HAVE_SYS_STAT_H
| # include <sys/stat.h>
| #endif
| #if STDC_HEADERS
| # include <stdlib.h>
| # include <stddef.h>
| #else
| # if HAVE_STDLIB_H
| #  include <stdlib.h>
| # endif
| #endif
| #if HAVE_STRING_H
| # if !STDC_HEADERS && HAVE_MEMORY_H
| #  include <memory.h>
| # endif
| # include <string.h>
| #endif
| #if HAVE_STRINGS_H
| # include <strings.h>
| #endif
| #if HAVE_INTTYPES_H
| # include <inttypes.h>
| #else
| # if HAVE_STDINT_H
| #  include <stdint.h>
| # endif
| #endif
| #if HAVE_UNISTD_H
| # include <unistd.h>
| #endif
| #include <cieeefp>
configure:24499: result: no
configure:24503: checking cieeefp presence
configure:24513: g++ -E  conftest.cc
conftest.cc:43:10: fatal error: cieeefp: No such file or directory
 #include <cieeefp>
          ^~~~~~~~~
compilation terminated.
configure:24519: $? = 1
configure: failed program was:
| /* confdefs.h.  */
| 
| #define PACKAGE_NAME "Cbc"
| #define PACKAGE_TARNAME "cbc"
| #define PACKAGE_VERSION "2.9.8"
| #define PACKAGE_STRING "Cbc 2.9.8"
| #define PACKAGE_BUGREPORT "cbc@lists.coin-or.org"
| #define CBC_VERSION "2.9.8"
| #define CBC_VERSION_MAJOR 2
| #define CBC_VERSION_MINOR 9
| #define CBC_VERSION_RELEASE 8
| #define CBC_SVN_REV 2404
| #define COIN_CBC_VERBOSITY 0
| #define COIN_CBC_CHECKLEVEL 0
| #ifdef __cplusplus
| extern "C" void std::exit (int) throw (); using std::exit;
| #endif
| #define PACKAGE "cbc"
| #define VERSION "2.9.8"
| #define HAVE_SYS_TYPES_H 1
| #define HAVE_SYS_STAT_H 1
| #define HAVE_STDLIB_H 1
| #define HAVE_STRING_H 1
| #define HAVE_MEMORY_H 1
| #define HAVE_STRINGS_H 1
| #define HAVE_INTTYPES_H 1
| #define HAVE_STDINT_H 1
| #define HAVE_UNISTD_H 1
| #define HAVE_DLFCN_H 1
| #define COIN_HAS_COINDEPEND 1
| #define COIN_HAS_COINDEPEND 1
| #define COIN_HAS_CLP 1
| #define COIN_HAS_CLP 1
| #define COIN_HAS_OSITESTS 1
| #define COIN_HAS_OSITESTS 1
| #define COIN_HAS_SAMPLE 1
| #define COIN_HAS_SAMPLE 1
| #define COIN_HAS_MIPLIB3 1
| #define COIN_HAS_MIPLIB3 1
| #define HAVE_CMATH 1
| #define HAVE_CFLOAT 1
| /* end confdefs.h.  */
| #include <cieeefp>
configure:24539: result: no
configure:24574: checking for cieeefp
configure:24581: result: no
configure:24616: checking ieeefp.h usability
configure:24628: g++ -c -O3 -pipe -DNDEBUG -pedantic-errors -Wparentheses -Wreturn-type -Wcast-qual -Wall -Wpointer-arith -Wwrite-strings -Wconversion -Wno-unknown-pragmas -Wno-long-long   -DCBC_BUILD  conftest.cc >&5
conftest.cc:77:10: fatal error: ieeefp.h: No such file or directory
 #include <ieeefp.h>
          ^~~~~~~~~~
compilation terminated.
configure:24634: $? = 1
configure: failed program was:
| /* confdefs.h.  */
| 
| #define PACKAGE_NAME "Cbc"
| #define PACKAGE_TARNAME "cbc"
| #define PACKAGE_VERSION "2.9.8"
| #define PACKAGE_STRING "Cbc 2.9.8"
| #define PACKAGE_BUGREPORT "cbc@lists.coin-or.org"
| #define CBC_VERSION "2.9.8"
| #define CBC_VERSION_MAJOR 2
| #define CBC_VERSION_MINOR 9
| #define CBC_VERSION_RELEASE 8
| #define CBC_SVN_REV 2404
| #define COIN_CBC_VERBOSITY 0
| #define COIN_CBC_CHECKLEVEL 0
| #ifdef __cplusplus
| extern "C" void std::exit (int) throw (); using std::exit;
| #endif
| #define PACKAGE "cbc"
| #define VERSION "2.9.8"
| #define HAVE_SYS_TYPES_H 1
| #define HAVE_SYS_STAT_H 1
| #define HAVE_STDLIB_H 1
| #define HAVE_STRING_H 1
| #define HAVE_MEMORY_H 1
| #define HAVE_STRINGS_H 1
| #define HAVE_INTTYPES_H 1
| #define HAVE_STDINT_H 1
| #define HAVE_UNISTD_H 1
| #define HAVE_DLFCN_H 1
| #define COIN_HAS_COINDEPEND 1
| #define COIN_HAS_COINDEPEND 1
| #define COIN_HAS_CLP 1
| #define COIN_HAS_CLP 1
| #define COIN_HAS_OSITESTS 1
| #define COIN_HAS_OSITESTS 1
| #define COIN_HAS_SAMPLE 1
| #define COIN_HAS_SAMPLE 1
| #define COIN_HAS_MIPLIB3 1
| #define COIN_HAS_MIPLIB3 1
| #define HAVE_CMATH 1
| #define HAVE_CFLOAT 1
| /* end confdefs.h.  */
| #include <stdio.h>
| #if HAVE_SYS_TYPES_H
| # include <sys/types.h>
| #endif
| #if HAVE_SYS_STAT_H
| # include <sys/stat.h>
| #endif
| #if STDC_HEADERS
| # include <stdlib.h>
| # include <stddef.h>
| #else
| # if HAVE_STDLIB_H
| #  include <stdlib.h>
| # endif
| #endif
| #if HAVE_STRING_H
| # if !STDC_HEADERS && HAVE_MEMORY_H
| #  include <memory.h>
| # endif
| # include <string.h>
| #endif
| #if HAVE_STRINGS_H
| # include <strings.h>
| #endif
| #if HAVE_INTTYPES_H
| # include <inttypes.h>
| #else
| # if HAVE_STDINT_H
| #  include <stdint.h>
| # endif
| #endif
| #if HAVE_UNISTD_H
| # include <unistd.h>
| #endif
| #include <ieeefp.h>
configure:24657: result: no
configure:24661: checking ieeefp.h presence
configure:24671: g++ -E  conftest.cc
conftest.cc:43:10: fatal error: ieeefp.h: No such file or directory
 #include <ieeefp.h>
          ^~~~~~~~~~
compilation terminated.
configure:24677: $? = 1
configure: failed program was:
| /* confdefs.h.  */
| 
| #define PACKAGE_NAME "Cbc"
| #define PACKAGE_TARNAME "cbc"
| #define PACKAGE_VERSION "2.9.8"
| #define PACKAGE_STRING "Cbc 2.9.8"
| #define PACKAGE_BUGREPORT "cbc@lists.coin-or.org"
| #define CBC_VERSION "2.9.8"
| #define CBC_VERSION_MAJOR 2
| #define CBC_VERSION_MINOR 9
| #define CBC_VERSION_RELEASE 8
| #define CBC_SVN_REV 2404
| #define COIN_CBC_VERBOSITY 0
| #define COIN_CBC_CHECKLEVEL 0
| #ifdef __cplusplus
| extern "C" void std::exit (int) throw (); using std::exit;
| #endif
| #define PACKAGE "cbc"
| #define VERSION "2.9.8"
| #define HAVE_SYS_TYPES_H 1
| #define HAVE_SYS_STAT_H 1
| #define HAVE_STDLIB_H 1
| #define HAVE_STRING_H 1
| #define HAVE_MEMORY_H 1
| #define HAVE_STRINGS_H 1
| #define HAVE_INTTYPES_H 1
| #define HAVE_STDINT_H 1
| #define HAVE_UNISTD_H 1
| #define HAVE_DLFCN_H 1
| #define COIN_HAS_COINDEPEND 1
| #define COIN_HAS_COINDEPEND 1
| #define COIN_HAS_CLP 1
| #define COIN_HAS_CLP 1
| #define COIN_HAS_OSITESTS 1
| #define COIN_HAS_OSITESTS 1
| #define COIN_HAS_SAMPLE 1
| #define COIN_HAS_SAMPLE 1
| #define COIN_HAS_MIPLIB3 1
| #define COIN_HAS_MIPLIB3 1
| #define HAVE_CMATH 1
| #define HAVE_CFLOAT 1
| /* end confdefs.h.  */
| #include <ieeefp.h>
configure:24697: result: no
configure:24732: checking for ieeefp.h
configure:24739: result: no
configure:25082: checking for COIN-OR package DyLP
configure:25264: result: skipped check via pkg-config, redirect to fallback
configure:25267: checking for COIN-OR package DyLP (fallback)
configure:25333: result: no, dependency osi-dylp not available
configure:25592: checking for COIN-OR package Vol
configure:25759: result: skipped check via pkg-config, redirect to fallback
configure:25762: checking for COIN-OR package Vol (fallback)
configure:25828: result: no, dependency osi-vol not available
configure:26072: checking for COIN-OR package Cpx
configure:26269: result: skipped check via pkg-config, redirect to fallback
configure:26272: checking for COIN-OR package Cpx (fallback)
configure:26338: result: no, dependency osi-cplex not available
configure:26612: checking for COIN-OR package Glpk
configure:26794: result: skipped check via pkg-config, redirect to fallback
configure:26797: checking for COIN-OR package Glpk (fallback)
configure:26863: result: no, dependency osi-glpk not available
configure:27122: checking for COIN-OR package Grb
configure:27289: result: skipped check via pkg-config, redirect to fallback
configure:27292: checking for COIN-OR package Grb (fallback)
configure:27358: result: no, dependency osi-gurobi not available
configure:27602: checking for COIN-OR package Msk
configure:27784: result: skipped check via pkg-config, redirect to fallback
configure:27787: checking for COIN-OR package Msk (fallback)
configure:27853: result: no, dependency osi-mosek not available
configure:28112: checking for COIN-OR package Spx
configure:28294: result: skipped check via pkg-config, redirect to fallback
configure:28297: checking for COIN-OR package Spx (fallback)
configure:28363: result: no, dependency osi-soplex not available
configure:28622: checking for COIN-OR package Xpr
configure:28789: result: skipped check via pkg-config, redirect to fallback
configure:28792: checking for COIN-OR package Xpr (fallback)
configure:28858: result: no, dependency osi-xpress not available
configure:29108: checking for COIN-OR package ASL
configure:29305: result: skipped check via pkg-config, redirect to fallback
configure:29308: checking for COIN-OR package ASL (fallback)
configure:29374: result: no, dependency coinasl not available
configure:29656: checking if user provides library for Nauty
configure:29701: result: no
configure:29888: checking for cbc-generic default solver
configure:29898: result: clp
configure:30240: OsiCbc default solver is clp
configure:30372: checking whether this is a VPATH configuration
configure:30379: result: no
configure:30419: configuring doxygen documentation options
configure:30426: checking for doxygen
configure:30453: result: no
configure:30462: checking for latex
configure:30489: result: no
configure:30517: checking for dot
configure:30544: result: NO
configure:30595: checking for doxygen doc'n for CoinUtils 
configure:30611: result: ../CoinUtils/doxydoc (tag)
configure:30595: checking for doxygen doc'n for Osi 
configure:30611: result: ../Osi/doxydoc (tag)
configure:30595: checking for doxygen doc'n for Clp 
configure:30611: result: ../Clp/doxydoc (tag)
configure:30595: checking for doxygen doc'n for DyLP 
configure:30627: result: /home/mf/Cbc-2.9.8/share/coin/doc/DyLP/doxydoc (tag)
configure:30595: checking for doxygen doc'n for Cgl 
configure:30611: result: ../Cgl/doxydoc (tag)
configure:30595: checking for doxygen doc'n for Vol 
configure:30627: result: /home/mf/Cbc-2.9.8/share/coin/doc/Vol/doxydoc (tag)
configure:30656: checking which command should be used to link input files
configure:30664: result: ln -s
configure:31187: creating ./config.status

## ---------------------- ##
## Running config.status. ##
## ---------------------- ##

This file was extended by Cbc config.status 2.9.8, which was
generated by GNU Autoconf 2.59.  Invocation command line was

  CONFIG_FILES    = 
  CONFIG_HEADERS  = 
  CONFIG_LINKS    = 
  CONFIG_COMMANDS = 
  $ ./config.status 

on siili

config.status:959: creating Makefile
config.status:959: creating examples/Makefile
config.status:959: creating src/Makefile
config.status:959: creating src/OsiCbc/Makefile
config.status:959: creating test/Makefile
config.status:959: creating cbc.pc
config.status:959: creating cbc-uninstalled.pc
config.status:959: creating osi-cbc.pc
config.status:959: creating osi-cbc-uninstalled.pc
config.status:959: creating doxydoc/doxygen.conf
config.status:1063: creating src/config.h
config.status:1063: creating src/config_cbc.h
config.status:1385: executing depfiles commands
configure:32797: In case of trouble, first consult the troubleshooting page at https://projects.coin-or.org/BuildTools/wiki/user-troubleshooting
configure:32800: Configuration of Cbc successful

## ---------------- ##
## Cache variables. ##
## ---------------- ##

ac_cv_build=x86_64-unknown-linux-gnu
ac_cv_build_alias=x86_64-unknown-linux-gnu
ac_cv_c_compiler_gnu=yes
ac_cv_cxx_compiler_gnu=yes
ac_cv_env_ADD_CFLAGS_set=
ac_cv_env_ADD_CFLAGS_value=
ac_cv_env_ADD_CXXFLAGS_set=
ac_cv_env_ADD_CXXFLAGS_value=
ac_cv_env_CC_set=
ac_cv_env_CC_value=
ac_cv_env_CDEFS_set=
ac_cv_env_CDEFS_value=
ac_cv_env_CFLAGS_set=
ac_cv_env_CFLAGS_value=
ac_cv_env_CPPFLAGS_set=
ac_cv_env_CPPFLAGS_value=
ac_cv_env_CPP_set=
ac_cv_env_CPP_value=
ac_cv_env_CXXCPP_set=
ac_cv_env_CXXCPP_value=
ac_cv_env_CXXDEFS_set=
ac_cv_env_CXXDEFS_value=
ac_cv_env_CXXFLAGS_set=
ac_cv_env_CXXFLAGS_value=
ac_cv_env_CXX_set=
ac_cv_env_CXX_value=
ac_cv_env_DBG_CFLAGS_set=
ac_cv_env_DBG_CFLAGS_value=
ac_cv_env_DBG_CXXFLAGS_set=
ac_cv_env_DBG_CXXFLAGS_value=
ac_cv_env_F77_set=
ac_cv_env_F77_value=
ac_cv_env_FFLAGS_set=
ac_cv_env_FFLAGS_value=
ac_cv_env_LDFLAGS_set=
ac_cv_env_LDFLAGS_value=
ac_cv_env_MPICC_set=
ac_cv_env_MPICC_value=
ac_cv_env_MPICXX_set=
ac_cv_env_MPICXX_value=
ac_cv_env_OPT_CFLAGS_set=
ac_cv_env_OPT_CFLAGS_value=
ac_cv_env_OPT_CXXFLAGS_set=
ac_cv_env_OPT_CXXFLAGS_value=
ac_cv_env_PKG_CONFIG_set=
ac_cv_env_PKG_CONFIG_value=
ac_cv_env_build_alias_set=
ac_cv_env_build_alias_value=
ac_cv_env_host_alias_set=
ac_cv_env_host_alias_value=
ac_cv_env_target_alias_set=
ac_cv_env_target_alias_value=
ac_cv_exeext=
ac_cv_header_cfloat=yes
ac_cv_header_cieeefp=no
ac_cv_header_cmath=yes
ac_cv_header_ieeefp_h=no
ac_cv_objext=o
ac_cv_path_install='/usr/bin/install -c'
ac_cv_prog_AWK=mawk
ac_cv_prog_ac_ct_CC=gcc
ac_cv_prog_ac_ct_CXX=g++
ac_cv_prog_cc_g=yes
ac_cv_prog_cc_stdc=
ac_cv_prog_coin_doxy_usedot=NO
ac_cv_prog_coin_have_doxygen=no
ac_cv_prog_coin_have_latex=no
ac_cv_prog_cxx_g=yes
ac_cv_prog_egrep='grep -E'
ac_cv_prog_have_svnversion=yes
ac_cv_prog_make_make_set=yes
am_cv_CC_dependencies_compiler_type=gcc3
am_cv_CXX_dependencies_compiler_type=gcc3

## ----------------- ##
## Output variables. ##
## ----------------- ##

ABSBUILDDIR='/home/mf/Cbc-2.9.8/Cbc'
ACLOCAL='${SHELL} /home/mf/Cbc-2.9.8/Cbc/missing --run aclocal-1.9'
ADD_CFLAGS=''
ADD_CXXFLAGS=''
ALWAYS_FALSE_FALSE=''
ALWAYS_FALSE_TRUE='#'
AMDEPBACKSLASH='\'
AMDEP_FALSE='#'
AMDEP_TRUE=''
AMTAR='${SHELL} /home/mf/Cbc-2.9.8/Cbc/missing --run tar'
AR='ar'
ASL_CFLAGS=''
ASL_CFLAGS_INSTALLED=''
ASL_DATA=''
ASL_DATA_INSTALLED=''
ASL_DEPENDENCIES=''
ASL_LIBS=''
ASL_LIBS_INSTALLED=''
AUTOCONF='${SHELL} /home/mf/Cbc-2.9.8/Cbc/missing --run autoconf'
AUTOHEADER='${SHELL} /home/mf/Cbc-2.9.8/Cbc/missing --run autoheader'
AUTOMAKE='${SHELL} /home/mf/Cbc-2.9.8/Cbc/missing --run automake-1.9'
AUX_DIR=''
AWK='mawk'
BUILDTOOLSDIR=''
CBCGENERIC_CFLAGS=' -I/home/mf/Cbc-2.9.8/Clp/src/OsiClp  -I/home/mf/Cbc-2.9.8/Clp/src -I/home/mf/Cbc-2.9.8/Clp/src  -I/home/mf/Cbc-2.9.8/Osi/src/Osi -I/home/mf/Cbc-2.9.8/Osi/src/Osi  -I/home/mf/Cbc-2.9.8/CoinUtils/src -I/home/mf/Cbc-2.9.8/CoinUtils/src   -I/home/mf/Cbc-2.9.8/Cgl/src -I/home/mf/Cbc-2.9.8/Cgl/src/CglAllDifferent -I/home/mf/Cbc-2.9.8/Cgl/src/CglClique -I/home/mf/Cbc-2.9.8/Cgl/src/CglDuplicateRow -I/home/mf/Cbc-2.9.8/Cgl/src/CglFlowCover -I/home/mf/Cbc-2.9.8/Cgl/src/CglGMI -I/home/mf/Cbc-2.9.8/Cgl/src/CglGomory -I/home/mf/Cbc-2.9.8/Cgl/src/CglKnapsackCover -I/home/mf/Cbc-2.9.8/Cgl/src/CglLandP -I/home/mf/Cbc-2.9.8/Cgl/src/CglLiftAndProject -I/home/mf/Cbc-2.9.8/Cgl/src/CglMixedIntegerRounding -I/home/mf/Cbc-2.9.8/Cgl/src/CglMixedIntegerRounding2 -I/home/mf/Cbc-2.9.8/Cgl/src/CglOddHole -I/home/mf/Cbc-2.9.8/Cgl/src/CglPreProcess -I/home/mf/Cbc-2.9.8/Cgl/src/CglProbing -I/home/mf/Cbc-2.9.8/Cgl/src/CglRedSplit -I/home/mf/Cbc-2.9.8/Cgl/src/CglRedSplit2 -I/home/mf/Cbc-2.9.8/Cgl/src/CglResidualCapacity -I/home/mf/Cbc-2.9.8/Cgl/src/CglSimpleRounding -I/home/mf/Cbc-2.9.8/Cgl/src/CglTwomir -I/home/mf/Cbc-2.9.8/Cgl/src/CglZeroHalf -I/home/mf/Cbc-2.9.8/Cgl/src  -I/home/mf/Cbc-2.9.8/Clp/src/OsiClp  -I/home/mf/Cbc-2.9.8/Clp/src -I/home/mf/Cbc-2.9.8/Clp/src  -I/home/mf/Cbc-2.9.8/Osi/src/Osi -I/home/mf/Cbc-2.9.8/Osi/src/Osi  -I/home/mf/Cbc-2.9.8/CoinUtils/src -I/home/mf/Cbc-2.9.8/CoinUtils/src  '
CBCGENERIC_CFLAGS_INSTALLED=' -I/home/mf/Cbc-2.9.8/include/coin  -I/home/mf/Cbc-2.9.8/include/coin  -I/home/mf/Cbc-2.9.8/include/coin  -I/home/mf/Cbc-2.9.8/include/coin   -I/home/mf/Cbc-2.9.8/include/coin  -I/home/mf/Cbc-2.9.8/include/coin  -I/home/mf/Cbc-2.9.8/include/coin  -I/home/mf/Cbc-2.9.8/include/coin  -I/home/mf/Cbc-2.9.8/include/coin  '
CBCGENERIC_DEPENDENCIES='  /home/mf/Cbc-2.9.8/Clp/src/OsiClp/libOsiClp.la   /home/mf/Cbc-2.9.8/Clp/src/libClpSolver.la /home/mf/Cbc-2.9.8/Clp/src/libClp.la   /home/mf/Cbc-2.9.8/Osi/src/Osi/libOsi.la   /home/mf/Cbc-2.9.8/CoinUtils/src/libCoinUtils.la    /home/mf/Cbc-2.9.8/Cgl/src/libCgl.la   /home/mf/Cbc-2.9.8/Clp/src/OsiClp/libOsiClp.la   /home/mf/Cbc-2.9.8/Clp/src/libClpSolver.la /home/mf/Cbc-2.9.8/Clp/src/libClp.la   /home/mf/Cbc-2.9.8/Osi/src/Osi/libOsi.la   /home/mf/Cbc-2.9.8/CoinUtils/src/libCoinUtils.la    '
CBCGENERIC_LIBS=' /home/mf/Cbc-2.9.8/Clp/src/OsiClp/libOsiClp.la   /home/mf/Cbc-2.9.8/Clp/src/libClpSolver.la /home/mf/Cbc-2.9.8/Clp/src/libClp.la   /home/mf/Cbc-2.9.8/Osi/src/Osi/libOsi.la   /home/mf/Cbc-2.9.8/CoinUtils/src/libCoinUtils.la -lm    /home/mf/Cbc-2.9.8/Cgl/src/libCgl.la   /home/mf/Cbc-2.9.8/Clp/src/OsiClp/libOsiClp.la   /home/mf/Cbc-2.9.8/Clp/src/libClpSolver.la /home/mf/Cbc-2.9.8/Clp/src/libClp.la   /home/mf/Cbc-2.9.8/Osi/src/Osi/libOsi.la   /home/mf/Cbc-2.9.8/CoinUtils/src/libCoinUtils.la -lm   '
CBCGENERIC_LIBS_INSTALLED=' -L/home/mf/Cbc-2.9.8/lib -lOsiClp   -L/home/mf/Cbc-2.9.8/lib -lClpSolver -lClp   -L/home/mf/Cbc-2.9.8/lib -lOsi   -L/home/mf/Cbc-2.9.8/lib -lCoinUtils -lm    -L/home/mf/Cbc-2.9.8/lib -lCgl   -L/home/mf/Cbc-2.9.8/lib -lOsiClp   -L/home/mf/Cbc-2.9.8/lib -lClpSolver -lClp   -L/home/mf/Cbc-2.9.8/lib -lOsi   -L/home/mf/Cbc-2.9.8/lib -lCoinUtils -lm   '
CBCGENERIC_PCLIBS=''
CBCGENERIC_PCREQUIRES='osi-clp cgl osi coinutils '
CBCLIB_CFLAGS=' -I/home/mf/Cbc-2.9.8/Clp/src/OsiClp  -I/home/mf/Cbc-2.9.8/Clp/src -I/home/mf/Cbc-2.9.8/Clp/src  -I/home/mf/Cbc-2.9.8/Osi/src/Osi -I/home/mf/Cbc-2.9.8/Osi/src/Osi  -I/home/mf/Cbc-2.9.8/CoinUtils/src -I/home/mf/Cbc-2.9.8/CoinUtils/src   -I/home/mf/Cbc-2.9.8/Cgl/src -I/home/mf/Cbc-2.9.8/Cgl/src/CglAllDifferent -I/home/mf/Cbc-2.9.8/Cgl/src/CglClique -I/home/mf/Cbc-2.9.8/Cgl/src/CglDuplicateRow -I/home/mf/Cbc-2.9.8/Cgl/src/CglFlowCover -I/home/mf/Cbc-2.9.8/Cgl/src/CglGMI -I/home/mf/Cbc-2.9.8/Cgl/src/CglGomory -I/home/mf/Cbc-2.9.8/Cgl/src/CglKnapsackCover -I/home/mf/Cbc-2.9.8/Cgl/src/CglLandP -I/home/mf/Cbc-2.9.8/Cgl/src/CglLiftAndProject -I/home/mf/Cbc-2.9.8/Cgl/src/CglMixedIntegerRounding -I/home/mf/Cbc-2.9.8/Cgl/src/CglMixedIntegerRounding2 -I/home/mf/Cbc-2.9.8/Cgl/src/CglOddHole -I/home/mf/Cbc-2.9.8/Cgl/src/CglPreProcess -I/home/mf/Cbc-2.9.8/Cgl/src/CglProbing -I/home/mf/Cbc-2.9.8/Cgl/src/CglRedSplit -I/home/mf/Cbc-2.9.8/Cgl/src/CglRedSplit2 -I/home/mf/Cbc-2.9.8/Cgl/src/CglResidualCapacity -I/home/mf/Cbc-2.9.8/Cgl/src/CglSimpleRounding -I/home/mf/Cbc-2.9.8/Cgl/src/CglTwomir -I/home/mf/Cbc-2.9.8/Cgl/src/CglZeroHalf -I/home/mf/Cbc-2.9.8/Cgl/src  -I/home/mf/Cbc-2.9.8/Clp/src/OsiClp  -I/home/mf/Cbc-2.9.8/Clp/src -I/home/mf/Cbc-2.9.8/Clp/src  -I/home/mf/Cbc-2.9.8/Osi/src/Osi -I/home/mf/Cbc-2.9.8/Osi/src/Osi  -I/home/mf/Cbc-2.9.8/CoinUtils/src -I/home/mf/Cbc-2.9.8/CoinUtils/src  '
CBCLIB_CFLAGS_INSTALLED=' -I/home/mf/Cbc-2.9.8/include/coin  -I/home/mf/Cbc-2.9.8/include/coin  -I/home/mf/Cbc-2.9.8/include/coin  -I/home/mf/Cbc-2.9.8/include/coin   -I/home/mf/Cbc-2.9.8/include/coin  -I/home/mf/Cbc-2.9.8/include/coin  -I/home/mf/Cbc-2.9.8/include/coin  -I/home/mf/Cbc-2.9.8/include/coin  -I/home/mf/Cbc-2.9.8/include/coin  '
CBCLIB_DEPENDENCIES='  /home/mf/Cbc-2.9.8/Clp/src/OsiClp/libOsiClp.la   /home/mf/Cbc-2.9.8/Clp/src/libClpSolver.la /home/mf/Cbc-2.9.8/Clp/src/libClp.la   /home/mf/Cbc-2.9.8/Osi/src/Osi/libOsi.la   /home/mf/Cbc-2.9.8/CoinUtils/src/libCoinUtils.la    /home/mf/Cbc-2.9.8/Cgl/src/libCgl.la   /home/mf/Cbc-2.9.8/Clp/src/OsiClp/libOsiClp.la   /home/mf/Cbc-2.9.8/Clp/src/libClpSolver.la /home/mf/Cbc-2.9.8/Clp/src/libClp.la   /home/mf/Cbc-2.9.8/Osi/src/Osi/libOsi.la   /home/mf/Cbc-2.9.8/CoinUtils/src/libCoinUtils.la    '
CBCLIB_LIBS=' /home/mf/Cbc-2.9.8/Clp/src/OsiClp/libOsiClp.la   /home/mf/Cbc-2.9.8/Clp/src/libClpSolver.la /home/mf/Cbc-2.9.8/Clp/src/libClp.la   /home/mf/Cbc-2.9.8/Osi/src/Osi/libOsi.la   /home/mf/Cbc-2.9.8/CoinUtils/src/libCoinUtils.la -lm    /home/mf/Cbc-2.9.8/Cgl/src/libCgl.la   /home/mf/Cbc-2.9.8/Clp/src/OsiClp/libOsiClp.la   /home/mf/Cbc-2.9.8/Clp/src/libClpSolver.la /home/mf/Cbc-2.9.8/Clp/src/libClp.la   /home/mf/Cbc-2.9.8/Osi/src/Osi/libOsi.la   /home/mf/Cbc-2.9.8/CoinUtils/src/libCoinUtils.la -lm   '
CBCLIB_LIBS_INSTALLED=' -L/home/mf/Cbc-2.9.8/lib -lOsiClp   -L/home/mf/Cbc-2.9.8/lib -lClpSolver -lClp   -L/home/mf/Cbc-2.9.8/lib -lOsi   -L/home/mf/Cbc-2.9.8/lib -lCoinUtils -lm    -L/home/mf/Cbc-2.9.8/lib -lCgl   -L/home/mf/Cbc-2.9.8/lib -lOsiClp   -L/home/mf/Cbc-2.9.8/lib -lClpSolver -lClp   -L/home/mf/Cbc-2.9.8/lib -lOsi   -L/home/mf/Cbc-2.9.8/lib -lCoinUtils -lm   '
CBCLIB_PCLIBS=''
CBCLIB_PCREQUIRES='osi-clp cgl osi coinutils '
CBC_BUILD_CBC_GENERIC_FALSE=''
CBC_BUILD_CBC_GENERIC_TRUE='#'
CBC_SVN_REV='2404'
CC='gcc'
CCDEPMODE='depmode=gcc3'
CDEFS=''
CFLAGS='-O3 -pipe -DNDEBUG -pedantic-errors -Wimplicit -Wparentheses -Wsequence-point -Wreturn-type -Wcast-qual -Wall -Wno-unknown-pragmas -Wno-long-long   -DCBC_BUILD'
CLP_CFLAGS=' -I/home/mf/Cbc-2.9.8/Clp/src/OsiClp  -I/home/mf/Cbc-2.9.8/Clp/src -I/home/mf/Cbc-2.9.8/Clp/src  -I/home/mf/Cbc-2.9.8/Osi/src/Osi -I/home/mf/Cbc-2.9.8/Osi/src/Osi  -I/home/mf/Cbc-2.9.8/CoinUtils/src -I/home/mf/Cbc-2.9.8/CoinUtils/src '
CLP_CFLAGS_INSTALLED=' -I/home/mf/Cbc-2.9.8/include/coin  -I/home/mf/Cbc-2.9.8/include/coin  -I/home/mf/Cbc-2.9.8/include/coin  -I/home/mf/Cbc-2.9.8/include/coin '
CLP_DATA=''
CLP_DATA_INSTALLED=''
CLP_DEPENDENCIES='  /home/mf/Cbc-2.9.8/Clp/src/OsiClp/libOsiClp.la   /home/mf/Cbc-2.9.8/Clp/src/libClpSolver.la /home/mf/Cbc-2.9.8/Clp/src/libClp.la   /home/mf/Cbc-2.9.8/Osi/src/Osi/libOsi.la   /home/mf/Cbc-2.9.8/CoinUtils/src/libCoinUtils.la  '
CLP_LIBS=' /home/mf/Cbc-2.9.8/Clp/src/OsiClp/libOsiClp.la   /home/mf/Cbc-2.9.8/Clp/src/libClpSolver.la /home/mf/Cbc-2.9.8/Clp/src/libClp.la   /home/mf/Cbc-2.9.8/Osi/src/Osi/libOsi.la   /home/mf/Cbc-2.9.8/CoinUtils/src/libCoinUtils.la -lm  '
CLP_LIBS_INSTALLED=' -L/home/mf/Cbc-2.9.8/lib -lOsiClp   -L/home/mf/Cbc-2.9.8/lib -lClpSolver -lClp   -L/home/mf/Cbc-2.9.8/lib -lOsi   -L/home/mf/Cbc-2.9.8/lib -lCoinUtils -lm  '
COINDEPEND_CFLAGS=' -I/home/mf/Cbc-2.9.8/Cgl/src -I/home/mf/Cbc-2.9.8/Cgl/src/CglAllDifferent -I/home/mf/Cbc-2.9.8/Cgl/src/CglClique -I/home/mf/Cbc-2.9.8/Cgl/src/CglDuplicateRow -I/home/mf/Cbc-2.9.8/Cgl/src/CglFlowCover -I/home/mf/Cbc-2.9.8/Cgl/src/CglGMI -I/home/mf/Cbc-2.9.8/Cgl/src/CglGomory -I/home/mf/Cbc-2.9.8/Cgl/src/CglKnapsackCover -I/home/mf/Cbc-2.9.8/Cgl/src/CglLandP -I/home/mf/Cbc-2.9.8/Cgl/src/CglLiftAndProject -I/home/mf/Cbc-2.9.8/Cgl/src/CglMixedIntegerRounding -I/home/mf/Cbc-2.9.8/Cgl/src/CglMixedIntegerRounding2 -I/home/mf/Cbc-2.9.8/Cgl/src/CglOddHole -I/home/mf/Cbc-2.9.8/Cgl/src/CglPreProcess -I/home/mf/Cbc-2.9.8/Cgl/src/CglProbing -I/home/mf/Cbc-2.9.8/Cgl/src/CglRedSplit -I/home/mf/Cbc-2.9.8/Cgl/src/CglRedSplit2 -I/home/mf/Cbc-2.9.8/Cgl/src/CglResidualCapacity -I/home/mf/Cbc-2.9.8/Cgl/src/CglSimpleRounding -I/home/mf/Cbc-2.9.8/Cgl/src/CglTwomir -I/home/mf/Cbc-2.9.8/Cgl/src/CglZeroHalf -I/home/mf/Cbc-2.9.8/Cgl/src  -I/home/mf/Cbc-2.9.8/Clp/src/OsiClp  -I/home/mf/Cbc-2.9.8/Clp/src -I/home/mf/Cbc-2.9.8/Clp/src  -I/home/mf/Cbc-2.9.8/Osi/src/Osi -I/home/mf/Cbc-2.9.8/Osi/src/Osi  -I/home/mf/Cbc-2.9.8/CoinUtils/src -I/home/mf/Cbc-2.9.8/CoinUtils/src '
COINDEPEND_CFLAGS_INSTALLED=' -I/home/mf/Cbc-2.9.8/include/coin  -I/home/mf/Cbc-2.9.8/include/coin  -I/home/mf/Cbc-2.9.8/include/coin  -I/home/mf/Cbc-2.9.8/include/coin  -I/home/mf/Cbc-2.9.8/include/coin '
COINDEPEND_DATA=''
COINDEPEND_DATA_INSTALLED=''
COINDEPEND_DEPENDENCIES='  /home/mf/Cbc-2.9.8/Cgl/src/libCgl.la   /home/mf/Cbc-2.9.8/Clp/src/OsiClp/libOsiClp.la   /home/mf/Cbc-2.9.8/Clp/src/libClpSolver.la /home/mf/Cbc-2.9.8/Clp/src/libClp.la   /home/mf/Cbc-2.9.8/Osi/src/Osi/libOsi.la   /home/mf/Cbc-2.9.8/CoinUtils/src/libCoinUtils.la  '
COINDEPEND_LIBS=' /home/mf/Cbc-2.9.8/Cgl/src/libCgl.la   /home/mf/Cbc-2.9.8/Clp/src/OsiClp/libOsiClp.la   /home/mf/Cbc-2.9.8/Clp/src/libClpSolver.la /home/mf/Cbc-2.9.8/Clp/src/libClp.la   /home/mf/Cbc-2.9.8/Osi/src/Osi/libOsi.la   /home/mf/Cbc-2.9.8/CoinUtils/src/libCoinUtils.la -lm  '
COINDEPEND_LIBS_INSTALLED=' -L/home/mf/Cbc-2.9.8/lib -lCgl   -L/home/mf/Cbc-2.9.8/lib -lOsiClp   -L/home/mf/Cbc-2.9.8/lib -lClpSolver -lClp   -L/home/mf/Cbc-2.9.8/lib -lOsi   -L/home/mf/Cbc-2.9.8/lib -lCoinUtils -lm  '
COIN_CC_IS_CL_FALSE=''
COIN_CC_IS_CL_TRUE='#'
COIN_CXX_IS_CL_FALSE=''
COIN_CXX_IS_CL_TRUE='#'
COIN_HAS_ASL_FALSE=''
COIN_HAS_ASL_TRUE='#'
COIN_HAS_CLP_FALSE='#'
COIN_HAS_CLP_TRUE=''
COIN_HAS_COINDEPEND_FALSE='#'
COIN_HAS_COINDEPEND_TRUE=''
COIN_HAS_CPX_FALSE=''
COIN_HAS_CPX_TRUE='#'
COIN_HAS_DOXYGEN_FALSE=''
COIN_HAS_DOXYGEN_TRUE='#'
COIN_HAS_DYLP_FALSE=''
COIN_HAS_DYLP_TRUE='#'
COIN_HAS_GLPK_FALSE=''
COIN_HAS_GLPK_TRUE='#'
COIN_HAS_GRB_FALSE=''
COIN_HAS_GRB_TRUE='#'
COIN_HAS_LATEX_FALSE=''
COIN_HAS_LATEX_TRUE='#'
COIN_HAS_MIPLIB3_FALSE='#'
COIN_HAS_MIPLIB3_TRUE=''
COIN_HAS_MSK_FALSE=''
COIN_HAS_MSK_TRUE='#'
COIN_HAS_NETLIB_FALSE=''
COIN_HAS_NETLIB_TRUE='#'
COIN_HAS_NTY_FALSE=''
COIN_HAS_NTY_TRUE='#'
COIN_HAS_OSITESTS_FALSE='#'
COIN_HAS_OSITESTS_TRUE=''
COIN_HAS_PKGCONFIG_FALSE=''
COIN_HAS_PKGCONFIG_TRUE='#'
COIN_HAS_SAMPLE_FALSE='#'
COIN_HAS_SAMPLE_TRUE=''
COIN_HAS_SPX_FALSE=''
COIN_HAS_SPX_TRUE='#'
COIN_HAS_VOL_FALSE=''
COIN_HAS_VOL_TRUE='#'
COIN_HAS_XPR_FALSE=''
COIN_HAS_XPR_TRUE='#'
COIN_PKG_CONFIG_PATH='/home/mf/Cbc-2.9.8/lib64/pkgconfig:/home/mf/Cbc-2.9.8/lib/pkgconfig:/home/mf/Cbc-2.9.8/share/pkgconfig:'
COIN_PKG_CONFIG_PATH_UNINSTALLED='/home/mf/Cbc-2.9.8/Cbc:/home/mf/Cbc-2.9.8/Cgl:/home/mf/Cbc-2.9.8/Clp:/home/mf/Cbc-2.9.8/Osi:/home/mf/Cbc-2.9.8/CoinUtils:/home/mf/Cbc-2.9.8/Data/miplib3:/home/mf/Cbc-2.9.8/Data/Sample:'
CPP='gcc -E'
CPPFLAGS=''
CPX_CFLAGS=''
CPX_CFLAGS_INSTALLED=''
CPX_DATA=''
CPX_DATA_INSTALLED=''
CPX_DEPENDENCIES=''
CPX_LIBS=''
CPX_LIBS_INSTALLED=''
CXX='g++'
CXXCPP='g++ -E'
CXXDEFS=''
CXXDEPMODE='depmode=gcc3'
CXXFLAGS='-O3 -pipe -DNDEBUG -pedantic-errors -Wparentheses -Wreturn-type -Wcast-qual -Wall -Wpointer-arith -Wwrite-strings -Wconversion -Wno-unknown-pragmas -Wno-long-long   -DCBC_BUILD'
CYGPATH_W='echo'
DBG_CFLAGS='-g -O0 -pipe -pedantic-errors -Wimplicit -Wparentheses -Wsequence-point -Wreturn-type -Wcast-qual -Wall -Wno-unknown-pragmas -Wno-long-long  '
DBG_CXXFLAGS='-g -O0 -pipe -pedantic-errors -Wparentheses -Wreturn-type -Wcast-qual -Wall -Wpointer-arith -Wwrite-strings -Wconversion -Wno-unknown-pragmas -Wno-long-long  '
DEFS='-DHAVE_CONFIG_H'
DEPDIR='.deps'
DEPENDENCY_LINKING_FALSE='#'
DEPENDENCY_LINKING_TRUE=''
DYLP_CFLAGS=''
DYLP_CFLAGS_INSTALLED=''
DYLP_DATA=''
DYLP_DATA_INSTALLED=''
DYLP_DEPENDENCIES=''
DYLP_LIBS=''
DYLP_LIBS_INSTALLED=''
ECHO='echo'
ECHO_C=''
ECHO_N='-n'
ECHO_T=''
EGREP='grep -E'
EXEEXT=''
F77=''
FFLAGS=''
GLPK_CFLAGS=''
GLPK_CFLAGS_INSTALLED=''
GLPK_DATA=''
GLPK_DATA_INSTALLED=''
GLPK_DEPENDENCIES=''
GLPK_LIBS=''
GLPK_LIBS_INSTALLED=''
GRB_CFLAGS=''
GRB_CFLAGS_INSTALLED=''
GRB_DATA=''
GRB_DATA_INSTALLED=''
GRB_DEPENDENCIES=''
GRB_LIBS=''
GRB_LIBS_INSTALLED=''
HAVE_EXTERNALS_FALSE=''
HAVE_EXTERNALS_TRUE='#'
INSTALL_DATA='${INSTALL} -m 644'
INSTALL_PROGRAM='${INSTALL}'
INSTALL_SCRIPT='${INSTALL}'
INSTALL_STRIP_PROGRAM='${SHELL} $(install_sh) -c -s'
LDFLAGS=''
LIBEXT='a'
LIBOBJS=''
LIBS=''
LIBTOOL='$(SHELL) $(top_builddir)/../libtool'
LIBTOOLM4=''
LN_S='ln -s'
LTLIBOBJS=''
LT_LDFLAGS='-no-undefined -version-info 12:8:9'
MAINT='#'
MAINTAINER_MODE_FALSE=''
MAINTAINER_MODE_TRUE='#'
MAKEINFO='${SHELL} /home/mf/Cbc-2.9.8/Cbc/missing --run makeinfo'
MIPLIB3_CFLAGS=' '
MIPLIB3_CFLAGS_INSTALLED=' '
MIPLIB3_DATA='/home/mf/Cbc-2.9.8/Data/miplib3'
MIPLIB3_DATA_INSTALLED='/home/mf/Cbc-2.9.8/share/coin/Data/miplib3'
MIPLIB3_DEPENDENCIES='  '
MIPLIB3_LIBS=' '
MIPLIB3_LIBS_INSTALLED=' '
MPICC=''
MPICXX=''
MSK_CFLAGS=''
MSK_CFLAGS_INSTALLED=''
MSK_DATA=''
MSK_DATA_INSTALLED=''
MSK_DEPENDENCIES=''
MSK_LIBS=''
MSK_LIBS_INSTALLED=''
NETLIB_CFLAGS=''
NETLIB_CFLAGS_INSTALLED=''
NETLIB_DATA=''
NETLIB_DATA_INSTALLED=''
NETLIB_DEPENDENCIES=''
NETLIB_LIBS=''
NETLIB_LIBS_INSTALLED=''
NTYINCDIR=''
NTYLIB=''
OBJEXT='o'
OPT_CFLAGS='-O3 -pipe -DNDEBUG -pedantic-errors -Wimplicit -Wparentheses -Wsequence-point -Wreturn-type -Wcast-qual -Wall -Wno-unknown-pragmas -Wno-long-long  '
OPT_CXXFLAGS='-O3 -pipe -DNDEBUG -pedantic-errors -Wparentheses -Wreturn-type -Wcast-qual -Wall -Wpointer-arith -Wwrite-strings -Wconversion -Wno-unknown-pragmas -Wno-long-long  '
OSICBC_DFLT_SOLVER_CLP_FALSE='#'
OSICBC_DFLT_SOLVER_CLP_TRUE=''
OSICBC_DFLT_SOLVER_CPX_FALSE=''
OSICBC_DFLT_SOLVER_CPX_TRUE='#'
OSICBC_DFLT_SOLVER_DYLP_FALSE=''
OSICBC_DFLT_SOLVER_DYLP_TRUE='#'
OSICBC_DFLT_SOLVER_GLPK_FALSE=''
OSICBC_DFLT_SOLVER_GLPK_TRUE='#'
OSICBC_DFLT_SOLVER_GRB_FALSE=''
OSICBC_DFLT_SOLVER_GRB_TRUE='#'
OSICBC_DFLT_SOLVER_MSK_FALSE=''
OSICBC_DFLT_SOLVER_MSK_TRUE='#'
OSICBC_DFLT_SOLVER_SPX_FALSE=''
OSICBC_DFLT_SOLVER_SPX_TRUE='#'
OSICBC_DFLT_SOLVER_SYM_FALSE=''
OSICBC_DFLT_SOLVER_SYM_TRUE='#'
OSICBC_DFLT_SOLVER_VOL_FALSE=''
OSICBC_DFLT_SOLVER_VOL_TRUE='#'
OSICBC_DFLT_SOLVER_XPR_FALSE=''
OSICBC_DFLT_SOLVER_XPR_TRUE='#'
OSITESTS_CFLAGS=' -I/home/mf/Cbc-2.9.8/Osi/src/OsiCommonTest  -I/home/mf/Cbc-2.9.8/Osi/src/Osi -I/home/mf/Cbc-2.9.8/Osi/src/Osi  -I/home/mf/Cbc-2.9.8/CoinUtils/src -I/home/mf/Cbc-2.9.8/CoinUtils/src '
OSITESTS_CFLAGS_INSTALLED=' -I/home/mf/Cbc-2.9.8/include/coin  -I/home/mf/Cbc-2.9.8/include/coin  -I/home/mf/Cbc-2.9.8/include/coin '
OSITESTS_DATA=''
OSITESTS_DATA_INSTALLED=''
OSITESTS_DEPENDENCIES='  /home/mf/Cbc-2.9.8/Osi/src/OsiCommonTest/libOsiCommonTests.la  /home/mf/Cbc-2.9.8/Osi/src/Osi/libOsi.la   /home/mf/Cbc-2.9.8/CoinUtils/src/libCoinUtils.la  '
OSITESTS_LIBS=' /home/mf/Cbc-2.9.8/Osi/src/OsiCommonTest/libOsiCommonTests.la  /home/mf/Cbc-2.9.8/Osi/src/Osi/libOsi.la   /home/mf/Cbc-2.9.8/CoinUtils/src/libCoinUtils.la -lm  '
OSITESTS_LIBS_INSTALLED=' -L/home/mf/Cbc-2.9.8/lib -lOsiCommonTests  -L/home/mf/Cbc-2.9.8/lib -lOsi   -L/home/mf/Cbc-2.9.8/lib -lCoinUtils -lm  '
PACKAGE='cbc'
PACKAGE_BUGREPORT='cbc@lists.coin-or.org'
PACKAGE_NAME='Cbc'
PACKAGE_STRING='Cbc 2.9.8'
PACKAGE_TARNAME='cbc'
PACKAGE_VERSION='2.9.8'
PATH_SEPARATOR=':'
PKG_CONFIG=''
RANLIB='ranlib'
RPATH_FLAGS=' -Wl,--rpath -Wl,/home/mf/Cbc-2.9.8/lib'
SAMPLE_CFLAGS=' '
SAMPLE_CFLAGS_INSTALLED=' '
SAMPLE_DATA='/home/mf/Cbc-2.9.8/Data/Sample'
SAMPLE_DATA_INSTALLED='/home/mf/Cbc-2.9.8/share/coin/Data/Sample'
SAMPLE_DEPENDENCIES='  '
SAMPLE_LIBS=' '
SAMPLE_LIBS_INSTALLED=' '
SET_MAKE=''
SHELL='/bin/bash'
SPX_CFLAGS=''
SPX_CFLAGS_INSTALLED=''
SPX_DATA=''
SPX_DATA_INSTALLED=''
SPX_DEPENDENCIES=''
SPX_LIBS=''
SPX_LIBS_INSTALLED=''
STRIP='strip'
VERSION='2.9.8'
VOL_CFLAGS=''
VOL_CFLAGS_INSTALLED=''
VOL_DATA=''
VOL_DATA_INSTALLED=''
VOL_DEPENDENCIES=''
VOL_LIBS=''
VOL_LIBS_INSTALLED=''
VPATH_DISTCLEANFILES=''
XPR_CFLAGS=''
XPR_CFLAGS_INSTALLED=''
XPR_DATA=''
XPR_DATA_INSTALLED=''
XPR_DEPENDENCIES=''
XPR_LIBS=''
XPR_LIBS_INSTALLED=''
abs_bin_dir='/home/mf/Cbc-2.9.8/bin'
abs_include_dir='/home/mf/Cbc-2.9.8/include'
abs_lib_dir='/home/mf/Cbc-2.9.8/lib'
abs_source_dir='/home/mf/Cbc-2.9.8/Cbc'
ac_c_preproc_warn_flag=''
ac_ct_AR='ar'
ac_ct_CC='gcc'
ac_ct_CXX='g++'
ac_ct_F77=''
ac_ct_PKG_CONFIG=''
ac_ct_RANLIB='ranlib'
ac_ct_STRIP='strip'
ac_cxx_preproc_warn_flag=''
am__fastdepCC_FALSE='#'
am__fastdepCC_TRUE=''
am__fastdepCXX_FALSE='#'
am__fastdepCXX_TRUE=''
am__include='include'
am__leading_dot='.'
am__quote=''
am__tar='${AMTAR} chof - "$$tardir"'
am__untar='${AMTAR} xf -'
bindir='${exec_prefix}/bin'
build='x86_64-unknown-linux-gnu'
build_alias=''
build_cpu='x86_64'
build_os='linux-gnu'
build_vendor='unknown'
coin_doxy_excludes=' */CoinUtils */Osi */Clp */Cgl'
coin_doxy_logname='doxydoc/cbc_doxy.log'
coin_doxy_tagfiles=' ../CoinUtils/doxydoc/coinutils_doxy.tag=../../../CoinUtils/doxydoc/html ../Osi/doxydoc/osi_doxy.tag=../../../Osi/doxydoc/html ../Clp/doxydoc/clp_doxy.tag=../../../Clp/doxydoc/html /home/mf/Cbc-2.9.8/share/coin/doc/DyLP/doxydoc/dylp_doxy.tag=/home/mf/Cbc-2.9.8/share/coin/doc/DyLP/doxydoc/html ../Cgl/doxydoc/cgl_doxy.tag=../../../Cgl/doxydoc/html /home/mf/Cbc-2.9.8/share/coin/doc/Vol/doxydoc/vol_doxy.tag=/home/mf/Cbc-2.9.8/share/coin/doc/Vol/doxydoc/html'
coin_doxy_tagname='doxydoc/cbc_doxy.tag'
coin_doxy_usedot='NO'
coin_have_doxygen='no'
coin_have_latex='no'
datadir='${prefix}/share'
exec_prefix='${prefix}'
have_autoconf=''
have_automake=''
have_svn=''
have_svnversion='yes'
host='x86_64-unknown-linux-gnu'
host_alias=''
host_cpu='x86_64'
host_os='linux-gnu'
host_vendor='unknown'
includedir='${prefix}/include'
infodir='${prefix}/info'
install_sh='/home/mf/Cbc-2.9.8/Cbc/install-sh'
libdir='${exec_prefix}/lib'
libexecdir='${exec_prefix}/libexec'
localstatedir='${prefix}/var'
mandir='${prefix}/man'
mkdir_p='mkdir -p --'
oldincludedir='/usr/include'
prefix='/home/mf/Cbc-2.9.8'
program_transform_name='s,x,x,'
sbindir='${exec_prefix}/sbin'
sharedstatedir='${prefix}/com'
sol_cc_compiler=''
sysconfdir='${prefix}/etc'
target_alias=''

## ----------- ##
## confdefs.h. ##
## ----------- ##

#define CBC_DEFAULT_SOLVER "clp"
#define CBC_SVN_REV 2404
#define CBC_VERSION "2.9.8"
#define CBC_VERSION_MAJOR 2
#define CBC_VERSION_MINOR 9
#define CBC_VERSION_RELEASE 8
#define COIN_CBC_CHECKLEVEL 0
#define COIN_CBC_VERBOSITY 0
#define COIN_HAS_CLP 1
#define COIN_HAS_CLP 1
#define COIN_HAS_COINDEPEND 1
#define COIN_HAS_COINDEPEND 1
#define COIN_HAS_MIPLIB3 1
#define COIN_HAS_MIPLIB3 1
#define COIN_HAS_OSITESTS 1
#define COIN_HAS_OSITESTS 1
#define COIN_HAS_SAMPLE 1
#define COIN_HAS_SAMPLE 1
#define HAVE_CFLOAT 1
#define HAVE_CMATH 1
#define HAVE_DLFCN_H 1
#define HAVE_INTTYPES_H 1
#define HAVE_MEMORY_H 1
#define HAVE_STDINT_H 1
#define HAVE_STDLIB_H 1
#define HAVE_STRINGS_H 1
#define HAVE_STRING_H 1
#define HAVE_SYS_STAT_H 1
#define HAVE_SYS_TYPES_H 1
#define HAVE_UNISTD_H 1
#define OSICBC_DFLT_SOLVER OsiClpSolverInterface
#define OSICBC_DFLT_SOLVER_CLP 1
#define OSICBC_DFLT_SOLVER_HPP "OsiClpSolverInterface.hpp"
#define PACKAGE "cbc"
#define PACKAGE_BUGREPORT "cbc@lists.coin-or.org"
#define PACKAGE_NAME "Cbc"
#define PACKAGE_STRING "Cbc 2.9.8"
#define PACKAGE_TARNAME "cbc"
#define PACKAGE_VERSION "2.9.8"
#define VERSION "2.9.8"
#endif
#ifdef __cplusplus
extern "C" void std::exit (int) throw (); using std::exit;

configure: exit 0
