This file contains any messages produced by compilers while
running configure, to aid debugging if configure makes a mistake.

It was created by Cgl configure 0.59.9, which was
generated by GNU Autoconf 2.59.  Invocation command line was

  $ ./configure --prefix=/home/mf/Cbc-2.9.8 --cache-file=/dev/null --srcdir=.

## --------- ##
## Platform. ##
## --------- ##

hostname = siili
uname -m = x86_64
uname -r = 4.15.0-36-generic
uname -s = Linux
uname -v = #39-Ubuntu SMP Mon Sep 24 16:19:09 UTC 2018

/usr/bin/uname -p = unknown
/bin/uname -X     = unknown

/bin/arch              = unknown
/usr/bin/arch -k       = unknown
/usr/convex/getsysinfo = unknown
hostinfo               = unknown
/bin/machine           = unknown
/usr/bin/oslevel       = unknown
/bin/universe          = unknown

PATH: /home/mf/miniconda3/envs/optimization/bin
PATH: /home/mf/miniconda3/bin
PATH: /home/mf/.local/bin
PATH: /usr/local/sbin
PATH: /usr/local/bin
PATH: /usr/sbin
PATH: /usr/bin
PATH: /sbin
PATH: /bin
PATH: /usr/games
PATH: /usr/local/games
PATH: /snap/bin


## ----------- ##
## Core tests. ##
## ----------- ##

configure:1686: checking build system type
configure:1704: result: x86_64-unknown-linux-gnu
configure:1777: checking for svnversion
configure:1793: found /usr/bin/svnversion
configure:1804: result: yes
configure:1834: checking whether we want to compile in debug mode
configure:1880: result: no
configure:2130: checking for gcc
configure:2146: found /usr/bin/gcc
configure:2156: result: gcc
configure:2177: checking for C compiler version
configure:2180: gcc --version </dev/null >&5
gcc (Ubuntu 7.3.0-27ubuntu1~18.04) 7.3.0
Copyright (C) 2017 Free Software Foundation, Inc.
This is free software; see the source for copying conditions.  There is NO
warranty; not even for MERCHANTABILITY or FITNESS FOR A PARTICULAR PURPOSE.

configure:2183: $? = 0
configure:2185: gcc -v </dev/null >&5
Using built-in specs.
COLLECT_GCC=gcc
COLLECT_LTO_WRAPPER=/usr/lib/gcc/x86_64-linux-gnu/7/lto-wrapper
OFFLOAD_TARGET_NAMES=nvptx-none
OFFLOAD_TARGET_DEFAULT=1
Target: x86_64-linux-gnu
Configured with: ../src/configure -v --with-pkgversion='Ubuntu 7.3.0-27ubuntu1~18.04' --with-bugurl=file:///usr/share/doc/gcc-7/README.Bugs --enable-languages=c,ada,c++,go,brig,d,fortran,objc,obj-c++ --prefix=/usr --with-gcc-major-version-only --program-suffix=-7 --program-prefix=x86_64-linux-gnu- --enable-shared --enable-linker-build-id --libexecdir=/usr/lib --without-included-gettext --enable-threads=posix --libdir=/usr/lib --enable-nls --with-sysroot=/ --enable-clocale=gnu --enable-libstdcxx-debug --enable-libstdcxx-time=yes --with-default-libstdcxx-abi=new --enable-gnu-unique-object --disable-vtable-verify --enable-libmpx --enable-plugin --enable-default-pie --with-system-zlib --with-target-system-zlib --enable-objc-gc=auto --enable-multiarch --disable-werror --with-arch-32=i686 --with-abi=m64 --with-multilib-list=m32,m64,mx32 --enable-multilib --with-tune=generic --enable-offload-targets=nvptx-none --without-cuda-driver --enable-checking=release --build=x86_64-linux-gnu --host=x86_64-linux-gnu --target=x86_64-linux-gnu
Thread model: posix
gcc version 7.3.0 (Ubuntu 7.3.0-27ubuntu1~18.04) 
configure:2188: $? = 0
configure:2190: gcc -V </dev/null >&5
gcc: error: unrecognized command line option '-V'
gcc: fatal error: no input files
compilation terminated.
configure:2193: $? = 1
configure:2216: checking for C compiler default output file name
configure:2219: gcc    conftest.c  >&5
configure:2222: $? = 0
configure:2268: result: a.out
configure:2273: checking whether the C compiler works
configure:2279: ./a.out
configure:2282: $? = 0
configure:2299: result: yes
configure:2306: checking whether we are cross compiling
configure:2308: result: no
configure:2311: checking for suffix of executables
configure:2313: gcc -o conftest    conftest.c  >&5
configure:2316: $? = 0
configure:2341: result: 
configure:2347: checking for suffix of object files
configure:2368: gcc -c   conftest.c >&5
configure:2371: $? = 0
configure:2393: result: o
configure:2397: checking whether we are using the GNU C compiler
configure:2421: gcc -c   conftest.c >&5
configure:2427: $? = 0
configure:2431: test -z 
			 || test ! -s conftest.err
configure:2434: $? = 0
configure:2437: test -s conftest.o
configure:2440: $? = 0
configure:2453: result: yes
configure:2459: checking whether gcc accepts -g
configure:2480: gcc -c -g  conftest.c >&5
configure:2486: $? = 0
configure:2490: test -z 
			 || test ! -s conftest.err
configure:2493: $? = 0
configure:2496: test -s conftest.o
configure:2499: $? = 0
configure:2510: result: yes
configure:2527: checking for gcc option to accept ANSI C
configure:2597: gcc  -c -g -O2  conftest.c >&5
configure:2603: $? = 0
configure:2607: test -z 
			 || test ! -s conftest.err
configure:2610: $? = 0
configure:2613: test -s conftest.o
configure:2616: $? = 0
configure:2634: result: none needed
configure:2652: gcc -c -g -O2  conftest.c >&5
conftest.c:2:3: error: unknown type name 'choke'
   choke me
   ^~~~~
conftest.c:2:3: error: expected '=', ',', ';', 'asm' or '__attribute__' at end of input
configure:2658: $? = 1
configure: failed program was:
| #ifndef __cplusplus
|   choke me
| #endif
configure:3086: gcc -o conftest -O3 -pipe -DNDEBUG -pedantic-errors -Wimplicit -Wparentheses -Wsequence-point -Wreturn-type -Wcast-qual -Wall -Wno-unknown-pragmas -Wno-long-long   -DCGL_BUILD   conftest.c  >&5
configure:3092: $? = 0
configure:3096: test -z 
			 || test ! -s conftest.err
configure:3099: $? = 0
configure:3102: test -s conftest
configure:3105: $? = 0
configure:3172: C compiler options are: -O3 -pipe -DNDEBUG -pedantic-errors -Wimplicit -Wparentheses -Wsequence-point -Wreturn-type -Wcast-qual -Wall -Wno-unknown-pragmas -Wno-long-long   -DCGL_BUILD
configure:3287: checking for g++
configure:3303: found /usr/bin/g++
configure:3313: result: g++
configure:3329: checking for C++ compiler version
configure:3332: g++ --version </dev/null >&5
g++ (Ubuntu 7.3.0-27ubuntu1~18.04) 7.3.0
Copyright (C) 2017 Free Software Foundation, Inc.
This is free software; see the source for copying conditions.  There is NO
warranty; not even for MERCHANTABILITY or FITNESS FOR A PARTICULAR PURPOSE.

configure:3335: $? = 0
configure:3337: g++ -v </dev/null >&5
Using built-in specs.
COLLECT_GCC=g++
COLLECT_LTO_WRAPPER=/usr/lib/gcc/x86_64-linux-gnu/7/lto-wrapper
OFFLOAD_TARGET_NAMES=nvptx-none
OFFLOAD_TARGET_DEFAULT=1
Target: x86_64-linux-gnu
Configured with: ../src/configure -v --with-pkgversion='Ubuntu 7.3.0-27ubuntu1~18.04' --with-bugurl=file:///usr/share/doc/gcc-7/README.Bugs --enable-languages=c,ada,c++,go,brig,d,fortran,objc,obj-c++ --prefix=/usr --with-gcc-major-version-only --program-suffix=-7 --program-prefix=x86_64-linux-gnu- --enable-shared --enable-linker-build-id --libexecdir=/usr/lib --without-included-gettext --enable-threads=posix --libdir=/usr/lib --enable-nls --with-sysroot=/ --enable-clocale=gnu --enable-libstdcxx-debug --enable-libstdcxx-time=yes --with-default-libstdcxx-abi=new --enable-gnu-unique-object --disable-vtable-verify --enable-libmpx --enable-plugin --enable-default-pie --with-system-zlib --with-target-system-zlib --enable-objc-gc=auto --enable-multiarch --disable-werror --with-arch-32=i686 --with-abi=m64 --with-multilib-list=m32,m64,mx32 --enable-multilib --with-tune=generic --enable-offload-targets=nvptx-none --without-cuda-driver --enable-checking=release --build=x86_64-linux-gnu --host=x86_64-linux-gnu --target=x86_64-linux-gnu
Thread model: posix
gcc version 7.3.0 (Ubuntu 7.3.0-27ubuntu1~18.04) 
configure:3340: $? = 0
configure:3342: g++ -V </dev/null >&5
g++: error: unrecognized command line option '-V'
g++: fatal error: no input files
compilation terminated.
configure:3345: $? = 1
configure:3348: checking whether we are using the GNU C++ compiler
configure:3372: g++ -c   conftest.cc >&5
configure:3378: $? = 0
configure:3382: test -z 
			 || test ! -s conftest.err
configure:3385: $? = 0
configure:3388: test -s conftest.o
configure:3391: $? = 0
configure:3404: result: yes
configure:3410: checking whether g++ accepts -g
configure:3431: g++ -c -g  conftest.cc >&5
configure:3437: $? = 0
configure:3441: test -z 
			 || test ! -s conftest.err
configure:3444: $? = 0
configure:3447: test -s conftest.o
configure:3450: $? = 0
configure:3461: result: yes
configure:3503: g++ -c -g -O2  conftest.cc >&5
configure:3509: $? = 0
configure:3513: test -z 
			 || test ! -s conftest.err
configure:3516: $? = 0
configure:3519: test -s conftest.o
configure:3522: $? = 0
configure:3548: g++ -c -g -O2  conftest.cc >&5
conftest.cc: In function 'int main()':
conftest.cc:20:1: error: 'exit' was not declared in this scope
 exit (42);
 ^~~~
configure:3554: $? = 1
configure: failed program was:
| /* confdefs.h.  */
| 
| #define PACKAGE_NAME "Cgl"
| #define PACKAGE_TARNAME "cgl"
| #define PACKAGE_VERSION "0.59.9"
| #define PACKAGE_STRING "Cgl 0.59.9"
| #define PACKAGE_BUGREPORT "cgl@list.coin-or.org"
| #define CGL_VERSION "0.59.9"
| #define CGL_VERSION_MAJOR 0
| #define CGL_VERSION_MINOR 59
| #define CGL_VERSION_RELEASE 9
| #define CGL_SVN_REV 1429
| #define COIN_CGL_VERBOSITY 0
| #define COIN_CGL_CHECKLEVEL 0
| /* end confdefs.h.  */
| 
| int
| main ()
| {
| exit (42);
|   ;
|   return 0;
| }
configure:3503: g++ -c -g -O2  conftest.cc >&5
configure:3509: $? = 0
configure:3513: test -z 
			 || test ! -s conftest.err
configure:3516: $? = 0
configure:3519: test -s conftest.o
configure:3522: $? = 0
configure:3548: g++ -c -g -O2  conftest.cc >&5
configure:3554: $? = 0
configure:3558: test -z 
			 || test ! -s conftest.err
configure:3561: $? = 0
configure:3564: test -s conftest.o
configure:3567: $? = 0
configure:3599: checking whether C++ compiler g++ works
configure:3617: g++ -c -g -O2  conftest.cc >&5
configure:3623: $? = 0
configure:3627: test -z 
			 || test ! -s conftest.err
configure:3630: $? = 0
configure:3633: test -s conftest.o
configure:3636: $? = 0
configure:3638: result: yes
configure:3966: g++ -o conftest -O3 -pipe -DNDEBUG -pedantic-errors -Wparentheses -Wreturn-type -Wcast-qual -Wall -Wpointer-arith -Wwrite-strings -Wconversion -Wno-unknown-pragmas -Wno-long-long   -DCGL_BUILD   conftest.cc  >&5
configure:3972: $? = 0
configure:3976: test -z 
			 || test ! -s conftest.err
configure:3979: $? = 0
configure:3982: test -s conftest
configure:3985: $? = 0
configure:4052: C++ compiler options are: -O3 -pipe -DNDEBUG -pedantic-errors -Wparentheses -Wreturn-type -Wcast-qual -Wall -Wpointer-arith -Wwrite-strings -Wconversion -Wno-unknown-pragmas -Wno-long-long   -DCGL_BUILD
configure:4171: checking for egrep
configure:4181: result: grep -E
configure:4186: checking whether ln -s works
configure:4190: result: yes
configure:4211: checking for a BSD-compatible install
configure:4266: result: /usr/bin/install -c
configure:4277: checking whether build environment is sane
configure:4320: result: yes
configure:4385: checking for gawk
configure:4414: result: no
configure:4385: checking for mawk
configure:4401: found /usr/bin/mawk
configure:4411: result: mawk
configure:4421: checking whether make sets $(MAKE)
configure:4441: result: yes
configure:4471: checking for style of include used by make
configure:4499: result: GNU
configure:4680: checking dependency style of gcc
configure:4770: result: gcc3
configure:4789: checking dependency style of g++
configure:4879: result: gcc3
configure:4897: checking whether to enable maintainer-specific portions of Makefiles
configure:4906: result: no
configure:20404: Using libtool script in directory ..
configure:20503: checking if library version is set
configure:20507: result: 10:9:9
configure:20580: checking for pkg-config
configure:20609: result: no
configure:20720: checking for COIN-OR package CoinUtils
configure:20902: result: skipped check via pkg-config, redirect to fallback
configure:20905: checking for COIN-OR package CoinUtils (fallback)
configure:21101: result: yes
configure:21236: checking for COIN-OR package Osi
configure:21418: result: skipped check via pkg-config, redirect to fallback
configure:21421: checking for COIN-OR package Osi (fallback)
configure:21617: result: yes
configure:21752: checking for COIN-OR package Sample
configure:21919: result: skipped check via pkg-config, redirect to fallback
configure:21922: checking for COIN-OR package Sample (fallback)
configure:22118: result: yes
configure:22234: checking for COIN-OR package OsiClp
configure:22416: result: skipped check via pkg-config, redirect to fallback
configure:22419: checking for COIN-OR package OsiClp (fallback)
configure:22615: result: yes
configure:22753: checking for COIN-OR package OsiCpx
configure:22920: result: skipped check via pkg-config, redirect to fallback
configure:22923: checking for COIN-OR package OsiCpx (fallback)
configure:22989: result: no, dependency osi-cplex not available
configure:23233: checking for COIN-OR package OsiGlpk
configure:23400: result: skipped check via pkg-config, redirect to fallback
configure:23403: checking for COIN-OR package OsiGlpk (fallback)
configure:23469: result: no, dependency osi-glpk not available
configure:23714: checking for COIN-OR package OsiMsk
configure:23881: result: skipped check via pkg-config, redirect to fallback
configure:23884: checking for COIN-OR package OsiMsk (fallback)
configure:23950: result: no, dependency osi-mosek not available
configure:24194: checking for COIN-OR package OsiXpr
configure:24361: result: skipped check via pkg-config, redirect to fallback
configure:24364: checking for COIN-OR package OsiXpr (fallback)
configure:24430: result: no, dependency osi-xpress not available
configure:24674: checking for COIN-OR package OsiVol
configure:24841: result: skipped check via pkg-config, redirect to fallback
configure:24844: checking for COIN-OR package OsiVol (fallback)
configure:24910: result: no, dependency osi-vol not available
configure:25154: checking for COIN-OR package OsiDyLP
configure:25321: result: skipped check via pkg-config, redirect to fallback
configure:25324: checking for COIN-OR package OsiDyLP (fallback)
configure:25390: result: no, dependency osi-dylp not available
configure:25666: checking cmath usability
configure:25678: g++ -c -O3 -pipe -DNDEBUG -pedantic-errors -Wparentheses -Wreturn-type -Wcast-qual -Wall -Wpointer-arith -Wwrite-strings -Wconversion -Wno-unknown-pragmas -Wno-long-long   -DCGL_BUILD  conftest.cc >&5
configure:25684: $? = 0
configure:25688: test -z 
			 || test ! -s conftest.err
configure:25691: $? = 0
configure:25694: test -s conftest.o
configure:25697: $? = 0
configure:25707: result: yes
configure:25711: checking cmath presence
configure:25721: g++ -E  conftest.cc
configure:25727: $? = 0
configure:25747: result: yes
configure:25782: checking for cmath
configure:25789: result: yes
configure:25995: checking cfloat usability
configure:26007: g++ -c -O3 -pipe -DNDEBUG -pedantic-errors -Wparentheses -Wreturn-type -Wcast-qual -Wall -Wpointer-arith -Wwrite-strings -Wconversion -Wno-unknown-pragmas -Wno-long-long   -DCGL_BUILD  conftest.cc >&5
configure:26013: $? = 0
configure:26017: test -z 
			 || test ! -s conftest.err
configure:26020: $? = 0
configure:26023: test -s conftest.o
configure:26026: $? = 0
configure:26036: result: yes
configure:26040: checking cfloat presence
configure:26050: g++ -E  conftest.cc
configure:26056: $? = 0
configure:26076: result: yes
configure:26111: checking for cfloat
configure:26118: result: yes
configure:26324: checking cieeefp usability
configure:26336: g++ -c -O3 -pipe -DNDEBUG -pedantic-errors -Wparentheses -Wreturn-type -Wcast-qual -Wall -Wpointer-arith -Wwrite-strings -Wconversion -Wno-unknown-pragmas -Wno-long-long   -DCGL_BUILD  conftest.cc >&5
conftest.cc:75:10: fatal error: cieeefp: No such file or directory
 #include <cieeefp>
          ^~~~~~~~~
compilation terminated.
configure:26342: $? = 1
configure: failed program was:
| /* confdefs.h.  */
| 
| #define PACKAGE_NAME "Cgl"
| #define PACKAGE_TARNAME "cgl"
| #define PACKAGE_VERSION "0.59.9"
| #define PACKAGE_STRING "Cgl 0.59.9"
| #define PACKAGE_BUGREPORT "cgl@list.coin-or.org"
| #define CGL_VERSION "0.59.9"
| #define CGL_VERSION_MAJOR 0
| #define CGL_VERSION_MINOR 59
| #define CGL_VERSION_RELEASE 9
| #define CGL_SVN_REV 1429
| #define COIN_CGL_VERBOSITY 0
| #define COIN_CGL_CHECKLEVEL 0
| #ifdef __cplusplus
| extern "C" void std::exit (int) throw (); using std::exit;
| #endif
| #define PACKAGE "cgl"
| #define VERSION "0.59.9"
| #define HAVE_SYS_TYPES_H 1
| #define HAVE_SYS_STAT_H 1
| #define HAVE_STDLIB_H 1
| #define HAVE_STRING_H 1
| #define HAVE_MEMORY_H 1
| #define HAVE_STRINGS_H 1
| #define HAVE_INTTYPES_H 1
| #define HAVE_STDINT_H 1
| #define HAVE_UNISTD_H 1
| #define HAVE_DLFCN_H 1
| #define COIN_HAS_COINUTILS 1
| #define COIN_HAS_COINUTILS 1
| #define COIN_HAS_OSI 1
| #define COIN_HAS_OSI 1
| #define COIN_HAS_SAMPLE 1
| #define COIN_HAS_SAMPLE 1
| #define COIN_HAS_OSICLP 1
| #define COIN_HAS_OSICLP 1
| #define HAVE_CMATH 1
| #define HAVE_CFLOAT 1
| /* end confdefs.h.  */
| #include <stdio.h>
| #if HAVE_SYS_TYPES_H
| # include <sys/types.h>
| #endif
| #if HAVE_SYS_STAT_H
| # include <sys/stat.h>
| #endif
| #if STDC_HEADERS
| # include <stdlib.h>
| # include <stddef.h>
| #else
| # if HAVE_STDLIB_H
| #  include <stdlib.h>
| # endif
| #endif
| #if HAVE_STRING_H
| # if !STDC_HEADERS && HAVE_MEMORY_H
| #  include <memory.h>
| # endif
| # include <string.h>
| #endif
| #if HAVE_STRINGS_H
| # include <strings.h>
| #endif
| #if HAVE_INTTYPES_H
| # include <inttypes.h>
| #else
| # if HAVE_STDINT_H
| #  include <stdint.h>
| # endif
| #endif
| #if HAVE_UNISTD_H
| # include <unistd.h>
| #endif
| #include <cieeefp>
configure:26365: result: no
configure:26369: checking cieeefp presence
configure:26379: g++ -E  conftest.cc
conftest.cc:41:10: fatal error: cieeefp: No such file or directory
 #include <cieeefp>
          ^~~~~~~~~
compilation terminated.
configure:26385: $? = 1
configure: failed program was:
| /* confdefs.h.  */
| 
| #define PACKAGE_NAME "Cgl"
| #define PACKAGE_TARNAME "cgl"
| #define PACKAGE_VERSION "0.59.9"
| #define PACKAGE_STRING "Cgl 0.59.9"
| #define PACKAGE_BUGREPORT "cgl@list.coin-or.org"
| #define CGL_VERSION "0.59.9"
| #define CGL_VERSION_MAJOR 0
| #define CGL_VERSION_MINOR 59
| #define CGL_VERSION_RELEASE 9
| #define CGL_SVN_REV 1429
| #define COIN_CGL_VERBOSITY 0
| #define COIN_CGL_CHECKLEVEL 0
| #ifdef __cplusplus
| extern "C" void std::exit (int) throw (); using std::exit;
| #endif
| #define PACKAGE "cgl"
| #define VERSION "0.59.9"
| #define HAVE_SYS_TYPES_H 1
| #define HAVE_SYS_STAT_H 1
| #define HAVE_STDLIB_H 1
| #define HAVE_STRING_H 1
| #define HAVE_MEMORY_H 1
| #define HAVE_STRINGS_H 1
| #define HAVE_INTTYPES_H 1
| #define HAVE_STDINT_H 1
| #define HAVE_UNISTD_H 1
| #define HAVE_DLFCN_H 1
| #define COIN_HAS_COINUTILS 1
| #define COIN_HAS_COINUTILS 1
| #define COIN_HAS_OSI 1
| #define COIN_HAS_OSI 1
| #define COIN_HAS_SAMPLE 1
| #define COIN_HAS_SAMPLE 1
| #define COIN_HAS_OSICLP 1
| #define COIN_HAS_OSICLP 1
| #define HAVE_CMATH 1
| #define HAVE_CFLOAT 1
| /* end confdefs.h.  */
| #include <cieeefp>
configure:26405: result: no
configure:26440: checking for cieeefp
configure:26447: result: no
configure:26482: checking ieeefp.h usability
configure:26494: g++ -c -O3 -pipe -DNDEBUG -pedantic-errors -Wparentheses -Wreturn-type -Wcast-qual -Wall -Wpointer-arith -Wwrite-strings -Wconversion -Wno-unknown-pragmas -Wno-long-long   -DCGL_BUILD  conftest.cc >&5
conftest.cc:75:10: fatal error: ieeefp.h: No such file or directory
 #include <ieeefp.h>
          ^~~~~~~~~~
compilation terminated.
configure:26500: $? = 1
configure: failed program was:
| /* confdefs.h.  */
| 
| #define PACKAGE_NAME "Cgl"
| #define PACKAGE_TARNAME "cgl"
| #define PACKAGE_VERSION "0.59.9"
| #define PACKAGE_STRING "Cgl 0.59.9"
| #define PACKAGE_BUGREPORT "cgl@list.coin-or.org"
| #define CGL_VERSION "0.59.9"
| #define CGL_VERSION_MAJOR 0
| #define CGL_VERSION_MINOR 59
| #define CGL_VERSION_RELEASE 9
| #define CGL_SVN_REV 1429
| #define COIN_CGL_VERBOSITY 0
| #define COIN_CGL_CHECKLEVEL 0
| #ifdef __cplusplus
| extern "C" void std::exit (int) throw (); using std::exit;
| #endif
| #define PACKAGE "cgl"
| #define VERSION "0.59.9"
| #define HAVE_SYS_TYPES_H 1
| #define HAVE_SYS_STAT_H 1
| #define HAVE_STDLIB_H 1
| #define HAVE_STRING_H 1
| #define HAVE_MEMORY_H 1
| #define HAVE_STRINGS_H 1
| #define HAVE_INTTYPES_H 1
| #define HAVE_STDINT_H 1
| #define HAVE_UNISTD_H 1
| #define HAVE_DLFCN_H 1
| #define COIN_HAS_COINUTILS 1
| #define COIN_HAS_COINUTILS 1
| #define COIN_HAS_OSI 1
| #define COIN_HAS_OSI 1
| #define COIN_HAS_SAMPLE 1
| #define COIN_HAS_SAMPLE 1
| #define COIN_HAS_OSICLP 1
| #define COIN_HAS_OSICLP 1
| #define HAVE_CMATH 1
| #define HAVE_CFLOAT 1
| /* end confdefs.h.  */
| #include <stdio.h>
| #if HAVE_SYS_TYPES_H
| # include <sys/types.h>
| #endif
| #if HAVE_SYS_STAT_H
| # include <sys/stat.h>
| #endif
| #if STDC_HEADERS
| # include <stdlib.h>
| # include <stddef.h>
| #else
| # if HAVE_STDLIB_H
| #  include <stdlib.h>
| # endif
| #endif
| #if HAVE_STRING_H
| # if !STDC_HEADERS && HAVE_MEMORY_H
| #  include <memory.h>
| # endif
| # include <string.h>
| #endif
| #if HAVE_STRINGS_H
| # include <strings.h>
| #endif
| #if HAVE_INTTYPES_H
| # include <inttypes.h>
| #else
| # if HAVE_STDINT_H
| #  include <stdint.h>
| # endif
| #endif
| #if HAVE_UNISTD_H
| # include <unistd.h>
| #endif
| #include <ieeefp.h>
configure:26523: result: no
configure:26527: checking ieeefp.h presence
configure:26537: g++ -E  conftest.cc
conftest.cc:41:10: fatal error: ieeefp.h: No such file or directory
 #include <ieeefp.h>
          ^~~~~~~~~~
compilation terminated.
configure:26543: $? = 1
configure: failed program was:
| /* confdefs.h.  */
| 
| #define PACKAGE_NAME "Cgl"
| #define PACKAGE_TARNAME "cgl"
| #define PACKAGE_VERSION "0.59.9"
| #define PACKAGE_STRING "Cgl 0.59.9"
| #define PACKAGE_BUGREPORT "cgl@list.coin-or.org"
| #define CGL_VERSION "0.59.9"
| #define CGL_VERSION_MAJOR 0
| #define CGL_VERSION_MINOR 59
| #define CGL_VERSION_RELEASE 9
| #define CGL_SVN_REV 1429
| #define COIN_CGL_VERBOSITY 0
| #define COIN_CGL_CHECKLEVEL 0
| #ifdef __cplusplus
| extern "C" void std::exit (int) throw (); using std::exit;
| #endif
| #define PACKAGE "cgl"
| #define VERSION "0.59.9"
| #define HAVE_SYS_TYPES_H 1
| #define HAVE_SYS_STAT_H 1
| #define HAVE_STDLIB_H 1
| #define HAVE_STRING_H 1
| #define HAVE_MEMORY_H 1
| #define HAVE_STRINGS_H 1
| #define HAVE_INTTYPES_H 1
| #define HAVE_STDINT_H 1
| #define HAVE_UNISTD_H 1
| #define HAVE_DLFCN_H 1
| #define COIN_HAS_COINUTILS 1
| #define COIN_HAS_COINUTILS 1
| #define COIN_HAS_OSI 1
| #define COIN_HAS_OSI 1
| #define COIN_HAS_SAMPLE 1
| #define COIN_HAS_SAMPLE 1
| #define COIN_HAS_OSICLP 1
| #define COIN_HAS_OSICLP 1
| #define HAVE_CMATH 1
| #define HAVE_CFLOAT 1
| /* end confdefs.h.  */
| #include <ieeefp.h>
configure:26563: result: no
configure:26598: checking for ieeefp.h
configure:26605: result: no
configure:26657: configuring doxygen documentation options
configure:26664: checking for doxygen
configure:26691: result: no
configure:26700: checking for latex
configure:26727: result: no
configure:26755: checking for dot
configure:26782: result: NO
configure:26833: checking for doxygen doc'n for CoinUtils 
configure:26849: result: ../CoinUtils/doxydoc (tag)
configure:26880: checking whether this is a VPATH configuration
configure:26887: result: no
configure:26917: checking which command should be used to link input files
configure:26925: result: ln -s
configure:27294: creating ./config.status

## ---------------------- ##
## Running config.status. ##
## ---------------------- ##

This file was extended by Cgl config.status 0.59.9, which was
generated by GNU Autoconf 2.59.  Invocation command line was

  CONFIG_FILES    = 
  CONFIG_HEADERS  = 
  CONFIG_LINKS    = 
  CONFIG_COMMANDS = 
  $ ./config.status 

on siili

config.status:900: creating Makefile
config.status:900: creating examples/Makefile
config.status:900: creating src/Makefile
config.status:900: creating src/CglAllDifferent/Makefile
config.status:900: creating src/CglClique/Makefile
config.status:900: creating src/CglDuplicateRow/Makefile
config.status:900: creating src/CglFlowCover/Makefile
config.status:900: creating src/CglGMI/Makefile
config.status:900: creating src/CglGomory/Makefile
config.status:900: creating src/CglKnapsackCover/Makefile
config.status:900: creating src/CglLandP/Makefile
config.status:900: creating src/CglLiftAndProject/Makefile
config.status:900: creating src/CglMixedIntegerRounding/Makefile
config.status:900: creating src/CglMixedIntegerRounding2/Makefile
config.status:900: creating src/CglOddHole/Makefile
config.status:900: creating src/CglPreProcess/Makefile
config.status:900: creating src/CglProbing/Makefile
config.status:900: creating src/CglRedSplit/Makefile
config.status:900: creating src/CglRedSplit2/Makefile
config.status:900: creating src/CglResidualCapacity/Makefile
config.status:900: creating src/CglSimpleRounding/Makefile
config.status:900: creating src/CglTwomir/Makefile
config.status:900: creating src/CglZeroHalf/Makefile
config.status:900: creating test/Makefile
config.status:900: creating cgl.pc
config.status:900: creating cgl-uninstalled.pc
config.status:900: creating doxydoc/doxygen.conf
config.status:1004: creating src/config.h
config.status:1004: creating src/config_cgl.h
config.status:1316: executing depfiles commands
configure:28845: In case of trouble, first consult the troubleshooting page at https://projects.coin-or.org/BuildTools/wiki/user-troubleshooting
configure:28848: Configuration of Cgl successful

## ---------------- ##
## Cache variables. ##
## ---------------- ##

ac_cv_build=x86_64-unknown-linux-gnu
ac_cv_build_alias=x86_64-unknown-linux-gnu
ac_cv_c_compiler_gnu=yes
ac_cv_cxx_compiler_gnu=yes
ac_cv_env_ADD_CFLAGS_set=
ac_cv_env_ADD_CFLAGS_value=
ac_cv_env_ADD_CXXFLAGS_set=
ac_cv_env_ADD_CXXFLAGS_value=
ac_cv_env_CC_set=
ac_cv_env_CC_value=
ac_cv_env_CDEFS_set=
ac_cv_env_CDEFS_value=
ac_cv_env_CFLAGS_set=
ac_cv_env_CFLAGS_value=
ac_cv_env_CPPFLAGS_set=
ac_cv_env_CPPFLAGS_value=
ac_cv_env_CPP_set=
ac_cv_env_CPP_value=
ac_cv_env_CXXCPP_set=
ac_cv_env_CXXCPP_value=
ac_cv_env_CXXDEFS_set=
ac_cv_env_CXXDEFS_value=
ac_cv_env_CXXFLAGS_set=
ac_cv_env_CXXFLAGS_value=
ac_cv_env_CXX_set=
ac_cv_env_CXX_value=
ac_cv_env_DBG_CFLAGS_set=
ac_cv_env_DBG_CFLAGS_value=
ac_cv_env_DBG_CXXFLAGS_set=
ac_cv_env_DBG_CXXFLAGS_value=
ac_cv_env_F77_set=
ac_cv_env_F77_value=
ac_cv_env_FFLAGS_set=
ac_cv_env_FFLAGS_value=
ac_cv_env_LDFLAGS_set=
ac_cv_env_LDFLAGS_value=
ac_cv_env_MPICC_set=
ac_cv_env_MPICC_value=
ac_cv_env_MPICXX_set=
ac_cv_env_MPICXX_value=
ac_cv_env_OPT_CFLAGS_set=
ac_cv_env_OPT_CFLAGS_value=
ac_cv_env_OPT_CXXFLAGS_set=
ac_cv_env_OPT_CXXFLAGS_value=
ac_cv_env_PKG_CONFIG_set=
ac_cv_env_PKG_CONFIG_value=
ac_cv_env_build_alias_set=
ac_cv_env_build_alias_value=
ac_cv_env_host_alias_set=
ac_cv_env_host_alias_value=
ac_cv_env_target_alias_set=
ac_cv_env_target_alias_value=
ac_cv_exeext=
ac_cv_header_cfloat=yes
ac_cv_header_cieeefp=no
ac_cv_header_cmath=yes
ac_cv_header_ieeefp_h=no
ac_cv_objext=o
ac_cv_path_install='/usr/bin/install -c'
ac_cv_prog_AWK=mawk
ac_cv_prog_ac_ct_CC=gcc
ac_cv_prog_ac_ct_CXX=g++
ac_cv_prog_cc_g=yes
ac_cv_prog_cc_stdc=
ac_cv_prog_coin_doxy_usedot=NO
ac_cv_prog_coin_have_doxygen=no
ac_cv_prog_coin_have_latex=no
ac_cv_prog_cxx_g=yes
ac_cv_prog_egrep='grep -E'
ac_cv_prog_have_svnversion=yes
ac_cv_prog_make_make_set=yes
am_cv_CC_dependencies_compiler_type=gcc3
am_cv_CXX_dependencies_compiler_type=gcc3

## ----------------- ##
## Output variables. ##
## ----------------- ##

ABSBUILDDIR='/home/mf/Cbc-2.9.8/Cgl'
ACLOCAL='${SHELL} /home/mf/Cbc-2.9.8/Cgl/missing --run aclocal-1.9'
ADD_CFLAGS=''
ADD_CXXFLAGS=''
ALWAYS_FALSE_FALSE=''
ALWAYS_FALSE_TRUE='#'
AMDEPBACKSLASH='\'
AMDEP_FALSE='#'
AMDEP_TRUE=''
AMTAR='${SHELL} /home/mf/Cbc-2.9.8/Cgl/missing --run tar'
AR='ar'
AUTOCONF='${SHELL} /home/mf/Cbc-2.9.8/Cgl/missing --run autoconf'
AUTOHEADER='${SHELL} /home/mf/Cbc-2.9.8/Cgl/missing --run autoheader'
AUTOMAKE='${SHELL} /home/mf/Cbc-2.9.8/Cgl/missing --run automake-1.9'
AUX_DIR=''
AWK='mawk'
BUILDTOOLSDIR=''
CC='gcc'
CCDEPMODE='depmode=gcc3'
CDEFS=''
CFLAGS='-O3 -pipe -DNDEBUG -pedantic-errors -Wimplicit -Wparentheses -Wsequence-point -Wreturn-type -Wcast-qual -Wall -Wno-unknown-pragmas -Wno-long-long   -DCGL_BUILD'
CGLLIB_CFLAGS=' -I/home/mf/Cbc-2.9.8/Clp/src/OsiClp  -I/home/mf/Cbc-2.9.8/Clp/src -I/home/mf/Cbc-2.9.8/Clp/src  -I/home/mf/Cbc-2.9.8/Osi/src/Osi -I/home/mf/Cbc-2.9.8/Osi/src/Osi  -I/home/mf/Cbc-2.9.8/CoinUtils/src -I/home/mf/Cbc-2.9.8/CoinUtils/src   -I/home/mf/Cbc-2.9.8/Osi/src/Osi -I/home/mf/Cbc-2.9.8/Osi/src/Osi  -I/home/mf/Cbc-2.9.8/CoinUtils/src -I/home/mf/Cbc-2.9.8/CoinUtils/src   -I/home/mf/Cbc-2.9.8/CoinUtils/src -I/home/mf/Cbc-2.9.8/CoinUtils/src  '
CGLLIB_CFLAGS_INSTALLED=' -I/home/mf/Cbc-2.9.8/include/coin  -I/home/mf/Cbc-2.9.8/include/coin  -I/home/mf/Cbc-2.9.8/include/coin  -I/home/mf/Cbc-2.9.8/include/coin   -I/home/mf/Cbc-2.9.8/include/coin  -I/home/mf/Cbc-2.9.8/include/coin   -I/home/mf/Cbc-2.9.8/include/coin  '
CGLLIB_DEPENDENCIES='  /home/mf/Cbc-2.9.8/Clp/src/OsiClp/libOsiClp.la   /home/mf/Cbc-2.9.8/Clp/src/libClpSolver.la /home/mf/Cbc-2.9.8/Clp/src/libClp.la   /home/mf/Cbc-2.9.8/Osi/src/Osi/libOsi.la   /home/mf/Cbc-2.9.8/CoinUtils/src/libCoinUtils.la    /home/mf/Cbc-2.9.8/Osi/src/Osi/libOsi.la   /home/mf/Cbc-2.9.8/CoinUtils/src/libCoinUtils.la    /home/mf/Cbc-2.9.8/CoinUtils/src/libCoinUtils.la    '
CGLLIB_LIBS=' /home/mf/Cbc-2.9.8/Clp/src/OsiClp/libOsiClp.la   /home/mf/Cbc-2.9.8/Clp/src/libClpSolver.la /home/mf/Cbc-2.9.8/Clp/src/libClp.la   /home/mf/Cbc-2.9.8/Osi/src/Osi/libOsi.la   /home/mf/Cbc-2.9.8/CoinUtils/src/libCoinUtils.la -lm    /home/mf/Cbc-2.9.8/Osi/src/Osi/libOsi.la   /home/mf/Cbc-2.9.8/CoinUtils/src/libCoinUtils.la -lm    /home/mf/Cbc-2.9.8/CoinUtils/src/libCoinUtils.la -lm   '
CGLLIB_LIBS_INSTALLED=' -L/home/mf/Cbc-2.9.8/lib -lOsiClp   -L/home/mf/Cbc-2.9.8/lib -lClpSolver -lClp   -L/home/mf/Cbc-2.9.8/lib -lOsi   -L/home/mf/Cbc-2.9.8/lib -lCoinUtils -lm    -L/home/mf/Cbc-2.9.8/lib -lOsi   -L/home/mf/Cbc-2.9.8/lib -lCoinUtils -lm    -L/home/mf/Cbc-2.9.8/lib -lCoinUtils -lm   '
CGLLIB_PCLIBS=''
CGLLIB_PCREQUIRES='osi-clp osi coinutils '
CGL_SUBDIRS=' CglAllDifferent CglClique CglDuplicateRow CglFlowCover CglGMI CglGomory CglKnapsackCover CglLandP CglLiftAndProject CglMixedIntegerRounding CglMixedIntegerRounding2 CglOddHole CglPreProcess CglProbing CglRedSplit CglRedSplit2 CglResidualCapacity CglSimpleRounding CglTwomir CglZeroHalf'
CGL_SUBLIBS=' CglAllDifferent/libCglAllDifferent.la CglClique/libCglClique.la CglDuplicateRow/libCglDuplicateRow.la CglFlowCover/libCglFlowCover.la CglGMI/libCglGMI.la CglGomory/libCglGomory.la CglKnapsackCover/libCglKnapsackCover.la CglLandP/libCglLandP.la CglLiftAndProject/libCglLiftAndProject.la CglMixedIntegerRounding/libCglMixedIntegerRounding.la CglMixedIntegerRounding2/libCglMixedIntegerRounding2.la CglOddHole/libCglOddHole.la CglPreProcess/libCglPreProcess.la CglProbing/libCglProbing.la CglRedSplit/libCglRedSplit.la CglRedSplit2/libCglRedSplit2.la CglResidualCapacity/libCglResidualCapacity.la CglSimpleRounding/libCglSimpleRounding.la CglTwomir/libCglTwomir.la CglZeroHalf/libCglZeroHalf.la'
CGL_SVN_REV='1429'
COINUTILS_CFLAGS=' -I/home/mf/Cbc-2.9.8/CoinUtils/src -I/home/mf/Cbc-2.9.8/CoinUtils/src '
COINUTILS_CFLAGS_INSTALLED=' -I/home/mf/Cbc-2.9.8/include/coin '
COINUTILS_DATA=''
COINUTILS_DATA_INSTALLED=''
COINUTILS_DEPENDENCIES='  /home/mf/Cbc-2.9.8/CoinUtils/src/libCoinUtils.la  '
COINUTILS_LIBS=' /home/mf/Cbc-2.9.8/CoinUtils/src/libCoinUtils.la -lm  '
COINUTILS_LIBS_INSTALLED=' -L/home/mf/Cbc-2.9.8/lib -lCoinUtils -lm  '
COIN_CC_IS_CL_FALSE=''
COIN_CC_IS_CL_TRUE='#'
COIN_CXX_IS_CL_FALSE=''
COIN_CXX_IS_CL_TRUE='#'
COIN_HAS_COINUTILS_FALSE='#'
COIN_HAS_COINUTILS_TRUE=''
COIN_HAS_DOXYGEN_FALSE=''
COIN_HAS_DOXYGEN_TRUE='#'
COIN_HAS_LATEX_FALSE=''
COIN_HAS_LATEX_TRUE='#'
COIN_HAS_OSICLP_FALSE='#'
COIN_HAS_OSICLP_TRUE=''
COIN_HAS_OSICPX_FALSE=''
COIN_HAS_OSICPX_TRUE='#'
COIN_HAS_OSIDYLP_FALSE=''
COIN_HAS_OSIDYLP_TRUE='#'
COIN_HAS_OSIGLPK_FALSE=''
COIN_HAS_OSIGLPK_TRUE='#'
COIN_HAS_OSIMSK_FALSE=''
COIN_HAS_OSIMSK_TRUE='#'
COIN_HAS_OSIVOL_FALSE=''
COIN_HAS_OSIVOL_TRUE='#'
COIN_HAS_OSIXPR_FALSE=''
COIN_HAS_OSIXPR_TRUE='#'
COIN_HAS_OSI_FALSE='#'
COIN_HAS_OSI_TRUE=''
COIN_HAS_PKGCONFIG_FALSE=''
COIN_HAS_PKGCONFIG_TRUE='#'
COIN_HAS_SAMPLE_FALSE='#'
COIN_HAS_SAMPLE_TRUE=''
COIN_PKG_CONFIG_PATH='/home/mf/Cbc-2.9.8/lib64/pkgconfig:/home/mf/Cbc-2.9.8/lib/pkgconfig:/home/mf/Cbc-2.9.8/share/pkgconfig:'
COIN_PKG_CONFIG_PATH_UNINSTALLED='/home/mf/Cbc-2.9.8/Cbc:/home/mf/Cbc-2.9.8/Cgl:/home/mf/Cbc-2.9.8/Clp:/home/mf/Cbc-2.9.8/Osi:/home/mf/Cbc-2.9.8/CoinUtils:/home/mf/Cbc-2.9.8/Data/miplib3:/home/mf/Cbc-2.9.8/Data/Sample:'
CPP='gcc -E'
CPPFLAGS=''
CXX='g++'
CXXCPP='g++ -E'
CXXDEFS=''
CXXDEPMODE='depmode=gcc3'
CXXFLAGS='-O3 -pipe -DNDEBUG -pedantic-errors -Wparentheses -Wreturn-type -Wcast-qual -Wall -Wpointer-arith -Wwrite-strings -Wconversion -Wno-unknown-pragmas -Wno-long-long   -DCGL_BUILD'
CYGPATH_W='echo'
DBG_CFLAGS='-g -O0 -pipe -pedantic-errors -Wimplicit -Wparentheses -Wsequence-point -Wreturn-type -Wcast-qual -Wall -Wno-unknown-pragmas -Wno-long-long  '
DBG_CXXFLAGS='-g -O0 -pipe -pedantic-errors -Wparentheses -Wreturn-type -Wcast-qual -Wall -Wpointer-arith -Wwrite-strings -Wconversion -Wno-unknown-pragmas -Wno-long-long  '
DEFS='-DHAVE_CONFIG_H'
DEPDIR='.deps'
DEPENDENCY_LINKING_FALSE='#'
DEPENDENCY_LINKING_TRUE=''
ECHO='echo'
ECHO_C=''
ECHO_N='-n'
ECHO_T=''
EGREP='grep -E'
EXEEXT=''
F77=''
FFLAGS=''
HAVE_EXTERNALS_FALSE=''
HAVE_EXTERNALS_TRUE='#'
INSTALL_DATA='${INSTALL} -m 644'
INSTALL_PROGRAM='${INSTALL}'
INSTALL_SCRIPT='${INSTALL}'
INSTALL_STRIP_PROGRAM='${SHELL} $(install_sh) -c -s'
LDFLAGS=''
LIBEXT='a'
LIBOBJS=''
LIBS=''
LIBTOOL='$(SHELL) $(top_builddir)/../libtool'
LIBTOOLM4=''
LN_S='ln -s'
LTLIBOBJS=''
LT_LDFLAGS='-no-undefined -version-info 10:9:9'
MAINT='#'
MAINTAINER_MODE_FALSE=''
MAINTAINER_MODE_TRUE='#'
MAKEINFO='${SHELL} /home/mf/Cbc-2.9.8/Cgl/missing --run makeinfo'
MPICC=''
MPICXX=''
OBJEXT='o'
OPT_CFLAGS='-O3 -pipe -DNDEBUG -pedantic-errors -Wimplicit -Wparentheses -Wsequence-point -Wreturn-type -Wcast-qual -Wall -Wno-unknown-pragmas -Wno-long-long  '
OPT_CXXFLAGS='-O3 -pipe -DNDEBUG -pedantic-errors -Wparentheses -Wreturn-type -Wcast-qual -Wall -Wpointer-arith -Wwrite-strings -Wconversion -Wno-unknown-pragmas -Wno-long-long  '
OSICLP_CFLAGS=' -I/home/mf/Cbc-2.9.8/Clp/src/OsiClp  -I/home/mf/Cbc-2.9.8/Clp/src -I/home/mf/Cbc-2.9.8/Clp/src  -I/home/mf/Cbc-2.9.8/Osi/src/Osi -I/home/mf/Cbc-2.9.8/Osi/src/Osi  -I/home/mf/Cbc-2.9.8/CoinUtils/src -I/home/mf/Cbc-2.9.8/CoinUtils/src '
OSICLP_CFLAGS_INSTALLED=' -I/home/mf/Cbc-2.9.8/include/coin  -I/home/mf/Cbc-2.9.8/include/coin  -I/home/mf/Cbc-2.9.8/include/coin  -I/home/mf/Cbc-2.9.8/include/coin '
OSICLP_DATA=''
OSICLP_DATA_INSTALLED=''
OSICLP_DEPENDENCIES='  /home/mf/Cbc-2.9.8/Clp/src/OsiClp/libOsiClp.la   /home/mf/Cbc-2.9.8/Clp/src/libClpSolver.la /home/mf/Cbc-2.9.8/Clp/src/libClp.la   /home/mf/Cbc-2.9.8/Osi/src/Osi/libOsi.la   /home/mf/Cbc-2.9.8/CoinUtils/src/libCoinUtils.la  '
OSICLP_LIBS=' /home/mf/Cbc-2.9.8/Clp/src/OsiClp/libOsiClp.la   /home/mf/Cbc-2.9.8/Clp/src/libClpSolver.la /home/mf/Cbc-2.9.8/Clp/src/libClp.la   /home/mf/Cbc-2.9.8/Osi/src/Osi/libOsi.la   /home/mf/Cbc-2.9.8/CoinUtils/src/libCoinUtils.la -lm  '
OSICLP_LIBS_INSTALLED=' -L/home/mf/Cbc-2.9.8/lib -lOsiClp   -L/home/mf/Cbc-2.9.8/lib -lClpSolver -lClp   -L/home/mf/Cbc-2.9.8/lib -lOsi   -L/home/mf/Cbc-2.9.8/lib -lCoinUtils -lm  '
OSICPX_CFLAGS=''
OSICPX_CFLAGS_INSTALLED=''
OSICPX_DATA=''
OSICPX_DATA_INSTALLED=''
OSICPX_DEPENDENCIES=''
OSICPX_LIBS=''
OSICPX_LIBS_INSTALLED=''
OSIDYLP_CFLAGS=''
OSIDYLP_CFLAGS_INSTALLED=''
OSIDYLP_DATA=''
OSIDYLP_DATA_INSTALLED=''
OSIDYLP_DEPENDENCIES=''
OSIDYLP_LIBS=''
OSIDYLP_LIBS_INSTALLED=''
OSIGLPK_CFLAGS=''
OSIGLPK_CFLAGS_INSTALLED=''
OSIGLPK_DATA=''
OSIGLPK_DATA_INSTALLED=''
OSIGLPK_DEPENDENCIES=''
OSIGLPK_LIBS=''
OSIGLPK_LIBS_INSTALLED=''
OSIMSK_CFLAGS=''
OSIMSK_CFLAGS_INSTALLED=''
OSIMSK_DATA=''
OSIMSK_DATA_INSTALLED=''
OSIMSK_DEPENDENCIES=''
OSIMSK_LIBS=''
OSIMSK_LIBS_INSTALLED=''
OSIVOL_CFLAGS=''
OSIVOL_CFLAGS_INSTALLED=''
OSIVOL_DATA=''
OSIVOL_DATA_INSTALLED=''
OSIVOL_DEPENDENCIES=''
OSIVOL_LIBS=''
OSIVOL_LIBS_INSTALLED=''
OSIXPR_CFLAGS=''
OSIXPR_CFLAGS_INSTALLED=''
OSIXPR_DATA=''
OSIXPR_DATA_INSTALLED=''
OSIXPR_DEPENDENCIES=''
OSIXPR_LIBS=''
OSIXPR_LIBS_INSTALLED=''
OSI_CFLAGS=' -I/home/mf/Cbc-2.9.8/Osi/src/Osi -I/home/mf/Cbc-2.9.8/Osi/src/Osi  -I/home/mf/Cbc-2.9.8/CoinUtils/src -I/home/mf/Cbc-2.9.8/CoinUtils/src '
OSI_CFLAGS_INSTALLED=' -I/home/mf/Cbc-2.9.8/include/coin  -I/home/mf/Cbc-2.9.8/include/coin '
OSI_DATA=''
OSI_DATA_INSTALLED=''
OSI_DEPENDENCIES='  /home/mf/Cbc-2.9.8/Osi/src/Osi/libOsi.la   /home/mf/Cbc-2.9.8/CoinUtils/src/libCoinUtils.la  '
OSI_LIBS=' /home/mf/Cbc-2.9.8/Osi/src/Osi/libOsi.la   /home/mf/Cbc-2.9.8/CoinUtils/src/libCoinUtils.la -lm  '
OSI_LIBS_INSTALLED=' -L/home/mf/Cbc-2.9.8/lib -lOsi   -L/home/mf/Cbc-2.9.8/lib -lCoinUtils -lm  '
PACKAGE='cgl'
PACKAGE_BUGREPORT='cgl@list.coin-or.org'
PACKAGE_NAME='Cgl'
PACKAGE_STRING='Cgl 0.59.9'
PACKAGE_TARNAME='cgl'
PACKAGE_VERSION='0.59.9'
PATH_SEPARATOR=':'
PKG_CONFIG=''
RANLIB='ranlib'
RPATH_FLAGS=' -Wl,--rpath -Wl,/home/mf/Cbc-2.9.8/lib'
SAMPLE_CFLAGS=' '
SAMPLE_CFLAGS_INSTALLED=' '
SAMPLE_DATA='/home/mf/Cbc-2.9.8/Data/Sample'
SAMPLE_DATA_INSTALLED='/home/mf/Cbc-2.9.8/share/coin/Data/Sample'
SAMPLE_DEPENDENCIES='  '
SAMPLE_LIBS=' '
SAMPLE_LIBS_INSTALLED=' '
SET_MAKE=''
SHELL='/bin/bash'
STRIP='strip'
VERSION='0.59.9'
VPATH_DISTCLEANFILES=''
abs_bin_dir='/home/mf/Cbc-2.9.8/bin'
abs_include_dir='/home/mf/Cbc-2.9.8/include'
abs_lib_dir='/home/mf/Cbc-2.9.8/lib'
abs_source_dir='/home/mf/Cbc-2.9.8/Cgl'
ac_c_preproc_warn_flag=''
ac_ct_AR='ar'
ac_ct_CC='gcc'
ac_ct_CXX='g++'
ac_ct_F77=''
ac_ct_PKG_CONFIG=''
ac_ct_RANLIB='ranlib'
ac_ct_STRIP='strip'
ac_cxx_preproc_warn_flag=''
am__fastdepCC_FALSE='#'
am__fastdepCC_TRUE=''
am__fastdepCXX_FALSE='#'
am__fastdepCXX_TRUE=''
am__include='include'
am__leading_dot='.'
am__quote=''
am__tar='${AMTAR} chof - "$$tardir"'
am__untar='${AMTAR} xf -'
bindir='${exec_prefix}/bin'
build='x86_64-unknown-linux-gnu'
build_alias=''
build_cpu='x86_64'
build_os='linux-gnu'
build_vendor='unknown'
coin_doxy_excludes=' */CoinUtils'
coin_doxy_logname='doxydoc/cgl_doxy.log'
coin_doxy_tagfiles=' ../CoinUtils/doxydoc/coinutils_doxy.tag=../../../CoinUtils/doxydoc/html'
coin_doxy_tagname='doxydoc/cgl_doxy.tag'
coin_doxy_usedot='NO'
coin_have_doxygen='no'
coin_have_latex='no'
datadir='${prefix}/share'
exec_prefix='${prefix}'
have_autoconf=''
have_automake=''
have_svn=''
have_svnversion='yes'
host='x86_64-unknown-linux-gnu'
host_alias=''
host_cpu='x86_64'
host_os='linux-gnu'
host_vendor='unknown'
includedir='${prefix}/include'
infodir='${prefix}/info'
install_sh='/home/mf/Cbc-2.9.8/Cgl/install-sh'
libdir='${exec_prefix}/lib'
libexecdir='${exec_prefix}/libexec'
localstatedir='${prefix}/var'
mandir='${prefix}/man'
mkdir_p='mkdir -p --'
oldincludedir='/usr/include'
prefix='/home/mf/Cbc-2.9.8'
program_transform_name='s,x,x,'
sbindir='${exec_prefix}/sbin'
sharedstatedir='${prefix}/com'
sol_cc_compiler=''
sysconfdir='${prefix}/etc'
target_alias=''

## ----------- ##
## confdefs.h. ##
## ----------- ##

#define CGL_SVN_REV 1429
#define CGL_VERSION "0.59.9"
#define CGL_VERSION_MAJOR 0
#define CGL_VERSION_MINOR 59
#define CGL_VERSION_RELEASE 9
#define COIN_CGL_CHECKLEVEL 0
#define COIN_CGL_VERBOSITY 0
#define COIN_HAS_COINUTILS 1
#define COIN_HAS_COINUTILS 1
#define COIN_HAS_OSI 1
#define COIN_HAS_OSI 1
#define COIN_HAS_OSICLP 1
#define COIN_HAS_OSICLP 1
#define COIN_HAS_SAMPLE 1
#define COIN_HAS_SAMPLE 1
#define HAVE_CFLOAT 1
#define HAVE_CMATH 1
#define HAVE_DLFCN_H 1
#define HAVE_INTTYPES_H 1
#define HAVE_MEMORY_H 1
#define HAVE_STDINT_H 1
#define HAVE_STDLIB_H 1
#define HAVE_STRINGS_H 1
#define HAVE_STRING_H 1
#define HAVE_SYS_STAT_H 1
#define HAVE_SYS_TYPES_H 1
#define HAVE_UNISTD_H 1
#define PACKAGE "cgl"
#define PACKAGE_BUGREPORT "cgl@list.coin-or.org"
#define PACKAGE_NAME "Cgl"
#define PACKAGE_STRING "Cgl 0.59.9"
#define PACKAGE_TARNAME "cgl"
#define PACKAGE_VERSION "0.59.9"
#define VERSION "0.59.9"
#endif
#ifdef __cplusplus
extern "C" void std::exit (int) throw (); using std::exit;

configure: exit 0
