This file contains any messages produced by compilers while
running configure, to aid debugging if configure makes a mistake.

It was created by Cbc configure 2.9.8, which was
generated by GNU Autoconf 2.59.  Invocation command line was

  $ ./configure 

## --------- ##
## Platform. ##
## --------- ##

hostname = siili
uname -m = x86_64
uname -r = 4.15.0-36-generic
uname -s = Linux
uname -v = #39-Ubuntu SMP Mon Sep 24 16:19:09 UTC 2018

/usr/bin/uname -p = unknown
/bin/uname -X     = unknown

/bin/arch              = unknown
/usr/bin/arch -k       = unknown
/usr/convex/getsysinfo = unknown
hostinfo               = unknown
/bin/machine           = unknown
/usr/bin/oslevel       = unknown
/bin/universe          = unknown

PATH: /home/mf/miniconda3/envs/optimization/bin
PATH: /home/mf/miniconda3/bin
PATH: /home/mf/.local/bin
PATH: /usr/local/sbin
PATH: /usr/local/bin
PATH: /usr/sbin
PATH: /usr/bin
PATH: /sbin
PATH: /bin
PATH: /usr/games
PATH: /usr/local/games
PATH: /snap/bin


## ----------- ##
## Core tests. ##
## ----------- ##

configure:1739: checking build system type
configure:1757: result: x86_64-unknown-linux-gnu
configure:1768: checking whether we want to compile in debug mode
configure:1797: result: no
configure:2013: checking for gcc
configure:2029: found /usr/bin/gcc
configure:2039: result: gcc
configure:2060: checking for C compiler version
configure:2063: gcc --version </dev/null >&5
gcc (Ubuntu 7.3.0-27ubuntu1~18.04) 7.3.0
Copyright (C) 2017 Free Software Foundation, Inc.
This is free software; see the source for copying conditions.  There is NO
warranty; not even for MERCHANTABILITY or FITNESS FOR A PARTICULAR PURPOSE.

configure:2066: $? = 0
configure:2068: gcc -v </dev/null >&5
Using built-in specs.
COLLECT_GCC=gcc
COLLECT_LTO_WRAPPER=/usr/lib/gcc/x86_64-linux-gnu/7/lto-wrapper
OFFLOAD_TARGET_NAMES=nvptx-none
OFFLOAD_TARGET_DEFAULT=1
Target: x86_64-linux-gnu
Configured with: ../src/configure -v --with-pkgversion='Ubuntu 7.3.0-27ubuntu1~18.04' --with-bugurl=file:///usr/share/doc/gcc-7/README.Bugs --enable-languages=c,ada,c++,go,brig,d,fortran,objc,obj-c++ --prefix=/usr --with-gcc-major-version-only --program-suffix=-7 --program-prefix=x86_64-linux-gnu- --enable-shared --enable-linker-build-id --libexecdir=/usr/lib --without-included-gettext --enable-threads=posix --libdir=/usr/lib --enable-nls --with-sysroot=/ --enable-clocale=gnu --enable-libstdcxx-debug --enable-libstdcxx-time=yes --with-default-libstdcxx-abi=new --enable-gnu-unique-object --disable-vtable-verify --enable-libmpx --enable-plugin --enable-default-pie --with-system-zlib --with-target-system-zlib --enable-objc-gc=auto --enable-multiarch --disable-werror --with-arch-32=i686 --with-abi=m64 --with-multilib-list=m32,m64,mx32 --enable-multilib --with-tune=generic --enable-offload-targets=nvptx-none --without-cuda-driver --enable-checking=release --build=x86_64-linux-gnu --host=x86_64-linux-gnu --target=x86_64-linux-gnu
Thread model: posix
gcc version 7.3.0 (Ubuntu 7.3.0-27ubuntu1~18.04) 
configure:2071: $? = 0
configure:2073: gcc -V </dev/null >&5
gcc: error: unrecognized command line option '-V'
gcc: fatal error: no input files
compilation terminated.
configure:2076: $? = 1
configure:2099: checking for C compiler default output file name
configure:2102: gcc    conftest.c  >&5
configure:2105: $? = 0
configure:2151: result: a.out
configure:2156: checking whether the C compiler works
configure:2162: ./a.out
configure:2165: $? = 0
configure:2182: result: yes
configure:2189: checking whether we are cross compiling
configure:2191: result: no
configure:2194: checking for suffix of executables
configure:2196: gcc -o conftest    conftest.c  >&5
configure:2199: $? = 0
configure:2224: result: 
configure:2230: checking for suffix of object files
configure:2251: gcc -c   conftest.c >&5
configure:2254: $? = 0
configure:2276: result: o
configure:2280: checking whether we are using the GNU C compiler
configure:2304: gcc -c   conftest.c >&5
configure:2310: $? = 0
configure:2314: test -z 
			 || test ! -s conftest.err
configure:2317: $? = 0
configure:2320: test -s conftest.o
configure:2323: $? = 0
configure:2336: result: yes
configure:2342: checking whether gcc accepts -g
configure:2363: gcc -c -g  conftest.c >&5
configure:2369: $? = 0
configure:2373: test -z 
			 || test ! -s conftest.err
configure:2376: $? = 0
configure:2379: test -s conftest.o
configure:2382: $? = 0
configure:2393: result: yes
configure:2410: checking for gcc option to accept ANSI C
configure:2480: gcc  -c -g -O2  conftest.c >&5
configure:2486: $? = 0
configure:2490: test -z 
			 || test ! -s conftest.err
configure:2493: $? = 0
configure:2496: test -s conftest.o
configure:2499: $? = 0
configure:2517: result: none needed
configure:2535: gcc -c -g -O2  conftest.c >&5
conftest.c:2:3: error: unknown type name 'choke'
   choke me
   ^~~~~
conftest.c:2:3: error: expected '=', ',', ';', 'asm' or '__attribute__' at end of input
configure:2541: $? = 1
configure: failed program was:
| #ifndef __cplusplus
|   choke me
| #endif
configure:2969: gcc -o conftest -O3 -pipe -DNDEBUG -pedantic-errors -Wimplicit -Wparentheses -Wsequence-point -Wreturn-type -Wcast-qual -Wall -Wno-unknown-pragmas -Wno-long-long     conftest.c  >&5
configure:2975: $? = 0
configure:2979: test -z 
			 || test ! -s conftest.err
configure:2982: $? = 0
configure:2985: test -s conftest
configure:2988: $? = 0
configure:3055: C compiler options are: -O3 -pipe -DNDEBUG -pedantic-errors -Wimplicit -Wparentheses -Wsequence-point -Wreturn-type -Wcast-qual -Wall -Wno-unknown-pragmas -Wno-long-long  
configure:3172: checking for g++
configure:3188: found /usr/bin/g++
configure:3198: result: g++
configure:3214: checking for C++ compiler version
configure:3217: g++ --version </dev/null >&5
g++ (Ubuntu 7.3.0-27ubuntu1~18.04) 7.3.0
Copyright (C) 2017 Free Software Foundation, Inc.
This is free software; see the source for copying conditions.  There is NO
warranty; not even for MERCHANTABILITY or FITNESS FOR A PARTICULAR PURPOSE.

configure:3220: $? = 0
configure:3222: g++ -v </dev/null >&5
Using built-in specs.
COLLECT_GCC=g++
COLLECT_LTO_WRAPPER=/usr/lib/gcc/x86_64-linux-gnu/7/lto-wrapper
OFFLOAD_TARGET_NAMES=nvptx-none
OFFLOAD_TARGET_DEFAULT=1
Target: x86_64-linux-gnu
Configured with: ../src/configure -v --with-pkgversion='Ubuntu 7.3.0-27ubuntu1~18.04' --with-bugurl=file:///usr/share/doc/gcc-7/README.Bugs --enable-languages=c,ada,c++,go,brig,d,fortran,objc,obj-c++ --prefix=/usr --with-gcc-major-version-only --program-suffix=-7 --program-prefix=x86_64-linux-gnu- --enable-shared --enable-linker-build-id --libexecdir=/usr/lib --without-included-gettext --enable-threads=posix --libdir=/usr/lib --enable-nls --with-sysroot=/ --enable-clocale=gnu --enable-libstdcxx-debug --enable-libstdcxx-time=yes --with-default-libstdcxx-abi=new --enable-gnu-unique-object --disable-vtable-verify --enable-libmpx --enable-plugin --enable-default-pie --with-system-zlib --with-target-system-zlib --enable-objc-gc=auto --enable-multiarch --disable-werror --with-arch-32=i686 --with-abi=m64 --with-multilib-list=m32,m64,mx32 --enable-multilib --with-tune=generic --enable-offload-targets=nvptx-none --without-cuda-driver --enable-checking=release --build=x86_64-linux-gnu --host=x86_64-linux-gnu --target=x86_64-linux-gnu
Thread model: posix
gcc version 7.3.0 (Ubuntu 7.3.0-27ubuntu1~18.04) 
configure:3225: $? = 0
configure:3227: g++ -V </dev/null >&5
g++: error: unrecognized command line option '-V'
g++: fatal error: no input files
compilation terminated.
configure:3230: $? = 1
configure:3233: checking whether we are using the GNU C++ compiler
configure:3257: g++ -c   conftest.cc >&5
configure:3263: $? = 0
configure:3267: test -z 
			 || test ! -s conftest.err
configure:3270: $? = 0
configure:3273: test -s conftest.o
configure:3276: $? = 0
configure:3289: result: yes
configure:3295: checking whether g++ accepts -g
configure:3316: g++ -c -g  conftest.cc >&5
configure:3322: $? = 0
configure:3326: test -z 
			 || test ! -s conftest.err
configure:3329: $? = 0
configure:3332: test -s conftest.o
configure:3335: $? = 0
configure:3346: result: yes
configure:3388: g++ -c -g -O2  conftest.cc >&5
configure:3394: $? = 0
configure:3398: test -z 
			 || test ! -s conftest.err
configure:3401: $? = 0
configure:3404: test -s conftest.o
configure:3407: $? = 0
configure:3433: g++ -c -g -O2  conftest.cc >&5
conftest.cc: In function 'int main()':
conftest.cc:13:1: error: 'exit' was not declared in this scope
 exit (42);
 ^~~~
configure:3439: $? = 1
configure: failed program was:
| /* confdefs.h.  */
| 
| #define PACKAGE_NAME "Cbc"
| #define PACKAGE_TARNAME "cbc"
| #define PACKAGE_VERSION "2.9.8"
| #define PACKAGE_STRING "Cbc 2.9.8"
| #define PACKAGE_BUGREPORT "cbc@lists.coin-or.org"
| /* end confdefs.h.  */
| 
| int
| main ()
| {
| exit (42);
|   ;
|   return 0;
| }
configure:3388: g++ -c -g -O2  conftest.cc >&5
configure:3394: $? = 0
configure:3398: test -z 
			 || test ! -s conftest.err
configure:3401: $? = 0
configure:3404: test -s conftest.o
configure:3407: $? = 0
configure:3433: g++ -c -g -O2  conftest.cc >&5
configure:3439: $? = 0
configure:3443: test -z 
			 || test ! -s conftest.err
configure:3446: $? = 0
configure:3449: test -s conftest.o
configure:3452: $? = 0
configure:3484: checking whether C++ compiler g++ works
configure:3502: g++ -c -g -O2  conftest.cc >&5
configure:3508: $? = 0
configure:3512: test -z 
			 || test ! -s conftest.err
configure:3515: $? = 0
configure:3518: test -s conftest.o
configure:3521: $? = 0
configure:3523: result: yes
configure:3851: g++ -o conftest -O3 -pipe -DNDEBUG -pedantic-errors -Wparentheses -Wreturn-type -Wcast-qual -Wall -Wpointer-arith -Wwrite-strings -Wconversion -Wno-unknown-pragmas -Wno-long-long     conftest.cc  >&5
configure:3857: $? = 0
configure:3861: test -z 
			 || test ! -s conftest.err
configure:3864: $? = 0
configure:3867: test -s conftest
configure:3870: $? = 0
configure:3937: C++ compiler options are: -O3 -pipe -DNDEBUG -pedantic-errors -Wparentheses -Wreturn-type -Wcast-qual -Wall -Wpointer-arith -Wwrite-strings -Wconversion -Wno-unknown-pragmas -Wno-long-long  
configure:4008: Trying to determine Fortran compiler name
configure:4057: checking for gfortran
configure:4086: result: no
configure:4057: checking for ifort
configure:4086: result: no
configure:4057: checking for g95
configure:4086: result: no
configure:4057: checking for fort77
configure:4086: result: no
configure:4057: checking for f77
configure:4086: result: no
configure:4057: checking for g77
configure:4086: result: no
configure:4057: checking for pgf90
configure:4086: result: no
configure:4057: checking for pgf77
configure:4086: result: no
configure:4057: checking for ifc
configure:4086: result: no
configure:4057: checking for frt
configure:4086: result: no
configure:4057: checking for af77
configure:4086: result: no
configure:4057: checking for xlf_r
configure:4086: result: no
configure:4335: WARNING: Failed to find a Fortran compiler!
configure:4622: Fortran compiler options are:  
configure:4745: checking for egrep
configure:4755: result: grep -E
configure:4760: checking whether ln -s works
configure:4764: result: yes
configure:4785: checking for a BSD-compatible install
configure:4840: result: /usr/bin/install -c
configure:4851: checking whether build environment is sane
configure:4894: result: yes
configure:4959: checking for gawk
configure:4988: result: no
configure:4959: checking for mawk
configure:4975: found /usr/bin/mawk
configure:4985: result: mawk
configure:4995: checking whether make sets $(MAKE)
configure:5015: result: yes
configure:5045: checking for style of include used by make
configure:5073: result: GNU
configure:5254: checking dependency style of gcc
configure:5344: result: gcc3
configure:5363: checking dependency style of g++
configure:5453: result: gcc3
configure:5471: checking whether to enable maintainer-specific portions of Makefiles
configure:5480: result: no
configure:5930: checking host system type
configure:5944: result: x86_64-unknown-linux-gnu
configure:5952: checking for a sed that does not truncate output
configure:6006: result: /bin/sed
configure:6020: checking for ld used by gcc
configure:6087: result: /usr/bin/ld
configure:6096: checking if the linker (/usr/bin/ld) is GNU ld
configure:6111: result: yes
configure:6116: checking for /usr/bin/ld option to reload object files
configure:6123: result: -r
configure:6141: checking for BSD-compatible nm
configure:6190: result: /usr/bin/nm -B
configure:6194: checking how to recognise dependent libraries
configure:6370: result: pass_all
configure:6457: gcc -c -O3 -pipe -DNDEBUG -pedantic-errors -Wimplicit -Wparentheses -Wsequence-point -Wreturn-type -Wcast-qual -Wall -Wno-unknown-pragmas -Wno-long-long    conftest.c >&5
configure:6460: $? = 0
configure:6606: checking how to run the C preprocessor
configure:6641: gcc -E  conftest.c
configure:6647: $? = 0
configure:6679: gcc -E  conftest.c
conftest.c:14:10: fatal error: ac_nonexistent.h: No such file or directory
 #include <ac_nonexistent.h>
          ^~~~~~~~~~~~~~~~~~
compilation terminated.
configure:6685: $? = 1
configure: failed program was:
| /* confdefs.h.  */
| 
| #define PACKAGE_NAME "Cbc"
| #define PACKAGE_TARNAME "cbc"
| #define PACKAGE_VERSION "2.9.8"
| #define PACKAGE_STRING "Cbc 2.9.8"
| #define PACKAGE_BUGREPORT "cbc@lists.coin-or.org"
| #ifdef __cplusplus
| extern "C" void std::exit (int) throw (); using std::exit;
| #endif
| #define PACKAGE "cbc"
| #define VERSION "2.9.8"
| /* end confdefs.h.  */
| #include <ac_nonexistent.h>
configure:6724: result: gcc -E
configure:6748: gcc -E  conftest.c
configure:6754: $? = 0
configure:6786: gcc -E  conftest.c
conftest.c:14:10: fatal error: ac_nonexistent.h: No such file or directory
 #include <ac_nonexistent.h>
          ^~~~~~~~~~~~~~~~~~
compilation terminated.
configure:6792: $? = 1
configure: failed program was:
| /* confdefs.h.  */
| 
| #define PACKAGE_NAME "Cbc"
| #define PACKAGE_TARNAME "cbc"
| #define PACKAGE_VERSION "2.9.8"
| #define PACKAGE_STRING "Cbc 2.9.8"
| #define PACKAGE_BUGREPORT "cbc@lists.coin-or.org"
| #ifdef __cplusplus
| extern "C" void std::exit (int) throw (); using std::exit;
| #endif
| #define PACKAGE "cbc"
| #define VERSION "2.9.8"
| /* end confdefs.h.  */
| #include <ac_nonexistent.h>
configure:6836: checking for ANSI C header files
configure:6861: gcc -c -O3 -pipe -DNDEBUG -pedantic-errors -Wimplicit -Wparentheses -Wsequence-point -Wreturn-type -Wcast-qual -Wall -Wno-unknown-pragmas -Wno-long-long    conftest.c >&5
configure:6867: $? = 0
configure:6871: test -z 
			 || test ! -s conftest.err
configure:6874: $? = 0
configure:6877: test -s conftest.o
configure:6880: $? = 0
configure:6969: gcc -o conftest -O3 -pipe -DNDEBUG -pedantic-errors -Wimplicit -Wparentheses -Wsequence-point -Wreturn-type -Wcast-qual -Wall -Wno-unknown-pragmas -Wno-long-long     conftest.c  >&5
conftest.c: In function 'main':
conftest.c:31:7: error: implicit declaration of function 'exit' [-Wimplicit-function-declaration]
       exit(2);
       ^~~~
conftest.c:31:7: warning: incompatible implicit declaration of built-in function 'exit'
conftest.c:31:7: note: include '<stdlib.h>' or provide a declaration of 'exit'
conftest.c:32:3: warning: incompatible implicit declaration of built-in function 'exit'
   exit (0);
   ^~~~
conftest.c:32:3: note: include '<stdlib.h>' or provide a declaration of 'exit'
configure:6972: $? = 1
configure: program exited with status 1
configure: failed program was:
| /* confdefs.h.  */
| 
| #define PACKAGE_NAME "Cbc"
| #define PACKAGE_TARNAME "cbc"
| #define PACKAGE_VERSION "2.9.8"
| #define PACKAGE_STRING "Cbc 2.9.8"
| #define PACKAGE_BUGREPORT "cbc@lists.coin-or.org"
| #ifdef __cplusplus
| extern "C" void std::exit (int) throw (); using std::exit;
| #endif
| #define PACKAGE "cbc"
| #define VERSION "2.9.8"
| /* end confdefs.h.  */
| #include <ctype.h>
| #if ((' ' & 0x0FF) == 0x020)
| # define ISLOWER(c) ('a' <= (c) && (c) <= 'z')
| # define TOUPPER(c) (ISLOWER(c) ? 'A' + ((c) - 'a') : (c))
| #else
| # define ISLOWER(c) 		   (('a' <= (c) && (c) <= 'i') 		     || ('j' <= (c) && (c) <= 'r') 		     || ('s' <= (c) && (c) <= 'z'))
| # define TOUPPER(c) (ISLOWER(c) ? ((c) | 0x40) : (c))
| #endif
| 
| #define XOR(e, f) (((e) && !(f)) || (!(e) && (f)))
| int
| main ()
| {
|   int i;
|   for (i = 0; i < 256; i++)
|     if (XOR (islower (i), ISLOWER (i))
| 	|| toupper (i) != TOUPPER (i))
|       exit(2);
|   exit (0);
| }
configure:6992: result: no
configure:7016: checking for sys/types.h
configure:7032: gcc -c -O3 -pipe -DNDEBUG -pedantic-errors -Wimplicit -Wparentheses -Wsequence-point -Wreturn-type -Wcast-qual -Wall -Wno-unknown-pragmas -Wno-long-long    conftest.c >&5
configure:7038: $? = 0
configure:7042: test -z 
			 || test ! -s conftest.err
configure:7045: $? = 0
configure:7048: test -s conftest.o
configure:7051: $? = 0
configure:7062: result: yes
configure:7016: checking for sys/stat.h
configure:7032: gcc -c -O3 -pipe -DNDEBUG -pedantic-errors -Wimplicit -Wparentheses -Wsequence-point -Wreturn-type -Wcast-qual -Wall -Wno-unknown-pragmas -Wno-long-long    conftest.c >&5
configure:7038: $? = 0
configure:7042: test -z 
			 || test ! -s conftest.err
configure:7045: $? = 0
configure:7048: test -s conftest.o
configure:7051: $? = 0
configure:7062: result: yes
configure:7016: checking for stdlib.h
configure:7032: gcc -c -O3 -pipe -DNDEBUG -pedantic-errors -Wimplicit -Wparentheses -Wsequence-point -Wreturn-type -Wcast-qual -Wall -Wno-unknown-pragmas -Wno-long-long    conftest.c >&5
configure:7038: $? = 0
configure:7042: test -z 
			 || test ! -s conftest.err
configure:7045: $? = 0
configure:7048: test -s conftest.o
configure:7051: $? = 0
configure:7062: result: yes
configure:7016: checking for string.h
configure:7032: gcc -c -O3 -pipe -DNDEBUG -pedantic-errors -Wimplicit -Wparentheses -Wsequence-point -Wreturn-type -Wcast-qual -Wall -Wno-unknown-pragmas -Wno-long-long    conftest.c >&5
configure:7038: $? = 0
configure:7042: test -z 
			 || test ! -s conftest.err
configure:7045: $? = 0
configure:7048: test -s conftest.o
configure:7051: $? = 0
configure:7062: result: yes
configure:7016: checking for memory.h
configure:7032: gcc -c -O3 -pipe -DNDEBUG -pedantic-errors -Wimplicit -Wparentheses -Wsequence-point -Wreturn-type -Wcast-qual -Wall -Wno-unknown-pragmas -Wno-long-long    conftest.c >&5
configure:7038: $? = 0
configure:7042: test -z 
			 || test ! -s conftest.err
configure:7045: $? = 0
configure:7048: test -s conftest.o
configure:7051: $? = 0
configure:7062: result: yes
configure:7016: checking for strings.h
configure:7032: gcc -c -O3 -pipe -DNDEBUG -pedantic-errors -Wimplicit -Wparentheses -Wsequence-point -Wreturn-type -Wcast-qual -Wall -Wno-unknown-pragmas -Wno-long-long    conftest.c >&5
configure:7038: $? = 0
configure:7042: test -z 
			 || test ! -s conftest.err
configure:7045: $? = 0
configure:7048: test -s conftest.o
configure:7051: $? = 0
configure:7062: result: yes
configure:7016: checking for inttypes.h
configure:7032: gcc -c -O3 -pipe -DNDEBUG -pedantic-errors -Wimplicit -Wparentheses -Wsequence-point -Wreturn-type -Wcast-qual -Wall -Wno-unknown-pragmas -Wno-long-long    conftest.c >&5
configure:7038: $? = 0
configure:7042: test -z 
			 || test ! -s conftest.err
configure:7045: $? = 0
configure:7048: test -s conftest.o
configure:7051: $? = 0
configure:7062: result: yes
configure:7016: checking for stdint.h
configure:7032: gcc -c -O3 -pipe -DNDEBUG -pedantic-errors -Wimplicit -Wparentheses -Wsequence-point -Wreturn-type -Wcast-qual -Wall -Wno-unknown-pragmas -Wno-long-long    conftest.c >&5
configure:7038: $? = 0
configure:7042: test -z 
			 || test ! -s conftest.err
configure:7045: $? = 0
configure:7048: test -s conftest.o
configure:7051: $? = 0
configure:7062: result: yes
configure:7016: checking for unistd.h
configure:7032: gcc -c -O3 -pipe -DNDEBUG -pedantic-errors -Wimplicit -Wparentheses -Wsequence-point -Wreturn-type -Wcast-qual -Wall -Wno-unknown-pragmas -Wno-long-long    conftest.c >&5
configure:7038: $? = 0
configure:7042: test -z 
			 || test ! -s conftest.err
configure:7045: $? = 0
configure:7048: test -s conftest.o
configure:7051: $? = 0
configure:7062: result: yes
configure:7088: checking dlfcn.h usability
configure:7100: gcc -c -O3 -pipe -DNDEBUG -pedantic-errors -Wimplicit -Wparentheses -Wsequence-point -Wreturn-type -Wcast-qual -Wall -Wno-unknown-pragmas -Wno-long-long    conftest.c >&5
configure:7106: $? = 0
configure:7110: test -z 
			 || test ! -s conftest.err
configure:7113: $? = 0
configure:7116: test -s conftest.o
configure:7119: $? = 0
configure:7129: result: yes
configure:7133: checking dlfcn.h presence
configure:7143: gcc -E  conftest.c
configure:7149: $? = 0
configure:7169: result: yes
configure:7204: checking for dlfcn.h
configure:7211: result: yes
configure:7234: checking how to run the C++ preprocessor
configure:7265: g++ -E  conftest.cc
configure:7271: $? = 0
configure:7303: g++ -E  conftest.cc
conftest.cc:24:10: fatal error: ac_nonexistent.h: No such file or directory
 #include <ac_nonexistent.h>
          ^~~~~~~~~~~~~~~~~~
compilation terminated.
configure:7309: $? = 1
configure: failed program was:
| /* confdefs.h.  */
| 
| #define PACKAGE_NAME "Cbc"
| #define PACKAGE_TARNAME "cbc"
| #define PACKAGE_VERSION "2.9.8"
| #define PACKAGE_STRING "Cbc 2.9.8"
| #define PACKAGE_BUGREPORT "cbc@lists.coin-or.org"
| #ifdef __cplusplus
| extern "C" void std::exit (int) throw (); using std::exit;
| #endif
| #define PACKAGE "cbc"
| #define VERSION "2.9.8"
| #define HAVE_SYS_TYPES_H 1
| #define HAVE_SYS_STAT_H 1
| #define HAVE_STDLIB_H 1
| #define HAVE_STRING_H 1
| #define HAVE_MEMORY_H 1
| #define HAVE_STRINGS_H 1
| #define HAVE_INTTYPES_H 1
| #define HAVE_STDINT_H 1
| #define HAVE_UNISTD_H 1
| #define HAVE_DLFCN_H 1
| /* end confdefs.h.  */
| #include <ac_nonexistent.h>
configure:7348: result: g++ -E
configure:7372: g++ -E  conftest.cc
configure:7378: $? = 0
configure:7410: g++ -E  conftest.cc
conftest.cc:24:10: fatal error: ac_nonexistent.h: No such file or directory
 #include <ac_nonexistent.h>
          ^~~~~~~~~~~~~~~~~~
compilation terminated.
configure:7416: $? = 1
configure: failed program was:
| /* confdefs.h.  */
| 
| #define PACKAGE_NAME "Cbc"
| #define PACKAGE_TARNAME "cbc"
| #define PACKAGE_VERSION "2.9.8"
| #define PACKAGE_STRING "Cbc 2.9.8"
| #define PACKAGE_BUGREPORT "cbc@lists.coin-or.org"
| #ifdef __cplusplus
| extern "C" void std::exit (int) throw (); using std::exit;
| #endif
| #define PACKAGE "cbc"
| #define VERSION "2.9.8"
| #define HAVE_SYS_TYPES_H 1
| #define HAVE_SYS_STAT_H 1
| #define HAVE_STDLIB_H 1
| #define HAVE_STRING_H 1
| #define HAVE_MEMORY_H 1
| #define HAVE_STRINGS_H 1
| #define HAVE_INTTYPES_H 1
| #define HAVE_STDINT_H 1
| #define HAVE_UNISTD_H 1
| #define HAVE_DLFCN_H 1
| /* end confdefs.h.  */
| #include <ac_nonexistent.h>
configure:7465: checking the maximum length of command line arguments
configure:7574: result: 32768
configure:7585: checking command to parse /usr/bin/nm -B output from gcc object
configure:7690: g++ -c -O3 -pipe -DNDEBUG -pedantic-errors -Wparentheses -Wreturn-type -Wcast-qual -Wall -Wpointer-arith -Wwrite-strings -Wconversion -Wno-unknown-pragmas -Wno-long-long    conftest.cc >&5
configure:7693: $? = 0
configure:7697: /usr/bin/nm -B conftest.o \| sed -n -e 's/^.*[ 	]\([ABCDGIRSTW][ABCDGIRSTW]*\)[ 	][ 	]*\([_A-Za-z][_A-Za-z0-9]*\)$/\1 \2 \2/p' \> conftest.nm
configure:7700: $? = 0
configure:7752: g++ -o conftest -O3 -pipe -DNDEBUG -pedantic-errors -Wparentheses -Wreturn-type -Wcast-qual -Wall -Wpointer-arith -Wwrite-strings -Wconversion -Wno-unknown-pragmas -Wno-long-long     conftest.cc conftstm.o >&5
configure:7755: $? = 0
configure:7793: result: ok
configure:7797: checking for objdir
configure:7812: result: .libs
configure:7902: checking for ar
configure:7918: found /usr/bin/ar
configure:7929: result: ar
configure:7982: checking for ranlib
configure:7998: found /usr/bin/ranlib
configure:8009: result: ranlib
configure:8062: checking for strip
configure:8078: found /usr/bin/strip
configure:8089: result: strip
configure:8365: checking if gcc supports -fno-rtti -fno-exceptions
configure:8383: gcc -c -O3 -pipe -DNDEBUG -pedantic-errors -Wimplicit -Wparentheses -Wsequence-point -Wreturn-type -Wcast-qual -Wall -Wno-unknown-pragmas -Wno-long-long    -fno-rtti -fno-exceptions conftest.c >&5
cc1: warning: command line option '-fno-rtti' is valid for C++/ObjC++ but not for C
configure:8387: $? = 0
configure:8400: result: no
configure:8415: checking for gcc option to produce PIC
configure:8625: result: -fPIC
configure:8633: checking if gcc PIC flag -fPIC works
configure:8651: gcc -c -O3 -pipe -DNDEBUG -pedantic-errors -Wimplicit -Wparentheses -Wsequence-point -Wreturn-type -Wcast-qual -Wall -Wno-unknown-pragmas -Wno-long-long    -fPIC -DPIC conftest.c >&5
configure:8655: $? = 0
configure:8668: result: yes
configure:8696: checking if gcc static flag -static works
configure:8724: result: yes
configure:8734: checking if gcc supports -c -o file.o
configure:8755: gcc -c -O3 -pipe -DNDEBUG -pedantic-errors -Wimplicit -Wparentheses -Wsequence-point -Wreturn-type -Wcast-qual -Wall -Wno-unknown-pragmas -Wno-long-long    -o out/conftest2.o conftest.c >&5
configure:8759: $? = 0
configure:8781: result: yes
configure:8807: checking whether the gcc linker (/usr/bin/ld -m elf_x86_64) supports shared libraries
configure:9765: result: yes
configure:9786: checking whether -lc should be explicitly linked in
configure:9791: gcc -c -O3 -pipe -DNDEBUG -pedantic-errors -Wimplicit -Wparentheses -Wsequence-point -Wreturn-type -Wcast-qual -Wall -Wno-unknown-pragmas -Wno-long-long    conftest.c >&5
configure:9794: $? = 0
configure:9809: gcc -shared conftest.o  -v -Wl,-soname -Wl,conftest -o conftest 2\>\&1 \| grep  -lc  \>/dev/null 2\>\&1
configure:9812: $? = 0
configure:9824: result: no
configure:9832: checking dynamic linker characteristics
configure:10420: result: GNU/Linux ld.so
configure:10429: checking how to hardcode library paths into programs
configure:10454: result: immediate
configure:10468: checking whether stripping libraries is possible
configure:10473: result: yes
configure:11307: checking if libtool supports shared libraries
configure:11309: result: yes
configure:11312: checking whether to build shared libraries
configure:11333: result: yes
configure:11336: checking whether to build static libraries
configure:11340: result: no
configure:11432: creating libtool
configure:12020: checking for ld used by g++
configure:12087: result: /usr/bin/ld -m elf_x86_64
configure:12096: checking if the linker (/usr/bin/ld -m elf_x86_64) is GNU ld
configure:12111: result: yes
configure:12162: checking whether the g++ linker (/usr/bin/ld -m elf_x86_64) supports shared libraries
configure:13100: result: yes
configure:13122: g++ -c -O3 -pipe -DNDEBUG -pedantic-errors -Wparentheses -Wreturn-type -Wcast-qual -Wall -Wpointer-arith -Wwrite-strings -Wconversion -Wno-unknown-pragmas -Wno-long-long    conftest.cpp >&5
configure:13125: $? = 0
configure:13244: checking for g++ option to produce PIC
configure:13518: result: -fPIC
configure:13526: checking if g++ PIC flag -fPIC works
configure:13544: g++ -c -O3 -pipe -DNDEBUG -pedantic-errors -Wparentheses -Wreturn-type -Wcast-qual -Wall -Wpointer-arith -Wwrite-strings -Wconversion -Wno-unknown-pragmas -Wno-long-long    -fPIC -DPIC conftest.cpp >&5
configure:13548: $? = 0
configure:13561: result: yes
configure:13589: checking if g++ static flag -static works
configure:13617: result: yes
configure:13627: checking if g++ supports -c -o file.o
configure:13648: g++ -c -O3 -pipe -DNDEBUG -pedantic-errors -Wparentheses -Wreturn-type -Wcast-qual -Wall -Wpointer-arith -Wwrite-strings -Wconversion -Wno-unknown-pragmas -Wno-long-long    -o out/conftest2.o conftest.cpp >&5
configure:13652: $? = 0
configure:13674: result: yes
configure:13700: checking whether the g++ linker (/usr/bin/ld -m elf_x86_64) supports shared libraries
configure:13725: result: yes
configure:13792: checking dynamic linker characteristics
configure:14380: result: GNU/Linux ld.so
configure:14389: checking how to hardcode library paths into programs
configure:14414: result: immediate
configure:14940: checking if libtool supports shared libraries
configure:14942: result: yes
configure:14945: checking whether to build shared libraries
configure:14965: result: yes
configure:14968: checking whether to build static libraries
configure:14972: result: no
configure:14982: checking for unavailable option to produce PIC
configure:15192: result: -fPIC
configure:15200: checking if unavailable PIC flag -fPIC works
configure:15218: unavailable -c   -fPIC conftest.f >&5
./configure: line 15219: unavailable: command not found
configure:15222: $? = 127
configure:15235: result: no
configure:15263: checking if unavailable static flag -static works
configure:15291: result: no
configure:15301: checking if unavailable supports -c -o file.o
configure:15322: unavailable -c   -o out/conftest2.o conftest.f >&5
./configure: line 15323: unavailable: command not found
configure:15326: $? = 127
configure:15348: result: no
configure:15374: checking whether the unavailable linker (/usr/bin/ld -m elf_x86_64) supports shared libraries
configure:16312: result: yes
configure:16379: checking dynamic linker characteristics
configure:16967: result: GNU/Linux ld.so
configure:16976: checking how to hardcode library paths into programs
configure:17001: result: immediate
configure:20587: Build is "x86_64-unknown-linux-gnu".
configure:20840: checking if library version is set
configure:20847: result: no
configure:20863: checking whether source of project ASL is available and should be compiled
configure:20972: result: no, source file ./ThirdParty/ASL/solvers/asl.h not available
configure:20987: checking whether source of project Blas is available and should be compiled
configure:21112: result: no, source file ./ThirdParty/Blas/daxpy.f not available
configure:21127: checking whether source of project Lapack is available and should be compiled
configure:21252: result: no, source file ./ThirdParty/Lapack/LAPACK/SRC/dlarf.f not available
configure:21267: checking whether source of project Glpk is available and should be compiled
configure:21376: result: no, source file ./ThirdParty/Glpk/glpk/src/glpk.h not available
configure:21391: checking whether source of project Metis is available and should be compiled
configure:21500: result: no, source file ./ThirdParty/Metis/metis-4.0/Lib/balance.c not available
configure:21515: checking whether source of project Mumps is available and should be compiled
configure:21624: result: no, source file ./ThirdParty/Mumps/MUMPS/src/dmumps_part1.F not available
configure:21639: checking whether source of project Sample is available and should be compiled
configure:21740: result: yes, source in Data/Sample
configure:21755: checking whether source of project Netlib is available and should be compiled
configure:21853: result: no
configure:21871: checking whether source of project miplib3 is available and should be compiled
configure:21972: result: yes, source in Data/miplib3
configure:21987: checking whether source of project CoinUtils is available and should be compiled
configure:22084: result: yes, source in CoinUtils
configure:22099: checking whether source of project Osi is available and should be compiled
configure:22196: result: yes, source in Osi
configure:22211: checking whether source of project Clp is available and should be compiled
configure:22308: result: yes, source in Clp
configure:22323: checking whether source of project DyLP is available and should be compiled
configure:22417: result: no
configure:22435: checking whether source of project Vol is available and should be compiled
configure:22529: result: no
configure:22547: checking whether source of project Cgl is available and should be compiled
configure:22644: result: yes, source in Cgl
configure:22659: checking whether source of project Cbc is available and should be compiled
configure:22756: result: yes, source in Cbc
configure:22777: configuring doxygen documentation options
configure:22784: checking for doxygen
configure:22811: result: no
configure:22820: checking for latex
configure:22847: result: no
configure:22875: checking for dot
configure:22902: result: NO
configure:22953: checking for doxygen doc'n for CoinUtils 
configure:22985: result: NONE/share/coin/doc/CoinUtils/doxydoc (tag)
configure:22953: checking for doxygen doc'n for Osi 
configure:22985: result: NONE/share/coin/doc/Osi/doxydoc (tag)
configure:22953: checking for doxygen doc'n for Clp 
configure:22985: result: NONE/share/coin/doc/Clp/doxydoc (tag)
configure:22953: checking for doxygen doc'n for DyLP 
configure:22985: result: NONE/share/coin/doc/DyLP/doxydoc (tag)
configure:22953: checking for doxygen doc'n for Cgl 
configure:22985: result: NONE/share/coin/doc/Cgl/doxydoc (tag)
configure:22953: checking for doxygen doc'n for Vol 
configure:22985: result: NONE/share/coin/doc/Vol/doxydoc (tag)
configure:23010: checking which command should be used to link input files
configure:23018: result: ln -s
configure:23264: creating ./config.status

## ---------------------- ##
## Running config.status. ##
## ---------------------- ##

This file was extended by Cbc config.status 2.9.8, which was
generated by GNU Autoconf 2.59.  Invocation command line was

  CONFIG_FILES    = 
  CONFIG_HEADERS  = 
  CONFIG_LINKS    = 
  CONFIG_COMMANDS = 
  $ ./config.status 

on siili

config.status:763: creating Makefile
config.status:763: creating doxydoc/doxygen.conf
config.status:946: executing depfiles commands
configure:24425: configuring in Data/Sample
configure:24542: running /bin/bash './configure' --prefix=/home/mf/Cbc-2.9.8  --cache-file=/dev/null --srcdir=.
configure:24425: configuring in Data/miplib3
configure:24542: running /bin/bash './configure' --prefix=/home/mf/Cbc-2.9.8  --cache-file=/dev/null --srcdir=.
configure:24425: configuring in CoinUtils
configure:24542: running /bin/bash './configure' --prefix=/home/mf/Cbc-2.9.8  --cache-file=/dev/null --srcdir=.
configure:24425: configuring in Osi
configure:24542: running /bin/bash './configure' --prefix=/home/mf/Cbc-2.9.8  --cache-file=/dev/null --srcdir=.
configure:24425: configuring in Clp
configure:24542: running /bin/bash './configure' --prefix=/home/mf/Cbc-2.9.8  --cache-file=/dev/null --srcdir=.
configure:24425: configuring in Cgl
configure:24542: running /bin/bash './configure' --prefix=/home/mf/Cbc-2.9.8  --cache-file=/dev/null --srcdir=.
configure:24425: configuring in Cbc
configure:24542: running /bin/bash './configure' --prefix=/home/mf/Cbc-2.9.8  --cache-file=/dev/null --srcdir=.
configure:24611: In case of trouble, first consult the troubleshooting page at https://projects.coin-or.org/BuildTools/wiki/user-troubleshooting
configure:24617: Main configuration of Cbc successful

## ---------------- ##
## Cache variables. ##
## ---------------- ##

ac_cv_build=x86_64-unknown-linux-gnu
ac_cv_build_alias=x86_64-unknown-linux-gnu
ac_cv_c_compiler_gnu=yes
ac_cv_cxx_compiler_gnu=yes
ac_cv_env_ADD_CFLAGS_set=
ac_cv_env_ADD_CFLAGS_value=
ac_cv_env_ADD_CXXFLAGS_set=
ac_cv_env_ADD_CXXFLAGS_value=
ac_cv_env_ADD_FFLAGS_set=
ac_cv_env_ADD_FFLAGS_value=
ac_cv_env_CC_set=
ac_cv_env_CC_value=
ac_cv_env_CDEFS_set=
ac_cv_env_CDEFS_value=
ac_cv_env_CFLAGS_set=
ac_cv_env_CFLAGS_value=
ac_cv_env_COIN_SKIP_PROJECTS_set=
ac_cv_env_COIN_SKIP_PROJECTS_value=
ac_cv_env_CPPFLAGS_set=
ac_cv_env_CPPFLAGS_value=
ac_cv_env_CPP_set=
ac_cv_env_CPP_value=
ac_cv_env_CXXCPP_set=
ac_cv_env_CXXCPP_value=
ac_cv_env_CXXDEFS_set=
ac_cv_env_CXXDEFS_value=
ac_cv_env_CXXFLAGS_set=
ac_cv_env_CXXFLAGS_value=
ac_cv_env_CXX_set=
ac_cv_env_CXX_value=
ac_cv_env_DBG_CFLAGS_set=
ac_cv_env_DBG_CFLAGS_value=
ac_cv_env_DBG_CXXFLAGS_set=
ac_cv_env_DBG_CXXFLAGS_value=
ac_cv_env_DBG_FFLAGS_set=
ac_cv_env_DBG_FFLAGS_value=
ac_cv_env_F77_set=
ac_cv_env_F77_value=
ac_cv_env_FFLAGS_set=
ac_cv_env_FFLAGS_value=
ac_cv_env_LDFLAGS_set=
ac_cv_env_LDFLAGS_value=
ac_cv_env_MPICC_set=
ac_cv_env_MPICC_value=
ac_cv_env_MPICXX_set=
ac_cv_env_MPICXX_value=
ac_cv_env_MPIF77_set=
ac_cv_env_MPIF77_value=
ac_cv_env_OPT_CFLAGS_set=
ac_cv_env_OPT_CFLAGS_value=
ac_cv_env_OPT_CXXFLAGS_set=
ac_cv_env_OPT_CXXFLAGS_value=
ac_cv_env_OPT_FFLAGS_set=
ac_cv_env_OPT_FFLAGS_value=
ac_cv_env_build_alias_set=
ac_cv_env_build_alias_value=
ac_cv_env_host_alias_set=
ac_cv_env_host_alias_value=
ac_cv_env_target_alias_set=
ac_cv_env_target_alias_value=
ac_cv_exeext=
ac_cv_header_dlfcn_h=yes
ac_cv_header_inttypes_h=yes
ac_cv_header_memory_h=yes
ac_cv_header_stdc=no
ac_cv_header_stdint_h=yes
ac_cv_header_stdlib_h=yes
ac_cv_header_string_h=yes
ac_cv_header_strings_h=yes
ac_cv_header_sys_stat_h=yes
ac_cv_header_sys_types_h=yes
ac_cv_header_unistd_h=yes
ac_cv_host=x86_64-unknown-linux-gnu
ac_cv_host_alias=x86_64-unknown-linux-gnu
ac_cv_objext=o
ac_cv_path_install='/usr/bin/install -c'
ac_cv_prog_AWK=mawk
ac_cv_prog_CPP='gcc -E'
ac_cv_prog_CXXCPP='g++ -E'
ac_cv_prog_ac_ct_AR=ar
ac_cv_prog_ac_ct_CC=gcc
ac_cv_prog_ac_ct_CXX=g++
ac_cv_prog_ac_ct_RANLIB=ranlib
ac_cv_prog_ac_ct_STRIP=strip
ac_cv_prog_cc_g=yes
ac_cv_prog_cc_stdc=
ac_cv_prog_coin_doxy_usedot=NO
ac_cv_prog_coin_have_doxygen=no
ac_cv_prog_coin_have_latex=no
ac_cv_prog_cxx_g=yes
ac_cv_prog_egrep='grep -E'
ac_cv_prog_make_make_set=yes
am_cv_CC_dependencies_compiler_type=gcc3
am_cv_CXX_dependencies_compiler_type=gcc3
lt_cv_deplibs_check_method=pass_all
lt_cv_file_magic_cmd='$MAGIC_CMD'
lt_cv_file_magic_test_file=
lt_cv_ld_reload_flag=-r
lt_cv_objdir=.libs
lt_cv_path_LD=/usr/bin/ld
lt_cv_path_LDCXX='/usr/bin/ld -m elf_x86_64'
lt_cv_path_NM='/usr/bin/nm -B'
lt_cv_path_SED=/bin/sed
lt_cv_prog_compiler_c_o=yes
lt_cv_prog_compiler_c_o_CXX=yes
lt_cv_prog_compiler_c_o_F77=no
lt_cv_prog_compiler_rtti_exceptions=no
lt_cv_prog_gnu_ld=yes
lt_cv_prog_gnu_ldcxx=yes
lt_cv_sys_global_symbol_pipe='sed -n -e '\''s/^.*[ 	]\([ABCDGIRSTW][ABCDGIRSTW]*\)[ 	][ 	]*\([_A-Za-z][_A-Za-z0-9]*\)$/\1 \2 \2/p'\'''
lt_cv_sys_global_symbol_to_c_name_address='sed -n -e '\''s/^: \([^ ]*\) $/  {\"\1\", (lt_ptr) 0},/p'\'' -e '\''s/^[BCDEGRST] \([^ ]*\) \([^ ]*\)$/  {"\2", (lt_ptr) \&\2},/p'\'''
lt_cv_sys_global_symbol_to_cdecl='sed -n -e '\''s/^. .* \(.*\)$/extern int \1;/p'\'''
lt_cv_sys_max_cmd_len=32768
lt_lt_cv_prog_compiler_c_o='"yes"'
lt_lt_cv_prog_compiler_c_o_CXX='"yes"'
lt_lt_cv_prog_compiler_c_o_F77='"no"'
lt_lt_cv_sys_global_symbol_pipe='"sed -n -e '\''s/^.*[ 	]\\([ABCDGIRSTW][ABCDGIRSTW]*\\)[ 	][ 	]*\\([_A-Za-z][_A-Za-z0-9]*\\)\$/\\1 \\2 \\2/p'\''"'
lt_lt_cv_sys_global_symbol_to_c_name_address='"sed -n -e '\''s/^: \\([^ ]*\\) \$/  {\\\"\\1\\\", (lt_ptr) 0},/p'\'' -e '\''s/^[BCDEGRST] \\([^ ]*\\) \\([^ ]*\\)\$/  {\"\\2\", (lt_ptr) \\&\\2},/p'\''"'
lt_lt_cv_sys_global_symbol_to_cdecl='"sed -n -e '\''s/^. .* \\(.*\\)\$/extern int \\1;/p'\''"'

## ----------------- ##
## Output variables. ##
## ----------------- ##

ABSBUILDDIR=''
ACLOCAL='${SHELL} /home/mf/Cbc-2.9.8/missing --run aclocal-1.9'
ADD_CFLAGS=''
ADD_CXXFLAGS=''
ADD_FFLAGS=''
AMDEPBACKSLASH='\'
AMDEP_FALSE='#'
AMDEP_TRUE=''
AMTAR='${SHELL} /home/mf/Cbc-2.9.8/missing --run tar'
AR='ar'
AUTOCONF='${SHELL} /home/mf/Cbc-2.9.8/missing --run autoconf'
AUTOHEADER='${SHELL} /home/mf/Cbc-2.9.8/missing --run autoheader'
AUTOMAKE='${SHELL} /home/mf/Cbc-2.9.8/missing --run automake-1.9'
AUX_DIR=''
AWK='mawk'
BUILDTOOLSDIR=''
CC='gcc'
CCDEPMODE='depmode=gcc3'
CDEFS=''
CFLAGS='-O3 -pipe -DNDEBUG -pedantic-errors -Wimplicit -Wparentheses -Wsequence-point -Wreturn-type -Wcast-qual -Wall -Wno-unknown-pragmas -Wno-long-long  '
COIN_CC_IS_CL_FALSE=''
COIN_CC_IS_CL_TRUE='#'
COIN_CXX_IS_CL_FALSE=''
COIN_CXX_IS_CL_TRUE='#'
COIN_HAS_DOXYGEN_FALSE=''
COIN_HAS_DOXYGEN_TRUE='#'
COIN_HAS_LATEX_FALSE=''
COIN_HAS_LATEX_TRUE='#'
COIN_SKIP_PROJECTS=''
CPP='gcc -E'
CPPFLAGS=''
CXX='g++'
CXXCPP='g++ -E'
CXXDEFS=''
CXXDEPMODE='depmode=gcc3'
CXXFLAGS='-O3 -pipe -DNDEBUG -pedantic-errors -Wparentheses -Wreturn-type -Wcast-qual -Wall -Wpointer-arith -Wwrite-strings -Wconversion -Wno-unknown-pragmas -Wno-long-long  '
CYGPATH_W='echo'
DBG_CFLAGS='-g -O0 -pipe -pedantic-errors -Wimplicit -Wparentheses -Wsequence-point -Wreturn-type -Wcast-qual -Wall -Wno-unknown-pragmas -Wno-long-long  '
DBG_CXXFLAGS='-g -O0 -pipe -pedantic-errors -Wparentheses -Wreturn-type -Wcast-qual -Wall -Wpointer-arith -Wwrite-strings -Wconversion -Wno-unknown-pragmas -Wno-long-long  '
DBG_FFLAGS=' '
DEFS='-DPACKAGE_NAME=\"Cbc\" -DPACKAGE_TARNAME=\"cbc\" -DPACKAGE_VERSION=\"2.9.8\" -DPACKAGE_STRING=\"Cbc\ 2.9.8\" -DPACKAGE_BUGREPORT=\"cbc@lists.coin-or.org\" -DPACKAGE=\"cbc\" -DVERSION=\"2.9.8\" -DHAVE_SYS_TYPES_H=1 -DHAVE_SYS_STAT_H=1 -DHAVE_STDLIB_H=1 -DHAVE_STRING_H=1 -DHAVE_MEMORY_H=1 -DHAVE_STRINGS_H=1 -DHAVE_INTTYPES_H=1 -DHAVE_STDINT_H=1 -DHAVE_UNISTD_H=1 -DHAVE_DLFCN_H=1 '
DEPDIR='.deps'
DEPENDENCY_LINKING_FALSE='#'
DEPENDENCY_LINKING_TRUE=''
ECHO='echo'
ECHO_C=''
ECHO_N='-n'
ECHO_T=''
EGREP='grep -E'
EXEEXT=''
F77='unavailable'
FFLAGS=' '
HAVE_EXTERNALS_FALSE=''
HAVE_EXTERNALS_TRUE='#'
INSTALL_DATA='${INSTALL} -m 644'
INSTALL_PROGRAM='${INSTALL}'
INSTALL_SCRIPT='${INSTALL}'
INSTALL_STRIP_PROGRAM='${SHELL} $(install_sh) -c -s'
LDFLAGS=''
LIBEXT='a'
LIBOBJS=''
LIBS=''
LIBTOOL='$(SHELL) $(top_builddir)/libtool'
LIBTOOLM4=''
LN_S='ln -s'
LTLIBOBJS=''
LT_LDFLAGS='-no-undefined'
MAINT='#'
MAINTAINER_MODE_FALSE=''
MAINTAINER_MODE_TRUE='#'
MAKEINFO='${SHELL} /home/mf/Cbc-2.9.8/missing --run makeinfo'
MPICC=''
MPICXX=''
MPIF77=''
OBJEXT='o'
OPT_CFLAGS='-O3 -pipe -DNDEBUG -pedantic-errors -Wimplicit -Wparentheses -Wsequence-point -Wreturn-type -Wcast-qual -Wall -Wno-unknown-pragmas -Wno-long-long  '
OPT_CXXFLAGS='-O3 -pipe -DNDEBUG -pedantic-errors -Wparentheses -Wreturn-type -Wcast-qual -Wall -Wpointer-arith -Wwrite-strings -Wconversion -Wno-unknown-pragmas -Wno-long-long  '
OPT_FFLAGS=' '
PACKAGE='cbc'
PACKAGE_BUGREPORT='cbc@lists.coin-or.org'
PACKAGE_NAME='Cbc'
PACKAGE_STRING='Cbc 2.9.8'
PACKAGE_TARNAME='cbc'
PACKAGE_VERSION='2.9.8'
PATH_SEPARATOR=':'
RANLIB='ranlib'
RPATH_FLAGS=' -Wl,--rpath -Wl,/home/mf/Cbc-2.9.8/lib'
SET_MAKE=''
SHELL='/bin/bash'
STRIP='strip'
VERSION='2.9.8'
VPATH_DISTCLEANFILES=''
abs_bin_dir='/home/mf/Cbc-2.9.8/bin'
abs_include_dir='/home/mf/Cbc-2.9.8/include'
abs_lib_dir='/home/mf/Cbc-2.9.8/lib'
abs_source_dir='/home/mf/Cbc-2.9.8'
ac_c_preproc_warn_flag=''
ac_ct_AR='ar'
ac_ct_CC='gcc'
ac_ct_CXX='g++'
ac_ct_F77='unavailable'
ac_ct_RANLIB='ranlib'
ac_ct_STRIP='strip'
ac_cxx_preproc_warn_flag=''
am__fastdepCC_FALSE='#'
am__fastdepCC_TRUE=''
am__fastdepCXX_FALSE='#'
am__fastdepCXX_TRUE=''
am__include='include'
am__leading_dot='.'
am__quote=''
am__tar='${AMTAR} chof - "$$tardir"'
am__untar='${AMTAR} xf -'
bindir='${exec_prefix}/bin'
build='x86_64-unknown-linux-gnu'
build_alias=''
build_cpu='x86_64'
build_os='linux-gnu'
build_vendor='unknown'
coin_doxy_excludes=''
coin_doxy_logname='doxydoc/cbc_doxy.log'
coin_doxy_tagfiles=' NONE/share/coin/doc/CoinUtils/doxydoc/coinutils_doxy.tag=NONE/share/coin/doc/CoinUtils/doxydoc/html NONE/share/coin/doc/Osi/doxydoc/osi_doxy.tag=NONE/share/coin/doc/Osi/doxydoc/html NONE/share/coin/doc/Clp/doxydoc/clp_doxy.tag=NONE/share/coin/doc/Clp/doxydoc/html NONE/share/coin/doc/DyLP/doxydoc/dylp_doxy.tag=NONE/share/coin/doc/DyLP/doxydoc/html NONE/share/coin/doc/Cgl/doxydoc/cgl_doxy.tag=NONE/share/coin/doc/Cgl/doxydoc/html NONE/share/coin/doc/Vol/doxydoc/vol_doxy.tag=NONE/share/coin/doc/Vol/doxydoc/html'
coin_doxy_tagname='doxydoc/cbc_doxy.tag'
coin_doxy_usedot='NO'
coin_have_doxygen='no'
coin_have_latex='no'
datadir='${prefix}/share'
exec_prefix='${prefix}'
have_autoconf=''
have_automake=''
have_svn=''
host='x86_64-unknown-linux-gnu'
host_alias=''
host_cpu='x86_64'
host_os='linux-gnu'
host_vendor='unknown'
includedir='${prefix}/include'
infodir='${prefix}/info'
install_sh='/home/mf/Cbc-2.9.8/install-sh'
libdir='${exec_prefix}/lib'
libexecdir='${exec_prefix}/libexec'
localstatedir='${prefix}/var'
mandir='${prefix}/man'
mkdir_p='mkdir -p --'
oldincludedir='/usr/include'
prefix='/home/mf/Cbc-2.9.8'
program_transform_name='s,x,x,'
sbindir='${exec_prefix}/sbin'
sharedstatedir='${prefix}/com'
sol_cc_compiler=''
subdirs=' Data/Sample Data/miplib3 CoinUtils Osi Clp Cgl Cbc'
sysconfdir='${prefix}/etc'
target_alias=''

## ----------- ##
## confdefs.h. ##
## ----------- ##

#define HAVE_DLFCN_H 1
#define HAVE_INTTYPES_H 1
#define HAVE_MEMORY_H 1
#define HAVE_STDINT_H 1
#define HAVE_STDLIB_H 1
#define HAVE_STRINGS_H 1
#define HAVE_STRING_H 1
#define HAVE_SYS_STAT_H 1
#define HAVE_SYS_TYPES_H 1
#define HAVE_UNISTD_H 1
#define PACKAGE "cbc"
#define PACKAGE_BUGREPORT "cbc@lists.coin-or.org"
#define PACKAGE_NAME "Cbc"
#define PACKAGE_STRING "Cbc 2.9.8"
#define PACKAGE_TARNAME "cbc"
#define PACKAGE_VERSION "2.9.8"
#define VERSION "2.9.8"
#endif
#ifdef __cplusplus
extern "C" void std::exit (int) throw (); using std::exit;

configure: exit 0
